[0.008s] Invoking command in '/home/malacoda/ros2_ws/src/build/more_interfaces': CMAKE_PREFIX_PATH=/home/malacoda/ros2_ws/src/install/my_package:/opt/ros/foxy /usr/bin/cmake /home/malacoda/ros2_ws/src/more_interfaces -DCMAKE_INSTALL_PREFIX=/home/malacoda/ros2_ws/src/install/more_interfaces
[0.056s] -- The C compiler identification is GNU 9.4.0
[0.101s] -- The CXX compiler identification is GNU 9.4.0
[0.106s] -- Check for working C compiler: /usr/bin/cc
[0.168s] -- Check for working C compiler: /usr/bin/cc -- works
[0.169s] -- Detecting C compiler ABI info
[0.225s] -- Detecting C compiler ABI info - done
[0.237s] -- Detecting C compile features
[0.237s] -- Detecting C compile features - done
[0.238s] -- Check for working CXX compiler: /usr/bin/c++
[0.301s] -- Check for working CXX compiler: /usr/bin/c++ -- works
[0.302s] -- Detecting CXX compiler ABI info
[0.368s] -- Detecting CXX compiler ABI info - done
[0.379s] -- Detecting CXX compile features
[0.380s] -- Detecting CXX compile features - done
[0.381s] -- Found ament_cmake: 0.9.11 (/opt/ros/foxy/share/ament_cmake/cmake)
[0.402s] -- Found PythonInterp: /usr/bin/python3 (found suitable version "3.8.10", minimum required is "3") 
[0.402s] -- Using PYTHON_EXECUTABLE: /usr/bin/python3
[0.526s] -- Found rosidl_default_generators: 1.0.1 (/opt/ros/foxy/share/rosidl_default_generators/cmake)
[0.529s] -- Using all available rosidl_typesupport_c: rosidl_typesupport_fastrtps_c;rosidl_typesupport_introspection_c
[0.536s] -- Found rosidl_adapter: 1.3.0 (/opt/ros/foxy/share/rosidl_adapter/cmake)
[0.616s] -- Found OpenSSL: /usr/lib/x86_64-linux-gnu/libcrypto.so (found version "1.1.1f")  
[0.645s] -- Found FastRTPS: /opt/ros/foxy/include  
[0.703s] -- Using all available rosidl_typesupport_cpp: rosidl_typesupport_fastrtps_cpp;rosidl_typesupport_introspection_cpp
[0.734s] -- Found PythonInterp: /usr/bin/python3 (found version "3.8.10") 
[0.810s] -- Found ament_cmake_ros: 0.9.2 (/opt/ros/foxy/share/ament_cmake_ros/cmake)
[0.902s] -- Using all available rosidl_typesupport_c: rosidl_typesupport_fastrtps_c;rosidl_typesupport_introspection_c
[0.906s] -- Using all available rosidl_typesupport_cpp: rosidl_typesupport_fastrtps_cpp;rosidl_typesupport_introspection_cpp
[0.926s] -- Found PythonInterp: /usr/bin/python3 (found suitable version "3.8.10", minimum required is "3.5") 
[0.927s] -- Found python_cmake_module: 0.8.1 (/opt/ros/foxy/share/python_cmake_module/cmake)
[0.951s] -- Found PythonLibs: /usr/lib/x86_64-linux-gnu/libpython3.8.so (found suitable version "3.8.10", minimum required is "3.5") 
[0.951s] -- Using PYTHON_EXECUTABLE: /usr/bin/python3
[0.951s] -- Using PYTHON_INCLUDE_DIRS: /usr/include/python3.8
[0.951s] -- Using PYTHON_LIBRARIES: /usr/lib/x86_64-linux-gnu/libpython3.8.so
[0.971s] -- Found PythonExtra: .so  
[1.004s] -- Found rclcpp: 2.4.2 (/opt/ros/foxy/share/rclcpp/cmake)
[1.040s] -- Found rmw_implementation_cmake: 1.0.3 (/opt/ros/foxy/share/rmw_implementation_cmake/cmake)
[1.041s] -- Using RMW implementation 'rmw_fastrtps_cpp' as default
[1.042s] -- Looking for pthread.h
[1.099s] -- Looking for pthread.h - found
[1.100s] -- Performing Test CMAKE_HAVE_LIBC_PTHREAD
[1.165s] -- Performing Test CMAKE_HAVE_LIBC_PTHREAD - Failed
[1.166s] -- Looking for pthread_create in pthreads
[1.215s] -- Looking for pthread_create in pthreads - not found
[1.215s] -- Looking for pthread_create in pthread
[1.276s] -- Looking for pthread_create in pthread - found
[1.277s] -- Found Threads: TRUE  
[1.380s] -- Configuring done
[1.397s] -- Generating done
[1.398s] -- Build files have been written to: /home/malacoda/ros2_ws/src/build/more_interfaces
[1.406s] Invoked command in '/home/malacoda/ros2_ws/src/build/more_interfaces' returned '0': CMAKE_PREFIX_PATH=/home/malacoda/ros2_ws/src/install/my_package:/opt/ros/foxy /usr/bin/cmake /home/malacoda/ros2_ws/src/more_interfaces -DCMAKE_INSTALL_PREFIX=/home/malacoda/ros2_ws/src/install/more_interfaces
[1.407s] Invoking command in '/home/malacoda/ros2_ws/src/build/more_interfaces': CMAKE_PREFIX_PATH=/home/malacoda/ros2_ws/src/install/my_package:/opt/ros/foxy /usr/bin/cmake --build /home/malacoda/ros2_ws/src/build/more_interfaces -- -j32 -l32
[1.441s] [35m[1mScanning dependencies of target more_interfaces__cpp[0m
[1.443s] [  3%] [34m[1mGenerating C code for ROS interfaces[0m
[1.450s] [  6%] [34m[1mGenerating C++ code for ROS interfaces[0m
[1.588s] [35m[1mScanning dependencies of target more_interfaces__rosidl_generator_c[0m
[1.595s] [  6%] Built target more_interfaces__cpp
[1.596s] [  9%] [32mBuilding C object CMakeFiles/more_interfaces__rosidl_generator_c.dir/rosidl_generator_c/more_interfaces/msg/detail/address_book__functions.c.o[0m
[1.601s] [ 12%] [34m[1mGenerating C++ introspection for ROS interfaces[0m
[1.601s] [ 15%] [34m[1mGenerating C++ type support for eProsima Fast-RTPS[0m
[1.604s] [ 18%] [34m[1mGenerating C++ type support dispatch for ROS interfaces[0m
[1.629s] [ 21%] [32m[1mLinking C shared library libmore_interfaces__rosidl_generator_c.so[0m
[1.650s] [ 21%] Built target more_interfaces__rosidl_generator_c
[1.655s] [ 24%] [34m[1mGenerating C introspection for ROS interfaces[0m
[1.656s] [ 27%] [34m[1mGenerating C type support dispatch for ROS interfaces[0m
[1.728s] [35m[1mScanning dependencies of target more_interfaces__rosidl_typesupport_cpp[0m
[1.734s] [35m[1mScanning dependencies of target more_interfaces__rosidl_typesupport_introspection_cpp[0m
[1.734s] [ 30%] [32mBuilding CXX object CMakeFiles/more_interfaces__rosidl_typesupport_cpp.dir/rosidl_typesupport_cpp/more_interfaces/msg/address_book__type_support.cpp.o[0m
[1.741s] [35m[1mScanning dependencies of target more_interfaces__rosidl_typesupport_fastrtps_cpp[0m
[1.741s] [ 33%] [32mBuilding CXX object CMakeFiles/more_interfaces__rosidl_typesupport_introspection_cpp.dir/rosidl_typesupport_introspection_cpp/more_interfaces/msg/detail/address_book__type_support.cpp.o[0m
[1.749s] [ 36%] [32mBuilding CXX object CMakeFiles/more_interfaces__rosidl_typesupport_fastrtps_cpp.dir/rosidl_typesupport_fastrtps_cpp/more_interfaces/msg/detail/dds_fastrtps/address_book__type_support.cpp.o[0m
[1.779s] [35m[1mScanning dependencies of target more_interfaces__rosidl_typesupport_c[0m
[1.786s] [ 39%] [32mBuilding CXX object CMakeFiles/more_interfaces__rosidl_typesupport_c.dir/rosidl_typesupport_c/more_interfaces/msg/address_book__type_support.cpp.o[0m
[1.789s] [35m[1mScanning dependencies of target more_interfaces__rosidl_typesupport_introspection_c[0m
[1.795s] [ 42%] [32mBuilding C object CMakeFiles/more_interfaces__rosidl_typesupport_introspection_c.dir/rosidl_typesupport_introspection_c/more_interfaces/msg/detail/address_book__type_support.c.o[0m
[1.805s] [ 45%] [32m[1mLinking CXX shared library libmore_interfaces__rosidl_typesupport_c.so[0m
[1.815s] [ 48%] [32m[1mLinking C shared library libmore_interfaces__rosidl_typesupport_introspection_c.so[0m
[1.826s] [ 48%] Built target more_interfaces__rosidl_typesupport_c
[1.832s] [ 48%] Built target more_interfaces__rosidl_typesupport_introspection_c
[1.896s] [ 51%] [32m[1mLinking CXX shared library libmore_interfaces__rosidl_typesupport_cpp.so[0m
[1.906s] [ 54%] [32m[1mLinking CXX shared library libmore_interfaces__rosidl_typesupport_introspection_cpp.so[0m
[1.928s] [ 54%] Built target more_interfaces__rosidl_typesupport_cpp
[1.943s] [ 54%] Built target more_interfaces__rosidl_typesupport_introspection_cpp
[1.996s] [ 57%] [32m[1mLinking CXX shared library libmore_interfaces__rosidl_typesupport_fastrtps_cpp.so[0m
[2.047s] [ 57%] Built target more_interfaces__rosidl_typesupport_fastrtps_cpp
[2.057s] [ 60%] [34m[1mGenerating C type support for eProsima Fast-RTPS[0m
[2.198s] [35m[1mScanning dependencies of target more_interfaces__rosidl_typesupport_fastrtps_c[0m
[2.209s] [ 63%] [32mBuilding CXX object CMakeFiles/more_interfaces__rosidl_typesupport_fastrtps_c.dir/rosidl_typesupport_fastrtps_c/more_interfaces/msg/detail/address_book__type_support_c.cpp.o[0m
[2.423s] [ 66%] [32m[1mLinking CXX shared library libmore_interfaces__rosidl_typesupport_fastrtps_c.so[0m
[2.475s] [ 66%] Built target more_interfaces__rosidl_typesupport_fastrtps_c
[2.483s] [35m[1mScanning dependencies of target more_interfaces[0m
[2.492s] [ 66%] Built target more_interfaces
[2.501s] [35m[1mScanning dependencies of target publish_address_book[0m
[2.501s] [35m[1mScanning dependencies of target more_interfaces__py[0m
[2.507s] [ 69%] [34m[1mGenerating Python code for ROS interfaces[0m
[2.522s] [ 72%] [32mBuilding CXX object CMakeFiles/publish_address_book.dir/src/publish_address_book.cpp.o[0m
[2.729s] [ 72%] Built target more_interfaces__py
[2.737s] [35m[1mScanning dependencies of target more_interfaces__python[0m
[2.751s] [ 75%] [32mBuilding C object CMakeFiles/more_interfaces__python.dir/rosidl_generator_py/more_interfaces/msg/_address_book_s.c.o[0m
[2.807s] [ 78%] [32m[1mLinking C shared library rosidl_generator_py/more_interfaces/libmore_interfaces__python.so[0m
[2.835s] [ 78%] Built target more_interfaces__python
[2.842s] [35m[1mScanning dependencies of target more_interfaces__rosidl_typesupport_introspection_c__pyext[0m
[2.846s] [35m[1mScanning dependencies of target more_interfaces__rosidl_typesupport_c__pyext[0m
[2.846s] [35m[1mScanning dependencies of target more_interfaces__rosidl_typesupport_fastrtps_c__pyext[0m
[2.855s] [ 81%] [32mBuilding C object CMakeFiles/more_interfaces__rosidl_typesupport_introspection_c__pyext.dir/rosidl_generator_py/more_interfaces/_more_interfaces_s.ep.rosidl_typesupport_introspection_c.c.o[0m
[2.858s] [ 84%] [32mBuilding C object CMakeFiles/more_interfaces__rosidl_typesupport_fastrtps_c__pyext.dir/rosidl_generator_py/more_interfaces/_more_interfaces_s.ep.rosidl_typesupport_fastrtps_c.c.o[0m
[2.858s] [ 87%] [32mBuilding C object CMakeFiles/more_interfaces__rosidl_typesupport_c__pyext.dir/rosidl_generator_py/more_interfaces/_more_interfaces_s.ep.rosidl_typesupport_c.c.o[0m
[2.903s] [ 90%] [32m[1mLinking C shared library rosidl_generator_py/more_interfaces/more_interfaces_s__rosidl_typesupport_introspection_c.cpython-38-x86_64-linux-gnu.so[0m
[2.904s] [ 93%] [32m[1mLinking CXX shared library rosidl_generator_py/more_interfaces/more_interfaces_s__rosidl_typesupport_fastrtps_c.cpython-38-x86_64-linux-gnu.so[0m
[2.905s] [ 96%] [32m[1mLinking C shared library rosidl_generator_py/more_interfaces/more_interfaces_s__rosidl_typesupport_c.cpython-38-x86_64-linux-gnu.so[0m
[2.924s] [ 96%] Built target more_interfaces__rosidl_typesupport_c__pyext
[2.924s] [ 96%] Built target more_interfaces__rosidl_typesupport_introspection_c__pyext
[2.940s] [ 96%] Built target more_interfaces__rosidl_typesupport_fastrtps_c__pyext
[4.233s] [100%] [32m[1mLinking CXX executable publish_address_book[0m
[4.322s] [100%] Built target publish_address_book
[4.332s] Invoked command in '/home/malacoda/ros2_ws/src/build/more_interfaces' returned '0': CMAKE_PREFIX_PATH=/home/malacoda/ros2_ws/src/install/my_package:/opt/ros/foxy /usr/bin/cmake --build /home/malacoda/ros2_ws/src/build/more_interfaces -- -j32 -l32
[4.384s] Invoking command in '/home/malacoda/ros2_ws/src/build/more_interfaces': CMAKE_PREFIX_PATH=/home/malacoda/ros2_ws/src/install/my_package:/opt/ros/foxy /usr/bin/cmake --install /home/malacoda/ros2_ws/src/build/more_interfaces
[4.393s] -- Install configuration: ""
[4.393s] -- Installing: /home/malacoda/ros2_ws/src/install/more_interfaces/share/ament_index/resource_index/rosidl_interfaces/more_interfaces
[4.393s] -- Installing: /home/malacoda/ros2_ws/src/install/more_interfaces/include/more_interfaces
[4.393s] -- Installing: /home/malacoda/ros2_ws/src/install/more_interfaces/include/more_interfaces/msg
[4.393s] -- Installing: /home/malacoda/ros2_ws/src/install/more_interfaces/include/more_interfaces/msg/detail
[4.393s] -- Installing: /home/malacoda/ros2_ws/src/install/more_interfaces/include/more_interfaces/msg/detail/address_book__type_support.h
[4.393s] -- Installing: /home/malacoda/ros2_ws/src/install/more_interfaces/include/more_interfaces/msg/detail/address_book__functions.h
[4.394s] -- Installing: /home/malacoda/ros2_ws/src/install/more_interfaces/include/more_interfaces/msg/detail/address_book__struct.h
[4.394s] -- Installing: /home/malacoda/ros2_ws/src/install/more_interfaces/include/more_interfaces/msg/detail/address_book__functions.c
[4.394s] -- Installing: /home/malacoda/ros2_ws/src/install/more_interfaces/include/more_interfaces/msg/rosidl_generator_c__visibility_control.h
[4.394s] -- Installing: /home/malacoda/ros2_ws/src/install/more_interfaces/include/more_interfaces/msg/address_book.h
[4.394s] -- Installing: /home/malacoda/ros2_ws/src/install/more_interfaces/share/more_interfaces/environment/library_path.sh
[4.394s] -- Installing: /home/malacoda/ros2_ws/src/install/more_interfaces/share/more_interfaces/environment/library_path.dsv
[4.394s] -- Installing: /home/malacoda/ros2_ws/src/install/more_interfaces/lib/libmore_interfaces__rosidl_generator_c.so
[4.395s] -- Set runtime path of "/home/malacoda/ros2_ws/src/install/more_interfaces/lib/libmore_interfaces__rosidl_generator_c.so" to ""
[4.395s] -- Up-to-date: /home/malacoda/ros2_ws/src/install/more_interfaces/include/more_interfaces
[4.395s] -- Up-to-date: /home/malacoda/ros2_ws/src/install/more_interfaces/include/more_interfaces/msg
[4.395s] -- Up-to-date: /home/malacoda/ros2_ws/src/install/more_interfaces/include/more_interfaces/msg/detail
[4.395s] -- Installing: /home/malacoda/ros2_ws/src/install/more_interfaces/include/more_interfaces/msg/detail/address_book__rosidl_typesupport_fastrtps_c.h
[4.395s] -- Installing: /home/malacoda/ros2_ws/src/install/more_interfaces/include/more_interfaces/msg/rosidl_typesupport_fastrtps_c__visibility_control.h
[4.395s] -- Installing: /home/malacoda/ros2_ws/src/install/more_interfaces/lib/libmore_interfaces__rosidl_typesupport_fastrtps_c.so
[4.395s] -- Set runtime path of "/home/malacoda/ros2_ws/src/install/more_interfaces/lib/libmore_interfaces__rosidl_typesupport_fastrtps_c.so" to ""
[4.395s] -- Up-to-date: /home/malacoda/ros2_ws/src/install/more_interfaces/include/more_interfaces
[4.395s] -- Up-to-date: /home/malacoda/ros2_ws/src/install/more_interfaces/include/more_interfaces/msg
[4.395s] -- Up-to-date: /home/malacoda/ros2_ws/src/install/more_interfaces/include/more_interfaces/msg/detail
[4.395s] -- Installing: /home/malacoda/ros2_ws/src/install/more_interfaces/include/more_interfaces/msg/detail/dds_fastrtps
[4.395s] -- Installing: /home/malacoda/ros2_ws/src/install/more_interfaces/include/more_interfaces/msg/detail/address_book__rosidl_typesupport_fastrtps_cpp.hpp
[4.396s] -- Installing: /home/malacoda/ros2_ws/src/install/more_interfaces/include/more_interfaces/msg/rosidl_typesupport_fastrtps_cpp__visibility_control.h
[4.396s] -- Installing: /home/malacoda/ros2_ws/src/install/more_interfaces/lib/libmore_interfaces__rosidl_typesupport_fastrtps_cpp.so
[4.396s] -- Set runtime path of "/home/malacoda/ros2_ws/src/install/more_interfaces/lib/libmore_interfaces__rosidl_typesupport_fastrtps_cpp.so" to ""
[4.396s] -- Up-to-date: /home/malacoda/ros2_ws/src/install/more_interfaces/include/more_interfaces
[4.396s] -- Up-to-date: /home/malacoda/ros2_ws/src/install/more_interfaces/include/more_interfaces/msg
[4.396s] -- Up-to-date: /home/malacoda/ros2_ws/src/install/more_interfaces/include/more_interfaces/msg/detail
[4.396s] -- Installing: /home/malacoda/ros2_ws/src/install/more_interfaces/include/more_interfaces/msg/detail/address_book__rosidl_typesupport_introspection_c.h
[4.396s] -- Installing: /home/malacoda/ros2_ws/src/install/more_interfaces/include/more_interfaces/msg/detail/address_book__type_support.c
[4.396s] -- Installing: /home/malacoda/ros2_ws/src/install/more_interfaces/include/more_interfaces/msg/rosidl_typesupport_introspection_c__visibility_control.h
[4.396s] -- Installing: /home/malacoda/ros2_ws/src/install/more_interfaces/lib/libmore_interfaces__rosidl_typesupport_introspection_c.so
[4.396s] -- Set runtime path of "/home/malacoda/ros2_ws/src/install/more_interfaces/lib/libmore_interfaces__rosidl_typesupport_introspection_c.so" to ""
[4.396s] -- Installing: /home/malacoda/ros2_ws/src/install/more_interfaces/lib/libmore_interfaces__rosidl_typesupport_c.so
[4.396s] -- Set runtime path of "/home/malacoda/ros2_ws/src/install/more_interfaces/lib/libmore_interfaces__rosidl_typesupport_c.so" to ""
[4.396s] -- Up-to-date: /home/malacoda/ros2_ws/src/install/more_interfaces/include/more_interfaces
[4.396s] -- Up-to-date: /home/malacoda/ros2_ws/src/install/more_interfaces/include/more_interfaces/msg
[4.396s] -- Up-to-date: /home/malacoda/ros2_ws/src/install/more_interfaces/include/more_interfaces/msg/detail
[4.396s] -- Installing: /home/malacoda/ros2_ws/src/install/more_interfaces/include/more_interfaces/msg/detail/address_book__traits.hpp
[4.397s] -- Installing: /home/malacoda/ros2_ws/src/install/more_interfaces/include/more_interfaces/msg/detail/address_book__struct.hpp
[4.397s] -- Installing: /home/malacoda/ros2_ws/src/install/more_interfaces/include/more_interfaces/msg/detail/address_book__builder.hpp
[4.397s] -- Installing: /home/malacoda/ros2_ws/src/install/more_interfaces/include/more_interfaces/msg/address_book.hpp
[4.397s] -- Up-to-date: /home/malacoda/ros2_ws/src/install/more_interfaces/include/more_interfaces
[4.397s] -- Up-to-date: /home/malacoda/ros2_ws/src/install/more_interfaces/include/more_interfaces/msg
[4.397s] -- Up-to-date: /home/malacoda/ros2_ws/src/install/more_interfaces/include/more_interfaces/msg/detail
[4.397s] -- Installing: /home/malacoda/ros2_ws/src/install/more_interfaces/include/more_interfaces/msg/detail/address_book__rosidl_typesupport_introspection_cpp.hpp
[4.397s] -- Installing: /home/malacoda/ros2_ws/src/install/more_interfaces/include/more_interfaces/msg/detail/address_book__type_support.cpp
[4.397s] -- Installing: /home/malacoda/ros2_ws/src/install/more_interfaces/lib/libmore_interfaces__rosidl_typesupport_introspection_cpp.so
[4.397s] -- Set runtime path of "/home/malacoda/ros2_ws/src/install/more_interfaces/lib/libmore_interfaces__rosidl_typesupport_introspection_cpp.so" to ""
[4.397s] -- Installing: /home/malacoda/ros2_ws/src/install/more_interfaces/lib/libmore_interfaces__rosidl_typesupport_cpp.so
[4.397s] -- Set runtime path of "/home/malacoda/ros2_ws/src/install/more_interfaces/lib/libmore_interfaces__rosidl_typesupport_cpp.so" to ""
[4.397s] -- Installing: /home/malacoda/ros2_ws/src/install/more_interfaces/share/more_interfaces/environment/pythonpath.sh
[4.397s] -- Installing: /home/malacoda/ros2_ws/src/install/more_interfaces/share/more_interfaces/environment/pythonpath.dsv
[4.397s] -- Installing: /home/malacoda/ros2_ws/src/install/more_interfaces/lib/python3.8/site-packages/more_interfaces/__init__.py
[4.418s] Compiling '/home/malacoda/ros2_ws/src/install/more_interfaces/lib/python3.8/site-packages/more_interfaces/__init__.py'...
[4.420s] -- Installing: /home/malacoda/ros2_ws/src/install/more_interfaces/lib/python3.8/site-packages/more_interfaces/msg
[4.420s] -- Installing: /home/malacoda/ros2_ws/src/install/more_interfaces/lib/python3.8/site-packages/more_interfaces/msg/_address_book_s.c
[4.421s] -- Installing: /home/malacoda/ros2_ws/src/install/more_interfaces/lib/python3.8/site-packages/more_interfaces/msg/_address_book.py
[4.421s] -- Installing: /home/malacoda/ros2_ws/src/install/more_interfaces/lib/python3.8/site-packages/more_interfaces/msg/__init__.py
[4.421s] -- Installing: /home/malacoda/ros2_ws/src/install/more_interfaces/lib/python3.8/site-packages/more_interfaces/more_interfaces_s__rosidl_typesupport_fastrtps_c.cpython-38-x86_64-linux-gnu.so
[4.421s] -- Set runtime path of "/home/malacoda/ros2_ws/src/install/more_interfaces/lib/python3.8/site-packages/more_interfaces/more_interfaces_s__rosidl_typesupport_fastrtps_c.cpython-38-x86_64-linux-gnu.so" to ""
[4.421s] -- Installing: /home/malacoda/ros2_ws/src/install/more_interfaces/lib/python3.8/site-packages/more_interfaces/more_interfaces_s__rosidl_typesupport_introspection_c.cpython-38-x86_64-linux-gnu.so
[4.422s] -- Set runtime path of "/home/malacoda/ros2_ws/src/install/more_interfaces/lib/python3.8/site-packages/more_interfaces/more_interfaces_s__rosidl_typesupport_introspection_c.cpython-38-x86_64-linux-gnu.so" to ""
[4.422s] -- Installing: /home/malacoda/ros2_ws/src/install/more_interfaces/lib/python3.8/site-packages/more_interfaces/more_interfaces_s__rosidl_typesupport_c.cpython-38-x86_64-linux-gnu.so
[4.422s] -- Set runtime path of "/home/malacoda/ros2_ws/src/install/more_interfaces/lib/python3.8/site-packages/more_interfaces/more_interfaces_s__rosidl_typesupport_c.cpython-38-x86_64-linux-gnu.so" to ""
[4.422s] -- Installing: /home/malacoda/ros2_ws/src/install/more_interfaces/lib/libmore_interfaces__python.so
[4.423s] -- Set runtime path of "/home/malacoda/ros2_ws/src/install/more_interfaces/lib/libmore_interfaces__python.so" to ""
[4.423s] -- Installing: /home/malacoda/ros2_ws/src/install/more_interfaces/share/more_interfaces/msg/AddressBook.idl
[4.423s] -- Installing: /home/malacoda/ros2_ws/src/install/more_interfaces/share/more_interfaces/msg/AddressBook.msg
[4.423s] -- Installing: /home/malacoda/ros2_ws/src/install/more_interfaces/lib/more_interfaces/publish_address_book
[4.424s] -- Set runtime path of "/home/malacoda/ros2_ws/src/install/more_interfaces/lib/more_interfaces/publish_address_book" to ""
[4.424s] -- Installing: /home/malacoda/ros2_ws/src/install/more_interfaces/share/ament_index/resource_index/package_run_dependencies/more_interfaces
[4.424s] -- Installing: /home/malacoda/ros2_ws/src/install/more_interfaces/share/ament_index/resource_index/parent_prefix_path/more_interfaces
[4.424s] -- Installing: /home/malacoda/ros2_ws/src/install/more_interfaces/share/more_interfaces/environment/ament_prefix_path.sh
[4.424s] -- Installing: /home/malacoda/ros2_ws/src/install/more_interfaces/share/more_interfaces/environment/ament_prefix_path.dsv
[4.424s] -- Installing: /home/malacoda/ros2_ws/src/install/more_interfaces/share/more_interfaces/environment/path.sh
[4.425s] -- Installing: /home/malacoda/ros2_ws/src/install/more_interfaces/share/more_interfaces/environment/path.dsv
[4.425s] -- Installing: /home/malacoda/ros2_ws/src/install/more_interfaces/share/more_interfaces/local_setup.bash
[4.425s] -- Installing: /home/malacoda/ros2_ws/src/install/more_interfaces/share/more_interfaces/local_setup.sh
[4.425s] -- Installing: /home/malacoda/ros2_ws/src/install/more_interfaces/share/more_interfaces/local_setup.zsh
[4.425s] -- Installing: /home/malacoda/ros2_ws/src/install/more_interfaces/share/more_interfaces/local_setup.dsv
[4.425s] -- Installing: /home/malacoda/ros2_ws/src/install/more_interfaces/share/more_interfaces/package.dsv
[4.425s] -- Installing: /home/malacoda/ros2_ws/src/install/more_interfaces/share/ament_index/resource_index/packages/more_interfaces
[4.425s] -- Installing: /home/malacoda/ros2_ws/src/install/more_interfaces/share/more_interfaces/cmake/more_interfaces__rosidl_generator_cExport.cmake
[4.425s] -- Installing: /home/malacoda/ros2_ws/src/install/more_interfaces/share/more_interfaces/cmake/more_interfaces__rosidl_generator_cExport-noconfig.cmake
[4.426s] -- Installing: /home/malacoda/ros2_ws/src/install/more_interfaces/share/more_interfaces/cmake/more_interfaces__rosidl_typesupport_introspection_cExport.cmake
[4.426s] -- Installing: /home/malacoda/ros2_ws/src/install/more_interfaces/share/more_interfaces/cmake/more_interfaces__rosidl_typesupport_introspection_cExport-noconfig.cmake
[4.426s] -- Installing: /home/malacoda/ros2_ws/src/install/more_interfaces/share/more_interfaces/cmake/more_interfaces__rosidl_typesupport_cExport.cmake
[4.426s] -- Installing: /home/malacoda/ros2_ws/src/install/more_interfaces/share/more_interfaces/cmake/more_interfaces__rosidl_typesupport_cExport-noconfig.cmake
[4.426s] -- Installing: /home/malacoda/ros2_ws/src/install/more_interfaces/share/more_interfaces/cmake/more_interfaces__rosidl_generator_cppExport.cmake
[4.426s] -- Installing: /home/malacoda/ros2_ws/src/install/more_interfaces/share/more_interfaces/cmake/more_interfaces__rosidl_typesupport_introspection_cppExport.cmake
[4.427s] -- Installing: /home/malacoda/ros2_ws/src/install/more_interfaces/share/more_interfaces/cmake/more_interfaces__rosidl_typesupport_introspection_cppExport-noconfig.cmake
[4.427s] -- Installing: /home/malacoda/ros2_ws/src/install/more_interfaces/share/more_interfaces/cmake/more_interfaces__rosidl_typesupport_cppExport.cmake
[4.427s] -- Installing: /home/malacoda/ros2_ws/src/install/more_interfaces/share/more_interfaces/cmake/more_interfaces__rosidl_typesupport_cppExport-noconfig.cmake
[4.427s] -- Installing: /home/malacoda/ros2_ws/src/install/more_interfaces/share/more_interfaces/cmake/rosidl_cmake-extras.cmake
[4.427s] -- Installing: /home/malacoda/ros2_ws/src/install/more_interfaces/share/more_interfaces/cmake/ament_cmake_export_dependencies-extras.cmake
[4.427s] -- Installing: /home/malacoda/ros2_ws/src/install/more_interfaces/share/more_interfaces/cmake/ament_cmake_export_libraries-extras.cmake
[4.427s] -- Installing: /home/malacoda/ros2_ws/src/install/more_interfaces/share/more_interfaces/cmake/ament_cmake_export_targets-extras.cmake
[4.428s] -- Installing: /home/malacoda/ros2_ws/src/install/more_interfaces/share/more_interfaces/cmake/ament_cmake_export_include_directories-extras.cmake
[4.428s] -- Installing: /home/malacoda/ros2_ws/src/install/more_interfaces/share/more_interfaces/cmake/rosidl_cmake_export_typesupport_libraries-extras.cmake
[4.428s] -- Installing: /home/malacoda/ros2_ws/src/install/more_interfaces/share/more_interfaces/cmake/rosidl_cmake_export_typesupport_targets-extras.cmake
[4.428s] -- Installing: /home/malacoda/ros2_ws/src/install/more_interfaces/share/more_interfaces/cmake/more_interfacesConfig.cmake
[4.428s] -- Installing: /home/malacoda/ros2_ws/src/install/more_interfaces/share/more_interfaces/cmake/more_interfacesConfig-version.cmake
[4.428s] -- Installing: /home/malacoda/ros2_ws/src/install/more_interfaces/share/more_interfaces/package.xml
[4.431s] Invoked command in '/home/malacoda/ros2_ws/src/build/more_interfaces' returned '0': CMAKE_PREFIX_PATH=/home/malacoda/ros2_ws/src/install/my_package:/opt/ros/foxy /usr/bin/cmake --install /home/malacoda/ros2_ws/src/build/more_interfaces
