[0.010s] Invoking command in '/home/malacoda/ros2_ws/build/cpp_parameters': CMAKE_PREFIX_PATH=/opt/ros/foxy /usr/bin/cmake --build /home/malacoda/ros2_ws/build/cpp_parameters -- -j32 -l32
[0.031s] -- Found ament_cmake: 0.9.11 (/opt/ros/foxy/share/ament_cmake/cmake)
[0.048s] -- Using PYTHON_EXECUTABLE: /usr/bin/python3
[0.154s] -- Found rclcpp: 2.4.2 (/opt/ros/foxy/share/rclcpp/cmake)
[0.176s] -- Using all available rosidl_typesupport_c: rosidl_typesupport_fastrtps_c;rosidl_typesupport_introspection_c
[0.178s] -- Found rosidl_adapter: 1.3.0 (/opt/ros/foxy/share/rosidl_adapter/cmake)
[0.277s] -- Using all available rosidl_typesupport_cpp: rosidl_typesupport_fastrtps_cpp;rosidl_typesupport_introspection_cpp
[0.308s] -- Found rmw_implementation_cmake: 1.0.3 (/opt/ros/foxy/share/rmw_implementation_cmake/cmake)
[0.309s] -- Using RMW implementation 'rmw_fastrtps_cpp' as default
[0.433s] -- Configuring done
[0.440s] -- Generating done
[0.442s] -- Build files have been written to: /home/malacoda/ros2_ws/build/cpp_parameters
[0.481s] [100%] Built target minimal_param_node
[0.492s] Invoked command in '/home/malacoda/ros2_ws/build/cpp_parameters' returned '0': CMAKE_PREFIX_PATH=/opt/ros/foxy /usr/bin/cmake --build /home/malacoda/ros2_ws/build/cpp_parameters -- -j32 -l32
[0.522s] Invoking command in '/home/malacoda/ros2_ws/build/cpp_parameters': CMAKE_PREFIX_PATH=/opt/ros/foxy /usr/bin/cmake --install /home/malacoda/ros2_ws/build/cpp_parameters
[0.529s] -- Install configuration: ""
[0.530s] -- Up-to-date: /home/malacoda/ros2_ws/install/cpp_parameters/lib/cpp_parameters/minimal_param_node
[0.530s] -- Installing: /home/malacoda/ros2_ws/install/cpp_parameters/sharecpp_parameters/launch
[0.530s] -- Installing: /home/malacoda/ros2_ws/install/cpp_parameters/sharecpp_parameters/launch/cpp_parameters_launch.py
[0.530s] -- Up-to-date: /home/malacoda/ros2_ws/install/cpp_parameters/share/ament_index/resource_index/package_run_dependencies/cpp_parameters
[0.530s] -- Installing: /home/malacoda/ros2_ws/install/cpp_parameters/share/ament_index/resource_index/parent_prefix_path/cpp_parameters
[0.531s] -- Up-to-date: /home/malacoda/ros2_ws/install/cpp_parameters/share/cpp_parameters/environment/ament_prefix_path.sh
[0.531s] -- Installing: /home/malacoda/ros2_ws/install/cpp_parameters/share/cpp_parameters/environment/ament_prefix_path.dsv
[0.531s] -- Up-to-date: /home/malacoda/ros2_ws/install/cpp_parameters/share/cpp_parameters/environment/path.sh
[0.531s] -- Installing: /home/malacoda/ros2_ws/install/cpp_parameters/share/cpp_parameters/environment/path.dsv
[0.531s] -- Up-to-date: /home/malacoda/ros2_ws/install/cpp_parameters/share/cpp_parameters/local_setup.bash
[0.531s] -- Up-to-date: /home/malacoda/ros2_ws/install/cpp_parameters/share/cpp_parameters/local_setup.sh
[0.531s] -- Up-to-date: /home/malacoda/ros2_ws/install/cpp_parameters/share/cpp_parameters/local_setup.zsh
[0.531s] -- Installing: /home/malacoda/ros2_ws/install/cpp_parameters/share/cpp_parameters/local_setup.dsv
[0.532s] -- Installing: /home/malacoda/ros2_ws/install/cpp_parameters/share/cpp_parameters/package.dsv
[0.532s] -- Up-to-date: /home/malacoda/ros2_ws/install/cpp_parameters/share/ament_index/resource_index/packages/cpp_parameters
[0.532s] -- Up-to-date: /home/malacoda/ros2_ws/install/cpp_parameters/share/cpp_parameters/cmake/cpp_parametersConfig.cmake
[0.532s] -- Up-to-date: /home/malacoda/ros2_ws/install/cpp_parameters/share/cpp_parameters/cmake/cpp_parametersConfig-version.cmake
[0.532s] -- Up-to-date: /home/malacoda/ros2_ws/install/cpp_parameters/share/cpp_parameters/package.xml
[0.534s] Invoked command in '/home/malacoda/ros2_ws/build/cpp_parameters' returned '0': CMAKE_PREFIX_PATH=/opt/ros/foxy /usr/bin/cmake --install /home/malacoda/ros2_ws/build/cpp_parameters
