-- Found ament_cmake: 0.9.11 (/opt/ros/foxy/share/ament_cmake/cmake)
-- Found PythonInterp: /usr/bin/python3 (found suitable version "3.8.10", minimum required is "3") 
-- Using PYTHON_EXECUTABLE: /usr/bin/python3
-- Found rosidl_default_generators: 1.0.1 (/opt/ros/foxy/share/rosidl_default_generators/cmake)
-- Using all available rosidl_typesupport_c: rosidl_typesupport_fastrtps_c;rosidl_typesupport_introspection_c
-- Found rosidl_adapter: 1.3.0 (/opt/ros/foxy/share/rosidl_adapter/cmake)
-- Using all available rosidl_typesupport_cpp: rosidl_typesupport_fastrtps_cpp;rosidl_typesupport_introspection_cpp
CMake Error at CMakeLists.txt:23 (find_package):
  By not providing "Findrosidl_tutorial_msgs.cmake" in CMAKE_MODULE_PATH this
  project has asked CMake to find a package configuration file provided by
  "rosidl_tutorial_msgs", but CMake did not find one.

  Could not find a package configuration file provided by
  "rosidl_tutorial_msgs" with any of the following names:

    rosidl_tutorial_msgsConfig.cmake
    rosidl_tutorial_msgs-config.cmake

  Add the installation prefix of "rosidl_tutorial_msgs" to CMAKE_PREFIX_PATH
  or set "rosidl_tutorial_msgs_DIR" to a directory containing one of the
  above files.  If "rosidl_tutorial_msgs" provides a separate development
  package or SDK, be sure it has been installed.


-- Configuring incomplete, errors occurred!
See also "/home/malacoda/ros2_ws/build/more_interfaces/CMakeFiles/CMakeOutput.log".
See also "/home/malacoda/ros2_ws/build/more_interfaces/CMakeFiles/CMakeError.log".
make: *** [Makefile:792: cmake_check_build_system] Error 1
