[0.005s] Invoking command in '/home/malacoda/ros2_ws/build/more_interfaces': CMAKE_PREFIX_PATH=${CMAKE_PREFIX_PATH}:/opt/ros/foxy /usr/bin/cmake --build /home/malacoda/ros2_ws/build/more_interfaces -- -j32 -l32
[0.032s] -- Found ament_cmake: 0.9.11 (/opt/ros/foxy/share/ament_cmake/cmake)
[0.051s] -- Found PythonInterp: /usr/bin/python3 (found suitable version "3.8.10", minimum required is "3") 
[0.051s] -- Using PYTHON_EXECUTABLE: /usr/bin/python3
[0.162s] -- Found rosidl_default_generators: 1.0.1 (/opt/ros/foxy/share/rosidl_default_generators/cmake)
[0.165s] -- Using all available rosidl_typesupport_c: rosidl_typesupport_fastrtps_c;rosidl_typesupport_introspection_c
[0.169s] -- Found rosidl_adapter: 1.3.0 (/opt/ros/foxy/share/rosidl_adapter/cmake)
[0.278s] -- Using all available rosidl_typesupport_cpp: rosidl_typesupport_fastrtps_cpp;rosidl_typesupport_introspection_cpp
[0.296s] CMake Error at CMakeLists.txt:23 (find_package):
[0.296s]   By not providing "Findrosidl_tutorial_msgs.cmake" in CMAKE_MODULE_PATH this
[0.296s]   project has asked CMake to find a package configuration file provided by
[0.296s]   "rosidl_tutorial_msgs", but CMake did not find one.
[0.296s] 
[0.296s]   Could not find a package configuration file provided by
[0.297s]   "rosidl_tutorial_msgs" with any of the following names:
[0.297s] 
[0.297s]     rosidl_tutorial_msgsConfig.cmake
[0.297s]     rosidl_tutorial_msgs-config.cmake
[0.297s] 
[0.297s]   Add the installation prefix of "rosidl_tutorial_msgs" to CMAKE_PREFIX_PATH
[0.297s]   or set "rosidl_tutorial_msgs_DIR" to a directory containing one of the
[0.297s]   above files.  If "rosidl_tutorial_msgs" provides a separate development
[0.297s]   package or SDK, be sure it has been installed.
[0.297s] 
[0.297s] 
[0.297s] -- Configuring incomplete, errors occurred!
[0.297s] See also "/home/malacoda/ros2_ws/build/more_interfaces/CMakeFiles/CMakeOutput.log".
[0.297s] See also "/home/malacoda/ros2_ws/build/more_interfaces/CMakeFiles/CMakeError.log".
[0.299s] make: *** [Makefile:792: cmake_check_build_system] Error 1
[0.300s] Invoked command in '/home/malacoda/ros2_ws/build/more_interfaces' returned '2': CMAKE_PREFIX_PATH=${CMAKE_PREFIX_PATH}:/opt/ros/foxy /usr/bin/cmake --build /home/malacoda/ros2_ws/build/more_interfaces -- -j32 -l32
