[0.009s] Invoking command in '/home/malacoda/ros2_ws/build/cpp_pubsub': CMAKE_PREFIX_PATH=/opt/ros/foxy /usr/bin/cmake --build /home/malacoda/ros2_ws/build/cpp_pubsub -- -j32 -l32
[0.035s] -- Found ament_cmake: 0.9.11 (/opt/ros/foxy/share/ament_cmake/cmake)
[0.053s] -- Using PYTHON_EXECUTABLE: /usr/bin/python3
[0.158s] -- Found rclcpp: 2.4.2 (/opt/ros/foxy/share/rclcpp/cmake)
[0.178s] -- Using all available rosidl_typesupport_c: rosidl_typesupport_fastrtps_c;rosidl_typesupport_introspection_c
[0.180s] -- Found rosidl_adapter: 1.3.0 (/opt/ros/foxy/share/rosidl_adapter/cmake)
[0.277s] -- Using all available rosidl_typesupport_cpp: rosidl_typesupport_fastrtps_cpp;rosidl_typesupport_introspection_cpp
[0.305s] -- Found rmw_implementation_cmake: 1.0.3 (/opt/ros/foxy/share/rmw_implementation_cmake/cmake)
[0.305s] -- Using RMW implementation 'rmw_fastrtps_cpp' as default
[0.387s] CMake Error at /opt/ros/foxy/share/ament_cmake_target_dependencies/cmake/ament_target_dependencies.cmake:77 (message):
[0.387s]   ament_target_dependencies() the passed package name 'tutorial_interfaces'
[0.387s]   was not found before
[0.387s] Call Stack (most recent call first):
[0.387s]   CMakeLists.txt:27 (ament_target_dependencies)
[0.387s] 
[0.387s] 
[0.387s] -- Configuring incomplete, errors occurred!
[0.387s] See also "/home/malacoda/ros2_ws/build/cpp_pubsub/CMakeFiles/CMakeOutput.log".
[0.387s] See also "/home/malacoda/ros2_ws/build/cpp_pubsub/CMakeFiles/CMakeError.log".
[0.390s] make: *** [Makefile:310: cmake_check_build_system] Error 1
[0.391s] Invoked command in '/home/malacoda/ros2_ws/build/cpp_pubsub' returned '2': CMAKE_PREFIX_PATH=/opt/ros/foxy /usr/bin/cmake --build /home/malacoda/ros2_ws/build/cpp_pubsub -- -j32 -l32
