[0.009s] Invoking command in '/home/malacoda/ros2_ws/build/more_interfaces': CMAKE_PREFIX_PATH=${CMAKE_PREFIX_PATH}:/home/malacoda/ros2_ws/src/install/my_package:/opt/ros/foxy /usr/bin/cmake --build /home/malacoda/ros2_ws/build/more_interfaces -- -j32 -l32
[0.034s] -- Found ament_cmake: 0.9.11 (/opt/ros/foxy/share/ament_cmake/cmake)
[0.052s] -- Found PythonInterp: /usr/bin/python3 (found suitable version "3.8.10", minimum required is "3") 
[0.053s] -- Using PYTHON_EXECUTABLE: /usr/bin/python3
[0.159s] -- Found rosidl_default_generators: 1.0.1 (/opt/ros/foxy/share/rosidl_default_generators/cmake)
[0.161s] -- Using all available rosidl_typesupport_c: rosidl_typesupport_fastrtps_c;rosidl_typesupport_introspection_c
[0.165s] -- Found rosidl_adapter: 1.3.0 (/opt/ros/foxy/share/rosidl_adapter/cmake)
[0.265s] -- Using all available rosidl_typesupport_cpp: rosidl_typesupport_fastrtps_cpp;rosidl_typesupport_introspection_cpp
[0.293s] -- Found PythonInterp: /usr/bin/python3 (found version "3.8.10") 
[0.366s] -- Found ament_cmake_ros: 0.9.2 (/opt/ros/foxy/share/ament_cmake_ros/cmake)
[0.437s] -- Using all available rosidl_typesupport_c: rosidl_typesupport_fastrtps_c;rosidl_typesupport_introspection_c
[0.441s] -- Using all available rosidl_typesupport_cpp: rosidl_typesupport_fastrtps_cpp;rosidl_typesupport_introspection_cpp
[0.459s] -- Found PythonInterp: /usr/bin/python3 (found suitable version "3.8.10", minimum required is "3.5") 
[0.459s] -- Found python_cmake_module: 0.8.1 (/opt/ros/foxy/share/python_cmake_module/cmake)
[0.477s] -- Using PYTHON_EXECUTABLE: /usr/bin/python3
[0.477s] -- Using PYTHON_INCLUDE_DIRS: /usr/include/python3.8
[0.477s] -- Using PYTHON_LIBRARIES: /usr/lib/x86_64-linux-gnu/libpython3.8.so
[0.490s] -- Found rclcpp: 2.4.2 (/opt/ros/foxy/share/rclcpp/cmake)
[0.519s] -- Found rmw_implementation_cmake: 1.0.3 (/opt/ros/foxy/share/rmw_implementation_cmake/cmake)
[0.520s] -- Using RMW implementation 'rmw_fastrtps_cpp' as default
[0.610s] -- Configuring done
[0.627s] -- Generating done
[0.629s] -- Build files have been written to: /home/malacoda/ros2_ws/build/more_interfaces
[0.651s] [  3%] [34m[1mGenerating C code for ROS interfaces[0m
[0.655s] [  6%] [34m[1mGenerating C++ code for ROS interfaces[0m
[0.798s] [  6%] Built target more_interfaces__cpp
[0.798s] [35m[1mScanning dependencies of target more_interfaces__rosidl_generator_c[0m
[0.805s] [  9%] [34m[1mGenerating C++ introspection for ROS interfaces[0m
[0.805s] [ 12%] [34m[1mGenerating C++ type support dispatch for ROS interfaces[0m
[0.805s] [ 15%] [34m[1mGenerating C++ type support for eProsima Fast-RTPS[0m
[0.808s] [ 18%] [32mBuilding C object CMakeFiles/more_interfaces__rosidl_generator_c.dir/rosidl_generator_c/more_interfaces/msg/detail/address_book__functions.c.o[0m
[0.839s] [ 21%] [32m[1mLinking C shared library libmore_interfaces__rosidl_generator_c.so[0m
[0.859s] [ 21%] Built target more_interfaces__rosidl_generator_c
[0.865s] [ 24%] [34m[1mGenerating C introspection for ROS interfaces[0m
[0.866s] [ 27%] [34m[1mGenerating C type support dispatch for ROS interfaces[0m
[0.928s] [35m[1mScanning dependencies of target more_interfaces__rosidl_typesupport_cpp[0m
[0.934s] [ 30%] [32mBuilding CXX object CMakeFiles/more_interfaces__rosidl_typesupport_cpp.dir/rosidl_typesupport_cpp/more_interfaces/msg/address_book__type_support.cpp.o[0m
[0.939s] [35m[1mScanning dependencies of target more_interfaces__rosidl_typesupport_introspection_cpp[0m
[0.941s] [35m[1mScanning dependencies of target more_interfaces__rosidl_typesupport_fastrtps_cpp[0m
[0.946s] [ 33%] [32mBuilding CXX object CMakeFiles/more_interfaces__rosidl_typesupport_introspection_cpp.dir/rosidl_typesupport_introspection_cpp/more_interfaces/msg/detail/address_book__type_support.cpp.o[0m
[0.949s] [ 36%] [32mBuilding CXX object CMakeFiles/more_interfaces__rosidl_typesupport_fastrtps_cpp.dir/rosidl_typesupport_fastrtps_cpp/more_interfaces/msg/detail/dds_fastrtps/address_book__type_support.cpp.o[0m
[0.987s] [35m[1mScanning dependencies of target more_interfaces__rosidl_typesupport_c[0m
[0.994s] [ 39%] [32mBuilding CXX object CMakeFiles/more_interfaces__rosidl_typesupport_c.dir/rosidl_typesupport_c/more_interfaces/msg/address_book__type_support.cpp.o[0m
[0.998s] [35m[1mScanning dependencies of target more_interfaces__rosidl_typesupport_introspection_c[0m
[1.005s] [ 42%] [32mBuilding C object CMakeFiles/more_interfaces__rosidl_typesupport_introspection_c.dir/rosidl_typesupport_introspection_c/more_interfaces/msg/detail/address_book__type_support.c.o[0m
[1.012s] [ 45%] [32m[1mLinking CXX shared library libmore_interfaces__rosidl_typesupport_c.so[0m
[1.025s] [ 48%] [32m[1mLinking C shared library libmore_interfaces__rosidl_typesupport_introspection_c.so[0m
[1.034s] [ 48%] Built target more_interfaces__rosidl_typesupport_c
[1.041s] [ 48%] Built target more_interfaces__rosidl_typesupport_introspection_c
[1.102s] [ 51%] [32m[1mLinking CXX shared library libmore_interfaces__rosidl_typesupport_cpp.so[0m
[1.111s] [ 54%] [32m[1mLinking CXX shared library libmore_interfaces__rosidl_typesupport_introspection_cpp.so[0m
[1.132s] [ 54%] Built target more_interfaces__rosidl_typesupport_cpp
[1.147s] [ 54%] Built target more_interfaces__rosidl_typesupport_introspection_cpp
[1.191s] [ 57%] [32m[1mLinking CXX shared library libmore_interfaces__rosidl_typesupport_fastrtps_cpp.so[0m
[1.244s] [ 57%] Built target more_interfaces__rosidl_typesupport_fastrtps_cpp
[1.254s] [ 60%] [34m[1mGenerating C type support for eProsima Fast-RTPS[0m
[1.388s] [35m[1mScanning dependencies of target more_interfaces__rosidl_typesupport_fastrtps_c[0m
[1.399s] [ 63%] [32mBuilding CXX object CMakeFiles/more_interfaces__rosidl_typesupport_fastrtps_c.dir/rosidl_typesupport_fastrtps_c/more_interfaces/msg/detail/address_book__type_support_c.cpp.o[0m
[1.609s] [ 66%] [32m[1mLinking CXX shared library libmore_interfaces__rosidl_typesupport_fastrtps_c.so[0m
[1.662s] [ 66%] Built target more_interfaces__rosidl_typesupport_fastrtps_c
[1.680s] [ 66%] Built target more_interfaces
[1.691s] [35m[1mScanning dependencies of target publish_address_book[0m
[1.698s] [ 69%] [34m[1mGenerating Python code for ROS interfaces[0m
[1.712s] [ 72%] [32mBuilding CXX object CMakeFiles/publish_address_book.dir/src/publish_address_book.cpp.o[0m
[1.928s] [ 72%] Built target more_interfaces__py
[1.933s] [35m[1mScanning dependencies of target more_interfaces__python[0m
[1.944s] [ 75%] [32mBuilding C object CMakeFiles/more_interfaces__python.dir/rosidl_generator_py/more_interfaces/msg/_address_book_s.c.o[0m
[1.999s] [ 78%] [32m[1mLinking C shared library rosidl_generator_py/more_interfaces/libmore_interfaces__python.so[0m
[2.027s] [ 78%] Built target more_interfaces__python
[2.037s] [35m[1mScanning dependencies of target more_interfaces__rosidl_typesupport_c__pyext[0m
[2.039s] [35m[1mScanning dependencies of target more_interfaces__rosidl_typesupport_fastrtps_c__pyext[0m
[2.039s] [35m[1mScanning dependencies of target more_interfaces__rosidl_typesupport_introspection_c__pyext[0m
[2.047s] [ 81%] [32mBuilding C object CMakeFiles/more_interfaces__rosidl_typesupport_c__pyext.dir/rosidl_generator_py/more_interfaces/_more_interfaces_s.ep.rosidl_typesupport_c.c.o[0m
[2.050s] [ 87%] [32mBuilding C object CMakeFiles/more_interfaces__rosidl_typesupport_introspection_c__pyext.dir/rosidl_generator_py/more_interfaces/_more_interfaces_s.ep.rosidl_typesupport_introspection_c.c.o[0m
[2.050s] [ 87%] [32mBuilding C object CMakeFiles/more_interfaces__rosidl_typesupport_fastrtps_c__pyext.dir/rosidl_generator_py/more_interfaces/_more_interfaces_s.ep.rosidl_typesupport_fastrtps_c.c.o[0m
[2.093s] [ 90%] [32m[1mLinking C shared library rosidl_generator_py/more_interfaces/more_interfaces_s__rosidl_typesupport_c.cpython-38-x86_64-linux-gnu.so[0m
[2.095s] [ 93%] [32m[1mLinking C shared library rosidl_generator_py/more_interfaces/more_interfaces_s__rosidl_typesupport_introspection_c.cpython-38-x86_64-linux-gnu.so[0m
[2.100s] [ 96%] [32m[1mLinking CXX shared library rosidl_generator_py/more_interfaces/more_interfaces_s__rosidl_typesupport_fastrtps_c.cpython-38-x86_64-linux-gnu.so[0m
[2.115s] [ 96%] Built target more_interfaces__rosidl_typesupport_c__pyext
[2.115s] [ 96%] Built target more_interfaces__rosidl_typesupport_introspection_c__pyext
[2.141s] [ 96%] Built target more_interfaces__rosidl_typesupport_fastrtps_c__pyext
[3.431s] [100%] [32m[1mLinking CXX executable publish_address_book[0m
[3.520s] [100%] Built target publish_address_book
[3.532s] Invoked command in '/home/malacoda/ros2_ws/build/more_interfaces' returned '0': CMAKE_PREFIX_PATH=${CMAKE_PREFIX_PATH}:/home/malacoda/ros2_ws/src/install/my_package:/opt/ros/foxy /usr/bin/cmake --build /home/malacoda/ros2_ws/build/more_interfaces -- -j32 -l32
[3.588s] Invoking command in '/home/malacoda/ros2_ws/build/more_interfaces': CMAKE_PREFIX_PATH=${CMAKE_PREFIX_PATH}:/home/malacoda/ros2_ws/src/install/my_package:/opt/ros/foxy /usr/bin/cmake --install /home/malacoda/ros2_ws/build/more_interfaces
[3.596s] -- Install configuration: ""
[3.597s] -- Up-to-date: /home/malacoda/ros2_ws/install/more_interfaces/share/ament_index/resource_index/rosidl_interfaces/more_interfaces
[3.597s] -- Up-to-date: /home/malacoda/ros2_ws/install/more_interfaces/include/more_interfaces
[3.597s] -- Up-to-date: /home/malacoda/ros2_ws/install/more_interfaces/include/more_interfaces/msg
[3.597s] -- Up-to-date: /home/malacoda/ros2_ws/install/more_interfaces/include/more_interfaces/msg/detail
[3.597s] -- Installing: /home/malacoda/ros2_ws/install/more_interfaces/include/more_interfaces/msg/detail/address_book__type_support.h
[3.597s] -- Installing: /home/malacoda/ros2_ws/install/more_interfaces/include/more_interfaces/msg/detail/address_book__functions.h
[3.597s] -- Installing: /home/malacoda/ros2_ws/install/more_interfaces/include/more_interfaces/msg/detail/address_book__struct.h
[3.597s] -- Installing: /home/malacoda/ros2_ws/install/more_interfaces/include/more_interfaces/msg/detail/address_book__functions.c
[3.597s] -- Up-to-date: /home/malacoda/ros2_ws/install/more_interfaces/include/more_interfaces/msg/rosidl_generator_c__visibility_control.h
[3.597s] -- Installing: /home/malacoda/ros2_ws/install/more_interfaces/include/more_interfaces/msg/address_book.h
[3.598s] -- Up-to-date: /home/malacoda/ros2_ws/install/more_interfaces/share/more_interfaces/environment/library_path.sh
[3.598s] -- Installing: /home/malacoda/ros2_ws/install/more_interfaces/share/more_interfaces/environment/library_path.dsv
[3.598s] -- Installing: /home/malacoda/ros2_ws/install/more_interfaces/lib/libmore_interfaces__rosidl_generator_c.so
[3.598s] -- Set runtime path of "/home/malacoda/ros2_ws/install/more_interfaces/lib/libmore_interfaces__rosidl_generator_c.so" to ""
[3.598s] -- Up-to-date: /home/malacoda/ros2_ws/install/more_interfaces/include/more_interfaces
[3.598s] -- Up-to-date: /home/malacoda/ros2_ws/install/more_interfaces/include/more_interfaces/msg
[3.598s] -- Up-to-date: /home/malacoda/ros2_ws/install/more_interfaces/include/more_interfaces/msg/detail
[3.598s] -- Installing: /home/malacoda/ros2_ws/install/more_interfaces/include/more_interfaces/msg/detail/address_book__rosidl_typesupport_fastrtps_c.h
[3.599s] -- Up-to-date: /home/malacoda/ros2_ws/install/more_interfaces/include/more_interfaces/msg/rosidl_typesupport_fastrtps_c__visibility_control.h
[3.599s] -- Installing: /home/malacoda/ros2_ws/install/more_interfaces/lib/libmore_interfaces__rosidl_typesupport_fastrtps_c.so
[3.599s] -- Set runtime path of "/home/malacoda/ros2_ws/install/more_interfaces/lib/libmore_interfaces__rosidl_typesupport_fastrtps_c.so" to ""
[3.599s] -- Up-to-date: /home/malacoda/ros2_ws/install/more_interfaces/include/more_interfaces
[3.599s] -- Up-to-date: /home/malacoda/ros2_ws/install/more_interfaces/include/more_interfaces/msg
[3.599s] -- Up-to-date: /home/malacoda/ros2_ws/install/more_interfaces/include/more_interfaces/msg/detail
[3.599s] -- Up-to-date: /home/malacoda/ros2_ws/install/more_interfaces/include/more_interfaces/msg/detail/dds_fastrtps
[3.599s] -- Installing: /home/malacoda/ros2_ws/install/more_interfaces/include/more_interfaces/msg/detail/address_book__rosidl_typesupport_fastrtps_cpp.hpp
[3.600s] -- Up-to-date: /home/malacoda/ros2_ws/install/more_interfaces/include/more_interfaces/msg/rosidl_typesupport_fastrtps_cpp__visibility_control.h
[3.600s] -- Installing: /home/malacoda/ros2_ws/install/more_interfaces/lib/libmore_interfaces__rosidl_typesupport_fastrtps_cpp.so
[3.600s] -- Set runtime path of "/home/malacoda/ros2_ws/install/more_interfaces/lib/libmore_interfaces__rosidl_typesupport_fastrtps_cpp.so" to ""
[3.600s] -- Up-to-date: /home/malacoda/ros2_ws/install/more_interfaces/include/more_interfaces
[3.600s] -- Up-to-date: /home/malacoda/ros2_ws/install/more_interfaces/include/more_interfaces/msg
[3.600s] -- Up-to-date: /home/malacoda/ros2_ws/install/more_interfaces/include/more_interfaces/msg/detail
[3.600s] -- Installing: /home/malacoda/ros2_ws/install/more_interfaces/include/more_interfaces/msg/detail/address_book__rosidl_typesupport_introspection_c.h
[3.600s] -- Installing: /home/malacoda/ros2_ws/install/more_interfaces/include/more_interfaces/msg/detail/address_book__type_support.c
[3.601s] -- Up-to-date: /home/malacoda/ros2_ws/install/more_interfaces/include/more_interfaces/msg/rosidl_typesupport_introspection_c__visibility_control.h
[3.601s] -- Installing: /home/malacoda/ros2_ws/install/more_interfaces/lib/libmore_interfaces__rosidl_typesupport_introspection_c.so
[3.601s] -- Set runtime path of "/home/malacoda/ros2_ws/install/more_interfaces/lib/libmore_interfaces__rosidl_typesupport_introspection_c.so" to ""
[3.601s] -- Installing: /home/malacoda/ros2_ws/install/more_interfaces/lib/libmore_interfaces__rosidl_typesupport_c.so
[3.602s] -- Set runtime path of "/home/malacoda/ros2_ws/install/more_interfaces/lib/libmore_interfaces__rosidl_typesupport_c.so" to ""
[3.602s] -- Up-to-date: /home/malacoda/ros2_ws/install/more_interfaces/include/more_interfaces
[3.602s] -- Up-to-date: /home/malacoda/ros2_ws/install/more_interfaces/include/more_interfaces/msg
[3.602s] -- Up-to-date: /home/malacoda/ros2_ws/install/more_interfaces/include/more_interfaces/msg/detail
[3.602s] -- Installing: /home/malacoda/ros2_ws/install/more_interfaces/include/more_interfaces/msg/detail/address_book__traits.hpp
[3.602s] -- Installing: /home/malacoda/ros2_ws/install/more_interfaces/include/more_interfaces/msg/detail/address_book__struct.hpp
[3.602s] -- Installing: /home/malacoda/ros2_ws/install/more_interfaces/include/more_interfaces/msg/detail/address_book__builder.hpp
[3.602s] -- Installing: /home/malacoda/ros2_ws/install/more_interfaces/include/more_interfaces/msg/address_book.hpp
[3.602s] -- Up-to-date: /home/malacoda/ros2_ws/install/more_interfaces/include/more_interfaces
[3.602s] -- Up-to-date: /home/malacoda/ros2_ws/install/more_interfaces/include/more_interfaces/msg
[3.603s] -- Up-to-date: /home/malacoda/ros2_ws/install/more_interfaces/include/more_interfaces/msg/detail
[3.603s] -- Installing: /home/malacoda/ros2_ws/install/more_interfaces/include/more_interfaces/msg/detail/address_book__rosidl_typesupport_introspection_cpp.hpp
[3.603s] -- Installing: /home/malacoda/ros2_ws/install/more_interfaces/include/more_interfaces/msg/detail/address_book__type_support.cpp
[3.603s] -- Installing: /home/malacoda/ros2_ws/install/more_interfaces/lib/libmore_interfaces__rosidl_typesupport_introspection_cpp.so
[3.603s] -- Set runtime path of "/home/malacoda/ros2_ws/install/more_interfaces/lib/libmore_interfaces__rosidl_typesupport_introspection_cpp.so" to ""
[3.603s] -- Installing: /home/malacoda/ros2_ws/install/more_interfaces/lib/libmore_interfaces__rosidl_typesupport_cpp.so
[3.604s] -- Set runtime path of "/home/malacoda/ros2_ws/install/more_interfaces/lib/libmore_interfaces__rosidl_typesupport_cpp.so" to ""
[3.604s] -- Up-to-date: /home/malacoda/ros2_ws/install/more_interfaces/share/more_interfaces/environment/pythonpath.sh
[3.604s] -- Installing: /home/malacoda/ros2_ws/install/more_interfaces/share/more_interfaces/environment/pythonpath.dsv
[3.604s] -- Installing: /home/malacoda/ros2_ws/install/more_interfaces/lib/python3.8/site-packages/more_interfaces/__init__.py
[3.628s] Compiling '/home/malacoda/ros2_ws/install/more_interfaces/lib/python3.8/site-packages/more_interfaces/__init__.py'...
[3.629s] -- Up-to-date: /home/malacoda/ros2_ws/install/more_interfaces/lib/python3.8/site-packages/more_interfaces/msg
[3.630s] -- Installing: /home/malacoda/ros2_ws/install/more_interfaces/lib/python3.8/site-packages/more_interfaces/msg/_address_book_s.c
[3.630s] -- Installing: /home/malacoda/ros2_ws/install/more_interfaces/lib/python3.8/site-packages/more_interfaces/msg/_address_book.py
[3.630s] -- Installing: /home/malacoda/ros2_ws/install/more_interfaces/lib/python3.8/site-packages/more_interfaces/msg/__init__.py
[3.630s] -- Installing: /home/malacoda/ros2_ws/install/more_interfaces/lib/python3.8/site-packages/more_interfaces/more_interfaces_s__rosidl_typesupport_fastrtps_c.cpython-38-x86_64-linux-gnu.so
[3.630s] -- Set runtime path of "/home/malacoda/ros2_ws/install/more_interfaces/lib/python3.8/site-packages/more_interfaces/more_interfaces_s__rosidl_typesupport_fastrtps_c.cpython-38-x86_64-linux-gnu.so" to ""
[3.631s] -- Installing: /home/malacoda/ros2_ws/install/more_interfaces/lib/python3.8/site-packages/more_interfaces/more_interfaces_s__rosidl_typesupport_introspection_c.cpython-38-x86_64-linux-gnu.so
[3.631s] -- Set runtime path of "/home/malacoda/ros2_ws/install/more_interfaces/lib/python3.8/site-packages/more_interfaces/more_interfaces_s__rosidl_typesupport_introspection_c.cpython-38-x86_64-linux-gnu.so" to ""
[3.631s] -- Installing: /home/malacoda/ros2_ws/install/more_interfaces/lib/python3.8/site-packages/more_interfaces/more_interfaces_s__rosidl_typesupport_c.cpython-38-x86_64-linux-gnu.so
[3.632s] -- Set runtime path of "/home/malacoda/ros2_ws/install/more_interfaces/lib/python3.8/site-packages/more_interfaces/more_interfaces_s__rosidl_typesupport_c.cpython-38-x86_64-linux-gnu.so" to ""
[3.632s] -- Installing: /home/malacoda/ros2_ws/install/more_interfaces/lib/libmore_interfaces__python.so
[3.632s] -- Set runtime path of "/home/malacoda/ros2_ws/install/more_interfaces/lib/libmore_interfaces__python.so" to ""
[3.632s] -- Installing: /home/malacoda/ros2_ws/install/more_interfaces/share/more_interfaces/msg/AddressBook.idl
[3.632s] -- Installing: /home/malacoda/ros2_ws/install/more_interfaces/share/more_interfaces/msg/AddressBook.msg
[3.633s] -- Installing: /home/malacoda/ros2_ws/install/more_interfaces/lib/more_interfaces/publish_address_book
[3.633s] -- Set runtime path of "/home/malacoda/ros2_ws/install/more_interfaces/lib/more_interfaces/publish_address_book" to ""
[3.634s] -- Up-to-date: /home/malacoda/ros2_ws/install/more_interfaces/share/ament_index/resource_index/package_run_dependencies/more_interfaces
[3.634s] -- Installing: /home/malacoda/ros2_ws/install/more_interfaces/share/ament_index/resource_index/parent_prefix_path/more_interfaces
[3.634s] -- Up-to-date: /home/malacoda/ros2_ws/install/more_interfaces/share/more_interfaces/environment/ament_prefix_path.sh
[3.634s] -- Installing: /home/malacoda/ros2_ws/install/more_interfaces/share/more_interfaces/environment/ament_prefix_path.dsv
[3.634s] -- Up-to-date: /home/malacoda/ros2_ws/install/more_interfaces/share/more_interfaces/environment/path.sh
[3.634s] -- Installing: /home/malacoda/ros2_ws/install/more_interfaces/share/more_interfaces/environment/path.dsv
[3.634s] -- Up-to-date: /home/malacoda/ros2_ws/install/more_interfaces/share/more_interfaces/local_setup.bash
[3.634s] -- Up-to-date: /home/malacoda/ros2_ws/install/more_interfaces/share/more_interfaces/local_setup.sh
[3.634s] -- Up-to-date: /home/malacoda/ros2_ws/install/more_interfaces/share/more_interfaces/local_setup.zsh
[3.634s] -- Installing: /home/malacoda/ros2_ws/install/more_interfaces/share/more_interfaces/local_setup.dsv
[3.635s] -- Installing: /home/malacoda/ros2_ws/install/more_interfaces/share/more_interfaces/package.dsv
[3.635s] -- Up-to-date: /home/malacoda/ros2_ws/install/more_interfaces/share/ament_index/resource_index/packages/more_interfaces
[3.635s] -- Up-to-date: /home/malacoda/ros2_ws/install/more_interfaces/share/more_interfaces/cmake/more_interfaces__rosidl_generator_cExport.cmake
[3.635s] -- Installing: /home/malacoda/ros2_ws/install/more_interfaces/share/more_interfaces/cmake/more_interfaces__rosidl_generator_cExport-noconfig.cmake
[3.635s] -- Up-to-date: /home/malacoda/ros2_ws/install/more_interfaces/share/more_interfaces/cmake/more_interfaces__rosidl_typesupport_introspection_cExport.cmake
[3.635s] -- Installing: /home/malacoda/ros2_ws/install/more_interfaces/share/more_interfaces/cmake/more_interfaces__rosidl_typesupport_introspection_cExport-noconfig.cmake
[3.635s] -- Up-to-date: /home/malacoda/ros2_ws/install/more_interfaces/share/more_interfaces/cmake/more_interfaces__rosidl_typesupport_cExport.cmake
[3.635s] -- Installing: /home/malacoda/ros2_ws/install/more_interfaces/share/more_interfaces/cmake/more_interfaces__rosidl_typesupport_cExport-noconfig.cmake
[3.635s] -- Up-to-date: /home/malacoda/ros2_ws/install/more_interfaces/share/more_interfaces/cmake/more_interfaces__rosidl_generator_cppExport.cmake
[3.635s] -- Up-to-date: /home/malacoda/ros2_ws/install/more_interfaces/share/more_interfaces/cmake/more_interfaces__rosidl_typesupport_introspection_cppExport.cmake
[3.636s] -- Installing: /home/malacoda/ros2_ws/install/more_interfaces/share/more_interfaces/cmake/more_interfaces__rosidl_typesupport_introspection_cppExport-noconfig.cmake
[3.636s] -- Up-to-date: /home/malacoda/ros2_ws/install/more_interfaces/share/more_interfaces/cmake/more_interfaces__rosidl_typesupport_cppExport.cmake
[3.636s] -- Installing: /home/malacoda/ros2_ws/install/more_interfaces/share/more_interfaces/cmake/more_interfaces__rosidl_typesupport_cppExport-noconfig.cmake
[3.636s] -- Up-to-date: /home/malacoda/ros2_ws/install/more_interfaces/share/more_interfaces/cmake/rosidl_cmake-extras.cmake
[3.636s] -- Up-to-date: /home/malacoda/ros2_ws/install/more_interfaces/share/more_interfaces/cmake/ament_cmake_export_dependencies-extras.cmake
[3.636s] -- Up-to-date: /home/malacoda/ros2_ws/install/more_interfaces/share/more_interfaces/cmake/ament_cmake_export_libraries-extras.cmake
[3.636s] -- Up-to-date: /home/malacoda/ros2_ws/install/more_interfaces/share/more_interfaces/cmake/ament_cmake_export_targets-extras.cmake
[3.636s] -- Up-to-date: /home/malacoda/ros2_ws/install/more_interfaces/share/more_interfaces/cmake/ament_cmake_export_include_directories-extras.cmake
[3.636s] -- Up-to-date: /home/malacoda/ros2_ws/install/more_interfaces/share/more_interfaces/cmake/rosidl_cmake_export_typesupport_libraries-extras.cmake
[3.636s] -- Up-to-date: /home/malacoda/ros2_ws/install/more_interfaces/share/more_interfaces/cmake/rosidl_cmake_export_typesupport_targets-extras.cmake
[3.637s] -- Up-to-date: /home/malacoda/ros2_ws/install/more_interfaces/share/more_interfaces/cmake/more_interfacesConfig.cmake
[3.637s] -- Up-to-date: /home/malacoda/ros2_ws/install/more_interfaces/share/more_interfaces/cmake/more_interfacesConfig-version.cmake
[3.637s] -- Up-to-date: /home/malacoda/ros2_ws/install/more_interfaces/share/more_interfaces/package.xml
[3.638s] Invoked command in '/home/malacoda/ros2_ws/build/more_interfaces' returned '0': CMAKE_PREFIX_PATH=${CMAKE_PREFIX_PATH}:/home/malacoda/ros2_ws/src/install/my_package:/opt/ros/foxy /usr/bin/cmake --install /home/malacoda/ros2_ws/build/more_interfaces
