[0.357s] Invoking command in '/home/malacoda/ros2_ws/src/py_pubsub': PYTHONPATH=/home/malacoda/ros2_ws/build/py_pubsub/prefix_override:/home/malacoda/ros2_ws/install/py_pubsub/lib/python3.8/site-packages:${PYTHONPATH} /usr/bin/python3 setup.py egg_info --egg-base ../../build/py_pubsub build --build-base /home/malacoda/ros2_ws/build/py_pubsub/build install --record /home/malacoda/ros2_ws/build/py_pubsub/install.log --install-scripts $base/lib/py_pubsub --single-version-externally-managed
[0.483s] running egg_info
[0.483s] creating ../../build/py_pubsub/py_pubsub.egg-info
[0.483s] writing ../../build/py_pubsub/py_pubsub.egg-info/PKG-INFO
[0.483s] writing dependency_links to ../../build/py_pubsub/py_pubsub.egg-info/dependency_links.txt
[0.483s] writing entry points to ../../build/py_pubsub/py_pubsub.egg-info/entry_points.txt
[0.483s] writing requirements to ../../build/py_pubsub/py_pubsub.egg-info/requires.txt
[0.483s] writing top-level names to ../../build/py_pubsub/py_pubsub.egg-info/top_level.txt
[0.484s] writing manifest file '../../build/py_pubsub/py_pubsub.egg-info/SOURCES.txt'
[0.503s] reading manifest file '../../build/py_pubsub/py_pubsub.egg-info/SOURCES.txt'
[0.503s] writing manifest file '../../build/py_pubsub/py_pubsub.egg-info/SOURCES.txt'
[0.503s] running build
[0.503s] running build_py
[0.503s] creating /home/malacoda/ros2_ws/build/py_pubsub/build
[0.503s] creating /home/malacoda/ros2_ws/build/py_pubsub/build/lib
[0.504s] creating /home/malacoda/ros2_ws/build/py_pubsub/build/lib/py_pubsub
[0.504s] copying py_pubsub/__init__.py -> /home/malacoda/ros2_ws/build/py_pubsub/build/lib/py_pubsub
[0.504s] copying py_pubsub/subscriber_member_function.py -> /home/malacoda/ros2_ws/build/py_pubsub/build/lib/py_pubsub
[0.504s] copying py_pubsub/publisher_member_function.py -> /home/malacoda/ros2_ws/build/py_pubsub/build/lib/py_pubsub
[0.504s] running install
[0.504s] running install_lib
[0.504s] creating /home/malacoda/ros2_ws/install/py_pubsub/lib/python3.8/site-packages/py_pubsub
[0.504s] copying /home/malacoda/ros2_ws/build/py_pubsub/build/lib/py_pubsub/__init__.py -> /home/malacoda/ros2_ws/install/py_pubsub/lib/python3.8/site-packages/py_pubsub
[0.505s] copying /home/malacoda/ros2_ws/build/py_pubsub/build/lib/py_pubsub/subscriber_member_function.py -> /home/malacoda/ros2_ws/install/py_pubsub/lib/python3.8/site-packages/py_pubsub
[0.505s] copying /home/malacoda/ros2_ws/build/py_pubsub/build/lib/py_pubsub/publisher_member_function.py -> /home/malacoda/ros2_ws/install/py_pubsub/lib/python3.8/site-packages/py_pubsub
[0.505s] byte-compiling /home/malacoda/ros2_ws/install/py_pubsub/lib/python3.8/site-packages/py_pubsub/__init__.py to __init__.cpython-38.pyc
[0.505s] byte-compiling /home/malacoda/ros2_ws/install/py_pubsub/lib/python3.8/site-packages/py_pubsub/subscriber_member_function.py to subscriber_member_function.cpython-38.pyc
[0.506s] byte-compiling /home/malacoda/ros2_ws/install/py_pubsub/lib/python3.8/site-packages/py_pubsub/publisher_member_function.py to publisher_member_function.cpython-38.pyc
[0.506s] running install_data
[0.506s] creating /home/malacoda/ros2_ws/install/py_pubsub/share/ament_index
[0.506s] creating /home/malacoda/ros2_ws/install/py_pubsub/share/ament_index/resource_index
[0.506s] creating /home/malacoda/ros2_ws/install/py_pubsub/share/ament_index/resource_index/packages
[0.506s] copying resource/py_pubsub -> /home/malacoda/ros2_ws/install/py_pubsub/share/ament_index/resource_index/packages
[0.506s] copying package.xml -> /home/malacoda/ros2_ws/install/py_pubsub/share/py_pubsub
[0.507s] running install_egg_info
[0.507s] Copying ../../build/py_pubsub/py_pubsub.egg-info to /home/malacoda/ros2_ws/install/py_pubsub/lib/python3.8/site-packages/py_pubsub-0.0.0-py3.8.egg-info
[0.507s] running install_scripts
[0.516s] Installing pylistener script to /home/malacoda/ros2_ws/install/py_pubsub/lib/py_pubsub
[0.517s] Installing pytalker script to /home/malacoda/ros2_ws/install/py_pubsub/lib/py_pubsub
[0.517s] writing list of installed files to '/home/malacoda/ros2_ws/build/py_pubsub/install.log'
[0.527s] Invoked command in '/home/malacoda/ros2_ws/src/py_pubsub' returned '0': PYTHONPATH=/home/malacoda/ros2_ws/build/py_pubsub/prefix_override:/home/malacoda/ros2_ws/install/py_pubsub/lib/python3.8/site-packages:${PYTHONPATH} /usr/bin/python3 setup.py egg_info --egg-base ../../build/py_pubsub build --build-base /home/malacoda/ros2_ws/build/py_pubsub/build install --record /home/malacoda/ros2_ws/build/py_pubsub/install.log --install-scripts $base/lib/py_pubsub --single-version-externally-managed
