[0.086s] DEBUG:colcon:Command line arguments: ['/usr/bin/colcon', 'build', '--packages-up-to', 'more_interfaces']
[0.087s] DEBUG:colcon:Parsed command line arguments: Namespace(allow_overriding=[], ament_cmake_args=None, base_paths=['.'], build_base='build', catkin_cmake_args=None, catkin_skip_building_tests=False, cmake_args=None, cmake_clean_cache=False, cmake_clean_first=False, cmake_force_configure=False, cmake_target=None, cmake_target_skip_unavailable=False, continue_on_error=False, event_handlers=None, executor='parallel', ignore_user_meta=False, install_base='install', log_base=None, log_level=None, main=<bound method BuildVerb.main of <colcon_core.verb.build.BuildVerb object at 0x7fe2a62a5d90>>, merge_install=False, metas=['./colcon.meta'], packages_above=None, packages_above_and_dependencies=None, packages_above_depth=None, packages_end=None, packages_ignore=None, packages_ignore_regex=None, packages_select=None, packages_select_build_failed=False, packages_select_by_dep=None, packages_select_regex=None, packages_select_test_failures=False, packages_skip=None, packages_skip_build_finished=False, packages_skip_by_dep=None, packages_skip_regex=None, packages_skip_test_passed=False, packages_skip_up_to=None, packages_start=None, packages_up_to=['more_interfaces'], packages_up_to_regex=None, parallel_workers=32, paths=None, symlink_install=False, test_result_base=None, verb_extension=<colcon_core.verb.build.BuildVerb object at 0x7fe2a62a5d90>, verb_name='build', verb_parser=<colcon_defaults.argument_parser.defaults.DefaultArgumentsDecorator object at 0x7fe2a62b0340>)
[0.099s] Level 1:colcon.colcon_core.package_discovery:discover_packages(colcon_meta) check parameters
[0.099s] Level 1:colcon.colcon_core.package_discovery:discover_packages(recursive) check parameters
[0.099s] Level 1:colcon.colcon_core.package_discovery:discover_packages(ignore) check parameters
[0.099s] Level 1:colcon.colcon_core.package_discovery:discover_packages(path) check parameters
[0.100s] Level 1:colcon.colcon_core.package_discovery:discover_packages(colcon_meta) discover
[0.100s] Level 1:colcon.colcon_core.package_discovery:discover_packages(recursive) discover
[0.100s] INFO:colcon.colcon_core.package_discovery:Crawling recursively for packages in '/home/malacoda/ros2_ws/src'
[0.100s] Level 1:colcon.colcon_core.package_identification:_identify(.) by extensions ['ignore', 'ignore_ament_install']
[0.100s] Level 1:colcon.colcon_core.package_identification:_identify(.) by extension 'ignore'
[0.100s] Level 1:colcon.colcon_core.package_identification:_identify(.) by extension 'ignore_ament_install'
[0.100s] Level 1:colcon.colcon_core.package_identification:_identify(.) by extensions ['colcon_pkg']
[0.100s] Level 1:colcon.colcon_core.package_identification:_identify(.) by extension 'colcon_pkg'
[0.100s] Level 1:colcon.colcon_core.package_identification:_identify(.) by extensions ['colcon_meta']
[0.100s] Level 1:colcon.colcon_core.package_identification:_identify(.) by extension 'colcon_meta'
[0.100s] Level 1:colcon.colcon_core.package_identification:_identify(.) by extensions ['ros']
[0.100s] Level 1:colcon.colcon_core.package_identification:_identify(.) by extension 'ros'
[0.106s] Level 1:colcon.colcon_core.package_identification:_identify(.) by extensions ['cmake', 'python']
[0.106s] Level 1:colcon.colcon_core.package_identification:_identify(.) by extension 'cmake'
[0.106s] Level 1:colcon.colcon_core.package_identification:_identify(.) by extension 'python'
[0.106s] Level 1:colcon.colcon_core.package_identification:_identify(.) by extensions ['python_setup_py']
[0.106s] Level 1:colcon.colcon_core.package_identification:_identify(.) by extension 'python_setup_py'
[0.106s] Level 1:colcon.colcon_core.package_identification:_identify(build) by extensions ['ignore', 'ignore_ament_install']
[0.106s] Level 1:colcon.colcon_core.package_identification:_identify(build) by extension 'ignore'
[0.106s] Level 1:colcon.colcon_core.package_identification:_identify(build) ignored
[0.106s] Level 1:colcon.colcon_core.package_identification:_identify(cpp_parameters) by extensions ['ignore', 'ignore_ament_install']
[0.106s] Level 1:colcon.colcon_core.package_identification:_identify(cpp_parameters) by extension 'ignore'
[0.106s] Level 1:colcon.colcon_core.package_identification:_identify(cpp_parameters) by extension 'ignore_ament_install'
[0.106s] Level 1:colcon.colcon_core.package_identification:_identify(cpp_parameters) by extensions ['colcon_pkg']
[0.106s] Level 1:colcon.colcon_core.package_identification:_identify(cpp_parameters) by extension 'colcon_pkg'
[0.106s] Level 1:colcon.colcon_core.package_identification:_identify(cpp_parameters) by extensions ['colcon_meta']
[0.106s] Level 1:colcon.colcon_core.package_identification:_identify(cpp_parameters) by extension 'colcon_meta'
[0.107s] Level 1:colcon.colcon_core.package_identification:_identify(cpp_parameters) by extensions ['ros']
[0.107s] Level 1:colcon.colcon_core.package_identification:_identify(cpp_parameters) by extension 'ros'
[0.108s] DEBUG:colcon.colcon_core.package_identification:Package 'cpp_parameters' with type 'ros.ament_cmake' and name 'cpp_parameters'
[0.108s] Level 1:colcon.colcon_core.package_identification:_identify(cpp_pubsub) by extensions ['ignore', 'ignore_ament_install']
[0.108s] Level 1:colcon.colcon_core.package_identification:_identify(cpp_pubsub) by extension 'ignore'
[0.108s] Level 1:colcon.colcon_core.package_identification:_identify(cpp_pubsub) by extension 'ignore_ament_install'
[0.108s] Level 1:colcon.colcon_core.package_identification:_identify(cpp_pubsub) by extensions ['colcon_pkg']
[0.108s] Level 1:colcon.colcon_core.package_identification:_identify(cpp_pubsub) by extension 'colcon_pkg'
[0.108s] Level 1:colcon.colcon_core.package_identification:_identify(cpp_pubsub) by extensions ['colcon_meta']
[0.108s] Level 1:colcon.colcon_core.package_identification:_identify(cpp_pubsub) by extension 'colcon_meta'
[0.108s] Level 1:colcon.colcon_core.package_identification:_identify(cpp_pubsub) by extensions ['ros']
[0.108s] Level 1:colcon.colcon_core.package_identification:_identify(cpp_pubsub) by extension 'ros'
[0.109s] DEBUG:colcon.colcon_core.package_identification:Package 'cpp_pubsub' with type 'ros.ament_cmake' and name 'cpp_pubsub'
[0.109s] Level 1:colcon.colcon_core.package_identification:_identify(cpp_srvcli) by extensions ['ignore', 'ignore_ament_install']
[0.109s] Level 1:colcon.colcon_core.package_identification:_identify(cpp_srvcli) by extension 'ignore'
[0.109s] Level 1:colcon.colcon_core.package_identification:_identify(cpp_srvcli) by extension 'ignore_ament_install'
[0.109s] Level 1:colcon.colcon_core.package_identification:_identify(cpp_srvcli) by extensions ['colcon_pkg']
[0.109s] Level 1:colcon.colcon_core.package_identification:_identify(cpp_srvcli) by extension 'colcon_pkg'
[0.109s] Level 1:colcon.colcon_core.package_identification:_identify(cpp_srvcli) by extensions ['colcon_meta']
[0.109s] Level 1:colcon.colcon_core.package_identification:_identify(cpp_srvcli) by extension 'colcon_meta'
[0.109s] Level 1:colcon.colcon_core.package_identification:_identify(cpp_srvcli) by extensions ['ros']
[0.109s] Level 1:colcon.colcon_core.package_identification:_identify(cpp_srvcli) by extension 'ros'
[0.110s] DEBUG:colcon.colcon_core.package_identification:Package 'cpp_srvcli' with type 'ros.ament_cmake' and name 'cpp_srvcli'
[0.110s] Level 1:colcon.colcon_core.package_identification:_identify(install) by extensions ['ignore', 'ignore_ament_install']
[0.110s] Level 1:colcon.colcon_core.package_identification:_identify(install) by extension 'ignore'
[0.110s] Level 1:colcon.colcon_core.package_identification:_identify(install) ignored
[0.110s] Level 1:colcon.colcon_core.package_identification:_identify(log) by extensions ['ignore', 'ignore_ament_install']
[0.110s] Level 1:colcon.colcon_core.package_identification:_identify(log) by extension 'ignore'
[0.110s] Level 1:colcon.colcon_core.package_identification:_identify(log) ignored
[0.110s] Level 1:colcon.colcon_core.package_identification:_identify(more_interfaces) by extensions ['ignore', 'ignore_ament_install']
[0.110s] Level 1:colcon.colcon_core.package_identification:_identify(more_interfaces) by extension 'ignore'
[0.110s] Level 1:colcon.colcon_core.package_identification:_identify(more_interfaces) by extension 'ignore_ament_install'
[0.110s] Level 1:colcon.colcon_core.package_identification:_identify(more_interfaces) by extensions ['colcon_pkg']
[0.110s] Level 1:colcon.colcon_core.package_identification:_identify(more_interfaces) by extension 'colcon_pkg'
[0.110s] Level 1:colcon.colcon_core.package_identification:_identify(more_interfaces) by extensions ['colcon_meta']
[0.110s] Level 1:colcon.colcon_core.package_identification:_identify(more_interfaces) by extension 'colcon_meta'
[0.110s] Level 1:colcon.colcon_core.package_identification:_identify(more_interfaces) by extensions ['ros']
[0.110s] Level 1:colcon.colcon_core.package_identification:_identify(more_interfaces) by extension 'ros'
[0.110s] DEBUG:colcon.colcon_core.package_identification:Package 'more_interfaces' with type 'ros.ament_cmake' and name 'more_interfaces'
[0.111s] Level 1:colcon.colcon_core.package_identification:_identify(my_package) by extensions ['ignore', 'ignore_ament_install']
[0.111s] Level 1:colcon.colcon_core.package_identification:_identify(my_package) by extension 'ignore'
[0.111s] Level 1:colcon.colcon_core.package_identification:_identify(my_package) by extension 'ignore_ament_install'
[0.111s] Level 1:colcon.colcon_core.package_identification:_identify(my_package) by extensions ['colcon_pkg']
[0.111s] Level 1:colcon.colcon_core.package_identification:_identify(my_package) by extension 'colcon_pkg'
[0.111s] Level 1:colcon.colcon_core.package_identification:_identify(my_package) by extensions ['colcon_meta']
[0.111s] Level 1:colcon.colcon_core.package_identification:_identify(my_package) by extension 'colcon_meta'
[0.111s] Level 1:colcon.colcon_core.package_identification:_identify(my_package) by extensions ['ros']
[0.111s] Level 1:colcon.colcon_core.package_identification:_identify(my_package) by extension 'ros'
[0.111s] DEBUG:colcon.colcon_core.package_identification:Package 'my_package' with type 'ros.ament_python' and name 'my_package'
[0.111s] Level 1:colcon.colcon_core.package_identification:_identify(ros_tutorials) by extensions ['ignore', 'ignore_ament_install']
[0.111s] Level 1:colcon.colcon_core.package_identification:_identify(ros_tutorials) by extension 'ignore'
[0.111s] Level 1:colcon.colcon_core.package_identification:_identify(ros_tutorials) by extension 'ignore_ament_install'
[0.111s] Level 1:colcon.colcon_core.package_identification:_identify(ros_tutorials) by extensions ['colcon_pkg']
[0.111s] Level 1:colcon.colcon_core.package_identification:_identify(ros_tutorials) by extension 'colcon_pkg'
[0.111s] Level 1:colcon.colcon_core.package_identification:_identify(ros_tutorials) by extensions ['colcon_meta']
[0.111s] Level 1:colcon.colcon_core.package_identification:_identify(ros_tutorials) by extension 'colcon_meta'
[0.111s] Level 1:colcon.colcon_core.package_identification:_identify(ros_tutorials) by extensions ['ros']
[0.111s] Level 1:colcon.colcon_core.package_identification:_identify(ros_tutorials) by extension 'ros'
[0.111s] Level 1:colcon.colcon_core.package_identification:_identify(ros_tutorials) by extensions ['cmake', 'python']
[0.111s] Level 1:colcon.colcon_core.package_identification:_identify(ros_tutorials) by extension 'cmake'
[0.111s] Level 1:colcon.colcon_core.package_identification:_identify(ros_tutorials) by extension 'python'
[0.111s] Level 1:colcon.colcon_core.package_identification:_identify(ros_tutorials) by extensions ['python_setup_py']
[0.111s] Level 1:colcon.colcon_core.package_identification:_identify(ros_tutorials) by extension 'python_setup_py'
[0.111s] Level 1:colcon.colcon_core.package_identification:_identify(ros_tutorials/ros_tutorials) by extensions ['ignore', 'ignore_ament_install']
[0.112s] Level 1:colcon.colcon_core.package_identification:_identify(ros_tutorials/ros_tutorials) by extension 'ignore'
[0.112s] Level 1:colcon.colcon_core.package_identification:_identify(ros_tutorials/ros_tutorials) ignored
[0.112s] Level 1:colcon.colcon_core.package_identification:_identify(ros_tutorials/roscpp_tutorials) by extensions ['ignore', 'ignore_ament_install']
[0.112s] Level 1:colcon.colcon_core.package_identification:_identify(ros_tutorials/roscpp_tutorials) by extension 'ignore'
[0.112s] Level 1:colcon.colcon_core.package_identification:_identify(ros_tutorials/roscpp_tutorials) ignored
[0.112s] Level 1:colcon.colcon_core.package_identification:_identify(ros_tutorials/rospy_tutorials) by extensions ['ignore', 'ignore_ament_install']
[0.112s] Level 1:colcon.colcon_core.package_identification:_identify(ros_tutorials/rospy_tutorials) by extension 'ignore'
[0.112s] Level 1:colcon.colcon_core.package_identification:_identify(ros_tutorials/rospy_tutorials) ignored
[0.112s] Level 1:colcon.colcon_core.package_identification:_identify(ros_tutorials/turtlesim) by extensions ['ignore', 'ignore_ament_install']
[0.112s] Level 1:colcon.colcon_core.package_identification:_identify(ros_tutorials/turtlesim) by extension 'ignore'
[0.112s] Level 1:colcon.colcon_core.package_identification:_identify(ros_tutorials/turtlesim) by extension 'ignore_ament_install'
[0.112s] Level 1:colcon.colcon_core.package_identification:_identify(ros_tutorials/turtlesim) by extensions ['colcon_pkg']
[0.112s] Level 1:colcon.colcon_core.package_identification:_identify(ros_tutorials/turtlesim) by extension 'colcon_pkg'
[0.112s] Level 1:colcon.colcon_core.package_identification:_identify(ros_tutorials/turtlesim) by extensions ['colcon_meta']
[0.112s] Level 1:colcon.colcon_core.package_identification:_identify(ros_tutorials/turtlesim) by extension 'colcon_meta'
[0.112s] Level 1:colcon.colcon_core.package_identification:_identify(ros_tutorials/turtlesim) by extensions ['ros']
[0.112s] Level 1:colcon.colcon_core.package_identification:_identify(ros_tutorials/turtlesim) by extension 'ros'
[0.113s] DEBUG:colcon.colcon_core.package_identification:Package 'ros_tutorials/turtlesim' with type 'ros.ament_cmake' and name 'turtlesim'
[0.113s] Level 1:colcon.colcon_core.package_identification:_identify(tutorial_interfaces) by extensions ['ignore', 'ignore_ament_install']
[0.113s] Level 1:colcon.colcon_core.package_identification:_identify(tutorial_interfaces) by extension 'ignore'
[0.113s] Level 1:colcon.colcon_core.package_identification:_identify(tutorial_interfaces) by extension 'ignore_ament_install'
[0.113s] Level 1:colcon.colcon_core.package_identification:_identify(tutorial_interfaces) by extensions ['colcon_pkg']
[0.113s] Level 1:colcon.colcon_core.package_identification:_identify(tutorial_interfaces) by extension 'colcon_pkg'
[0.113s] Level 1:colcon.colcon_core.package_identification:_identify(tutorial_interfaces) by extensions ['colcon_meta']
[0.113s] Level 1:colcon.colcon_core.package_identification:_identify(tutorial_interfaces) by extension 'colcon_meta'
[0.113s] Level 1:colcon.colcon_core.package_identification:_identify(tutorial_interfaces) by extensions ['ros']
[0.113s] Level 1:colcon.colcon_core.package_identification:_identify(tutorial_interfaces) by extension 'ros'
[0.118s] DEBUG:colcon.colcon_core.package_identification:Package 'tutorial_interfaces' with type 'ros.ament_cmake' and name 'tutorial_interfaces'
[0.118s] Level 1:colcon.colcon_core.package_discovery:discover_packages(recursive) using defaults
[0.118s] Level 1:colcon.colcon_core.package_discovery:discover_packages(ignore) discover
[0.118s] Level 1:colcon.colcon_core.package_discovery:discover_packages(ignore) using defaults
[0.118s] Level 1:colcon.colcon_core.package_discovery:discover_packages(path) discover
[0.118s] Level 1:colcon.colcon_core.package_discovery:discover_packages(path) using defaults
[0.129s] INFO:colcon.colcon_core.package_selection:Skipping package 'cpp_srvcli' in 'cpp_srvcli'
[0.129s] INFO:colcon.colcon_core.package_selection:Skipping package 'cpp_pubsub' in 'cpp_pubsub'
[0.129s] INFO:colcon.colcon_core.package_selection:Skipping package 'tutorial_interfaces' in 'tutorial_interfaces'
[0.129s] INFO:colcon.colcon_core.package_selection:Skipping package 'turtlesim' in 'ros_tutorials/turtlesim'
[0.129s] INFO:colcon.colcon_core.package_selection:Skipping package 'my_package' in 'my_package'
[0.129s] INFO:colcon.colcon_core.package_selection:Skipping package 'cpp_parameters' in 'cpp_parameters'
[0.129s] Level 1:colcon.colcon_core.package_discovery:discover_packages(prefix_path) check parameters
[0.129s] Level 1:colcon.colcon_core.package_discovery:discover_packages(prefix_path) discover
[0.131s] DEBUG:colcon.colcon_installed_package_information.package_discovery:Found 1 installed packages in /home/malacoda/ros2_ws/src/install
[0.132s] DEBUG:colcon.colcon_installed_package_information.package_discovery:Found 299 installed packages in /opt/ros/foxy
[0.133s] Level 1:colcon.colcon_core.package_discovery:discover_packages(prefix_path) using defaults
[0.175s] Level 5:colcon.colcon_core.verb:set package 'more_interfaces' build argument 'cmake_args' from command line to 'None'
[0.175s] Level 5:colcon.colcon_core.verb:set package 'more_interfaces' build argument 'cmake_target' from command line to 'None'
[0.175s] Level 5:colcon.colcon_core.verb:set package 'more_interfaces' build argument 'cmake_target_skip_unavailable' from command line to 'False'
[0.175s] Level 5:colcon.colcon_core.verb:set package 'more_interfaces' build argument 'cmake_clean_cache' from command line to 'False'
[0.175s] Level 5:colcon.colcon_core.verb:set package 'more_interfaces' build argument 'cmake_clean_first' from command line to 'False'
[0.175s] Level 5:colcon.colcon_core.verb:set package 'more_interfaces' build argument 'cmake_force_configure' from command line to 'False'
[0.175s] Level 5:colcon.colcon_core.verb:set package 'more_interfaces' build argument 'ament_cmake_args' from command line to 'None'
[0.175s] Level 5:colcon.colcon_core.verb:set package 'more_interfaces' build argument 'catkin_cmake_args' from command line to 'None'
[0.175s] Level 5:colcon.colcon_core.verb:set package 'more_interfaces' build argument 'catkin_skip_building_tests' from command line to 'False'
[0.175s] DEBUG:colcon.colcon_core.verb:Building package 'more_interfaces' with the following arguments: {'ament_cmake_args': None, 'build_base': '/home/malacoda/ros2_ws/src/build/more_interfaces', 'catkin_cmake_args': None, 'catkin_skip_building_tests': False, 'cmake_args': None, 'cmake_clean_cache': False, 'cmake_clean_first': False, 'cmake_force_configure': False, 'cmake_target': None, 'cmake_target_skip_unavailable': False, 'install_base': '/home/malacoda/ros2_ws/src/install/more_interfaces', 'merge_install': False, 'path': '/home/malacoda/ros2_ws/src/more_interfaces', 'symlink_install': False, 'test_result_base': None}
[0.176s] INFO:colcon.colcon_core.executor:Executing jobs using 'parallel' executor
[0.178s] DEBUG:colcon.colcon_parallel_executor.executor.parallel:run_until_complete
[0.179s] INFO:colcon.colcon_ros.task.ament_cmake.build:Building ROS package in '/home/malacoda/ros2_ws/src/more_interfaces' with build type 'ament_cmake'
[0.179s] INFO:colcon.colcon_cmake.task.cmake.build:Building CMake package in '/home/malacoda/ros2_ws/src/more_interfaces'
[0.181s] INFO:colcon.colcon_core.plugin_system:Skipping extension 'colcon_core.shell.bat': Not used on non-Windows systems
[0.182s] INFO:colcon.colcon_core.shell:Skip shell extension 'powershell' for command environment: Not usable outside of PowerShell
[0.182s] DEBUG:colcon.colcon_core.shell:Skip shell extension 'dsv' for command environment
[0.188s] DEBUG:colcon.colcon_core.event_handler.log_command:Invoking command in '/home/malacoda/ros2_ws/src/build/more_interfaces': CMAKE_PREFIX_PATH=/home/malacoda/ros2_ws/src/install/my_package:/opt/ros/foxy /usr/bin/cmake /home/malacoda/ros2_ws/src/more_interfaces -DCMAKE_INSTALL_PREFIX=/home/malacoda/ros2_ws/src/install/more_interfaces
[1.586s] DEBUG:colcon.colcon_core.event_handler.log_command:Invoked command in '/home/malacoda/ros2_ws/src/build/more_interfaces' returned '0': CMAKE_PREFIX_PATH=/home/malacoda/ros2_ws/src/install/my_package:/opt/ros/foxy /usr/bin/cmake /home/malacoda/ros2_ws/src/more_interfaces -DCMAKE_INSTALL_PREFIX=/home/malacoda/ros2_ws/src/install/more_interfaces
[1.587s] DEBUG:colcon.colcon_core.event_handler.log_command:Invoking command in '/home/malacoda/ros2_ws/src/build/more_interfaces': CMAKE_PREFIX_PATH=/home/malacoda/ros2_ws/src/install/my_package:/opt/ros/foxy /usr/bin/cmake --build /home/malacoda/ros2_ws/src/build/more_interfaces -- -j32 -l32
[4.512s] DEBUG:colcon.colcon_core.event_handler.log_command:Invoked command in '/home/malacoda/ros2_ws/src/build/more_interfaces' returned '0': CMAKE_PREFIX_PATH=/home/malacoda/ros2_ws/src/install/my_package:/opt/ros/foxy /usr/bin/cmake --build /home/malacoda/ros2_ws/src/build/more_interfaces -- -j32 -l32
[4.564s] DEBUG:colcon.colcon_core.event_handler.log_command:Invoking command in '/home/malacoda/ros2_ws/src/build/more_interfaces': CMAKE_PREFIX_PATH=/home/malacoda/ros2_ws/src/install/my_package:/opt/ros/foxy /usr/bin/cmake --install /home/malacoda/ros2_ws/src/build/more_interfaces
[4.610s] Level 1:colcon.colcon_core.environment:create_environment_scripts_only(more_interfaces)
[4.611s] DEBUG:colcon.colcon_core.event_handler.log_command:Invoked command in '/home/malacoda/ros2_ws/src/build/more_interfaces' returned '0': CMAKE_PREFIX_PATH=/home/malacoda/ros2_ws/src/install/my_package:/opt/ros/foxy /usr/bin/cmake --install /home/malacoda/ros2_ws/src/build/more_interfaces
[4.616s] Level 1:colcon.colcon_core.environment:checking '/home/malacoda/ros2_ws/src/install/more_interfaces' for CMake module files
[4.617s] Level 1:colcon.colcon_core.environment:checking '/home/malacoda/ros2_ws/src/install/more_interfaces' for CMake config files
[4.617s] Level 1:colcon.colcon_core.shell:create_environment_hook('more_interfaces', 'cmake_prefix_path')
[4.619s] INFO:colcon.colcon_core.shell:Creating environment hook '/home/malacoda/ros2_ws/src/install/more_interfaces/share/more_interfaces/hook/cmake_prefix_path.ps1'
[4.619s] INFO:colcon.colcon_core.shell:Creating environment descriptor '/home/malacoda/ros2_ws/src/install/more_interfaces/share/more_interfaces/hook/cmake_prefix_path.dsv'
[4.619s] INFO:colcon.colcon_core.shell:Creating environment hook '/home/malacoda/ros2_ws/src/install/more_interfaces/share/more_interfaces/hook/cmake_prefix_path.sh'
[4.620s] Level 1:colcon.colcon_core.environment:checking '/home/malacoda/ros2_ws/src/install/more_interfaces/lib'
[4.620s] Level 1:colcon.colcon_core.shell:create_environment_hook('more_interfaces', 'ld_library_path_lib')
[4.620s] INFO:colcon.colcon_core.shell:Creating environment hook '/home/malacoda/ros2_ws/src/install/more_interfaces/share/more_interfaces/hook/ld_library_path_lib.ps1'
[4.621s] INFO:colcon.colcon_core.shell:Creating environment descriptor '/home/malacoda/ros2_ws/src/install/more_interfaces/share/more_interfaces/hook/ld_library_path_lib.dsv'
[4.621s] INFO:colcon.colcon_core.shell:Creating environment hook '/home/malacoda/ros2_ws/src/install/more_interfaces/share/more_interfaces/hook/ld_library_path_lib.sh'
[4.621s] Level 1:colcon.colcon_core.environment:checking '/home/malacoda/ros2_ws/src/install/more_interfaces/bin'
[4.621s] Level 1:colcon.colcon_core.environment:checking '/home/malacoda/ros2_ws/src/install/more_interfaces/lib/pkgconfig/more_interfaces.pc'
[4.621s] Level 1:colcon.colcon_core.environment:checking '/home/malacoda/ros2_ws/src/install/more_interfaces/lib/python3.8/site-packages'
[4.621s] Level 1:colcon.colcon_core.shell:create_environment_hook('more_interfaces', 'pythonpath')
[4.622s] INFO:colcon.colcon_core.shell:Creating environment hook '/home/malacoda/ros2_ws/src/install/more_interfaces/share/more_interfaces/hook/pythonpath.ps1'
[4.622s] INFO:colcon.colcon_core.shell:Creating environment descriptor '/home/malacoda/ros2_ws/src/install/more_interfaces/share/more_interfaces/hook/pythonpath.dsv'
[4.622s] INFO:colcon.colcon_core.shell:Creating environment hook '/home/malacoda/ros2_ws/src/install/more_interfaces/share/more_interfaces/hook/pythonpath.sh'
[4.622s] Level 1:colcon.colcon_core.environment:checking '/home/malacoda/ros2_ws/src/install/more_interfaces/bin'
[4.623s] INFO:colcon.colcon_core.shell:Creating package script '/home/malacoda/ros2_ws/src/install/more_interfaces/share/more_interfaces/package.ps1'
[4.624s] INFO:colcon.colcon_core.shell:Creating package descriptor '/home/malacoda/ros2_ws/src/install/more_interfaces/share/more_interfaces/package.dsv'
[4.624s] INFO:colcon.colcon_core.shell:Creating package script '/home/malacoda/ros2_ws/src/install/more_interfaces/share/more_interfaces/package.sh'
[4.624s] INFO:colcon.colcon_core.shell:Creating package script '/home/malacoda/ros2_ws/src/install/more_interfaces/share/more_interfaces/package.bash'
[4.625s] INFO:colcon.colcon_core.shell:Creating package script '/home/malacoda/ros2_ws/src/install/more_interfaces/share/more_interfaces/package.zsh'
[4.625s] Level 1:colcon.colcon_core.environment:create_file_with_runtime_dependencies(/home/malacoda/ros2_ws/src/install/more_interfaces/share/colcon-core/packages/more_interfaces)
[4.670s] Level 1:colcon.colcon_core.environment:create_environment_scripts_only(more_interfaces)
[4.672s] Level 1:colcon.colcon_core.environment:checking '/home/malacoda/ros2_ws/src/install/more_interfaces' for CMake module files
[4.673s] Level 1:colcon.colcon_core.environment:checking '/home/malacoda/ros2_ws/src/install/more_interfaces' for CMake config files
[4.673s] Level 1:colcon.colcon_core.shell:create_environment_hook('more_interfaces', 'cmake_prefix_path')
[4.675s] INFO:colcon.colcon_core.shell:Creating environment hook '/home/malacoda/ros2_ws/src/install/more_interfaces/share/more_interfaces/hook/cmake_prefix_path.ps1'
[4.675s] INFO:colcon.colcon_core.shell:Creating environment descriptor '/home/malacoda/ros2_ws/src/install/more_interfaces/share/more_interfaces/hook/cmake_prefix_path.dsv'
[4.676s] INFO:colcon.colcon_core.shell:Creating environment hook '/home/malacoda/ros2_ws/src/install/more_interfaces/share/more_interfaces/hook/cmake_prefix_path.sh'
[4.676s] Level 1:colcon.colcon_core.environment:checking '/home/malacoda/ros2_ws/src/install/more_interfaces/lib'
[4.676s] Level 1:colcon.colcon_core.shell:create_environment_hook('more_interfaces', 'ld_library_path_lib')
[4.677s] INFO:colcon.colcon_core.shell:Creating environment hook '/home/malacoda/ros2_ws/src/install/more_interfaces/share/more_interfaces/hook/ld_library_path_lib.ps1'
[4.678s] INFO:colcon.colcon_core.shell:Creating environment descriptor '/home/malacoda/ros2_ws/src/install/more_interfaces/share/more_interfaces/hook/ld_library_path_lib.dsv'
[4.678s] INFO:colcon.colcon_core.shell:Creating environment hook '/home/malacoda/ros2_ws/src/install/more_interfaces/share/more_interfaces/hook/ld_library_path_lib.sh'
[4.678s] Level 1:colcon.colcon_core.environment:checking '/home/malacoda/ros2_ws/src/install/more_interfaces/bin'
[4.678s] Level 1:colcon.colcon_core.environment:checking '/home/malacoda/ros2_ws/src/install/more_interfaces/lib/pkgconfig/more_interfaces.pc'
[4.679s] Level 1:colcon.colcon_core.environment:checking '/home/malacoda/ros2_ws/src/install/more_interfaces/lib/python3.8/site-packages'
[4.679s] Level 1:colcon.colcon_core.shell:create_environment_hook('more_interfaces', 'pythonpath')
[4.680s] INFO:colcon.colcon_core.shell:Creating environment hook '/home/malacoda/ros2_ws/src/install/more_interfaces/share/more_interfaces/hook/pythonpath.ps1'
[4.680s] INFO:colcon.colcon_core.shell:Creating environment descriptor '/home/malacoda/ros2_ws/src/install/more_interfaces/share/more_interfaces/hook/pythonpath.dsv'
[4.680s] INFO:colcon.colcon_core.shell:Creating environment hook '/home/malacoda/ros2_ws/src/install/more_interfaces/share/more_interfaces/hook/pythonpath.sh'
[4.681s] Level 1:colcon.colcon_core.environment:checking '/home/malacoda/ros2_ws/src/install/more_interfaces/bin'
[4.682s] INFO:colcon.colcon_core.shell:Creating package script '/home/malacoda/ros2_ws/src/install/more_interfaces/share/more_interfaces/package.ps1'
[4.683s] INFO:colcon.colcon_core.shell:Creating package descriptor '/home/malacoda/ros2_ws/src/install/more_interfaces/share/more_interfaces/package.dsv'
[4.683s] INFO:colcon.colcon_core.shell:Creating package script '/home/malacoda/ros2_ws/src/install/more_interfaces/share/more_interfaces/package.sh'
[4.683s] INFO:colcon.colcon_core.shell:Creating package script '/home/malacoda/ros2_ws/src/install/more_interfaces/share/more_interfaces/package.bash'
[4.684s] INFO:colcon.colcon_core.shell:Creating package script '/home/malacoda/ros2_ws/src/install/more_interfaces/share/more_interfaces/package.zsh'
[4.684s] Level 1:colcon.colcon_core.environment:create_file_with_runtime_dependencies(/home/malacoda/ros2_ws/src/install/more_interfaces/share/colcon-core/packages/more_interfaces)
[4.684s] DEBUG:colcon.colcon_parallel_executor.executor.parallel:closing loop
[4.685s] DEBUG:colcon.colcon_parallel_executor.executor.parallel:loop closed
[4.685s] DEBUG:colcon.colcon_parallel_executor.executor.parallel:run_until_complete finished with '0'
[4.685s] DEBUG:colcon.colcon_core.event_reactor:joining thread
[4.692s] INFO:colcon.colcon_core.plugin_system:Skipping extension 'colcon_notification.desktop_notification.notify_send': Could not find 'notify-send'
[4.692s] INFO:colcon.colcon_core.plugin_system:Skipping extension 'colcon_notification.desktop_notification.terminal_notifier': Not used on non-Darwin systems
[4.692s] INFO:colcon.colcon_core.plugin_system:Skipping extension 'colcon_notification.desktop_notification.win32': Not used on non-Windows systems
[4.692s] INFO:colcon.colcon_notification.desktop_notification:Sending desktop notification using 'notify2'
[4.693s] DEBUG:colcon.colcon_notification.desktop_notification.notify2:Failed to initialize notify2: org.freedesktop.DBus.Error.ServiceUnknown: The name org.freedesktop.Notifications was not provided by any .service files
[4.693s] DEBUG:colcon.colcon_core.event_reactor:joined thread
[4.694s] INFO:colcon.colcon_core.shell:Creating prefix script '/home/malacoda/ros2_ws/src/install/local_setup.ps1'
[4.696s] INFO:colcon.colcon_core.shell:Creating prefix util module '/home/malacoda/ros2_ws/src/install/_local_setup_util_ps1.py'
[4.697s] INFO:colcon.colcon_core.shell:Creating prefix chain script '/home/malacoda/ros2_ws/src/install/setup.ps1'
[4.698s] INFO:colcon.colcon_core.shell:Creating prefix script '/home/malacoda/ros2_ws/src/install/local_setup.sh'
[4.699s] INFO:colcon.colcon_core.shell:Creating prefix util module '/home/malacoda/ros2_ws/src/install/_local_setup_util_sh.py'
[4.700s] INFO:colcon.colcon_core.shell:Creating prefix chain script '/home/malacoda/ros2_ws/src/install/setup.sh'
[4.701s] INFO:colcon.colcon_core.shell:Creating prefix script '/home/malacoda/ros2_ws/src/install/local_setup.bash'
[4.701s] INFO:colcon.colcon_core.shell:Creating prefix chain script '/home/malacoda/ros2_ws/src/install/setup.bash'
[4.703s] INFO:colcon.colcon_core.shell:Creating prefix script '/home/malacoda/ros2_ws/src/install/local_setup.zsh'
[4.703s] INFO:colcon.colcon_core.shell:Creating prefix chain script '/home/malacoda/ros2_ws/src/install/setup.zsh'
