[0.008s] Invoking command in '/home/malacoda/ros2_ws/build/cpp_pubsub': CMAKE_PREFIX_PATH=/opt/ros/foxy /usr/bin/cmake /home/malacoda/ros2_ws/src/cpp_pubsub -DCMAKE_INSTALL_PREFIX=/home/malacoda/ros2_ws/install/cpp_pubsub
[0.050s] -- The C compiler identification is GNU 9.4.0
[0.090s] -- The CXX compiler identification is GNU 9.4.0
[0.095s] -- Check for working C compiler: /usr/bin/cc
[0.155s] -- Check for working C compiler: /usr/bin/cc -- works
[0.156s] -- Detecting C compiler ABI info
[0.217s] -- Detecting C compiler ABI info - done
[0.228s] -- Detecting C compile features
[0.229s] -- Detecting C compile features - done
[0.230s] -- Check for working CXX compiler: /usr/bin/c++
[0.291s] -- Check for working CXX compiler: /usr/bin/c++ -- works
[0.292s] -- Detecting CXX compiler ABI info
[0.353s] -- Detecting CXX compiler ABI info - done
[0.364s] -- Detecting CXX compile features
[0.364s] -- Detecting CXX compile features - done
[0.366s] -- Found ament_cmake: 0.9.11 (/opt/ros/foxy/share/ament_cmake/cmake)
[0.388s] -- Found PythonInterp: /usr/bin/python3 (found suitable version "3.8.10", minimum required is "3") 
[0.388s] -- Using PYTHON_EXECUTABLE: /usr/bin/python3
[0.514s] -- Found rclcpp: 2.4.2 (/opt/ros/foxy/share/rclcpp/cmake)
[0.544s] -- Using all available rosidl_typesupport_c: rosidl_typesupport_fastrtps_c;rosidl_typesupport_introspection_c
[0.548s] -- Found rosidl_adapter: 1.3.0 (/opt/ros/foxy/share/rosidl_adapter/cmake)
[0.618s] -- Found OpenSSL: /usr/lib/x86_64-linux-gnu/libcrypto.so (found version "1.1.1f")  
[0.649s] -- Found FastRTPS: /opt/ros/foxy/include  
[0.707s] -- Using all available rosidl_typesupport_cpp: rosidl_typesupport_fastrtps_cpp;rosidl_typesupport_introspection_cpp
[0.739s] -- Found rmw_implementation_cmake: 1.0.3 (/opt/ros/foxy/share/rmw_implementation_cmake/cmake)
[0.740s] -- Using RMW implementation 'rmw_fastrtps_cpp' as default
[0.740s] -- Looking for pthread.h
[0.799s] -- Looking for pthread.h - found
[0.800s] -- Performing Test CMAKE_HAVE_LIBC_PTHREAD
[0.860s] -- Performing Test CMAKE_HAVE_LIBC_PTHREAD - Failed
[0.860s] -- Looking for pthread_create in pthreads
[0.910s] -- Looking for pthread_create in pthreads - not found
[0.910s] -- Looking for pthread_create in pthread
[0.971s] -- Looking for pthread_create in pthread - found
[0.972s] -- Found Threads: TRUE  
[1.066s] CMake Error at /opt/ros/foxy/share/ament_cmake_target_dependencies/cmake/ament_target_dependencies.cmake:77 (message):
[1.066s]   ament_target_dependencies() the passed package name 'stdd_msgs' was not
[1.066s]   found before
[1.066s] Call Stack (most recent call first):
[1.066s]   CMakeLists.txt:27 (ament_target_dependencies)
[1.066s] 
[1.066s] 
[1.066s] -- Configuring incomplete, errors occurred!
[1.066s] See also "/home/malacoda/ros2_ws/build/cpp_pubsub/CMakeFiles/CMakeOutput.log".
[1.066s] See also "/home/malacoda/ros2_ws/build/cpp_pubsub/CMakeFiles/CMakeError.log".
[1.071s] Invoked command in '/home/malacoda/ros2_ws/build/cpp_pubsub' returned '1': CMAKE_PREFIX_PATH=/opt/ros/foxy /usr/bin/cmake /home/malacoda/ros2_ws/src/cpp_pubsub -DCMAKE_INSTALL_PREFIX=/home/malacoda/ros2_ws/install/cpp_pubsub
