[0.010s] Invoking command in '/home/malacoda/ros2_ws/build/more_interfaces': CMAKE_PREFIX_PATH=${CMAKE_PREFIX_PATH}:/opt/ros/foxy /usr/bin/cmake --build /home/malacoda/ros2_ws/build/more_interfaces -- -j32 -l32
[0.031s] -- Found ament_cmake: 0.9.11 (/opt/ros/foxy/share/ament_cmake/cmake)
[0.047s] -- Found PythonInterp: /usr/bin/python3 (found suitable version "3.8.10", minimum required is "3") 
[0.047s] -- Using PYTHON_EXECUTABLE: /usr/bin/python3
[0.166s] -- Found rosidl_default_generators: 1.0.1 (/opt/ros/foxy/share/rosidl_default_generators/cmake)
[0.169s] -- Using all available rosidl_typesupport_c: rosidl_typesupport_fastrtps_c;rosidl_typesupport_introspection_c
[0.172s] -- Found rosidl_adapter: 1.3.0 (/opt/ros/foxy/share/rosidl_adapter/cmake)
[0.259s] -- Using all available rosidl_typesupport_cpp: rosidl_typesupport_fastrtps_cpp;rosidl_typesupport_introspection_cpp
[0.289s] -- Found PythonInterp: /usr/bin/python3 (found version "3.8.10") 
[0.365s] -- Found ament_cmake_ros: 0.9.2 (/opt/ros/foxy/share/ament_cmake_ros/cmake)
[0.434s] -- Using all available rosidl_typesupport_c: rosidl_typesupport_fastrtps_c;rosidl_typesupport_introspection_c
[0.438s] -- Using all available rosidl_typesupport_cpp: rosidl_typesupport_fastrtps_cpp;rosidl_typesupport_introspection_cpp
[0.456s] -- Found PythonInterp: /usr/bin/python3 (found suitable version "3.8.10", minimum required is "3.5") 
[0.456s] -- Found python_cmake_module: 0.8.1 (/opt/ros/foxy/share/python_cmake_module/cmake)
[0.474s] -- Using PYTHON_EXECUTABLE: /usr/bin/python3
[0.474s] -- Using PYTHON_INCLUDE_DIRS: /usr/include/python3.8
[0.474s] -- Using PYTHON_LIBRARIES: /usr/lib/x86_64-linux-gnu/libpython3.8.so
[0.483s] -- Found rclcpp: 2.4.2 (/opt/ros/foxy/share/rclcpp/cmake)
[0.514s] -- Found rmw_implementation_cmake: 1.0.3 (/opt/ros/foxy/share/rmw_implementation_cmake/cmake)
[0.515s] -- Using RMW implementation 'rmw_fastrtps_cpp' as default
[0.609s] -- Configuring done
[0.627s] -- Generating done
[0.630s] -- Build files have been written to: /home/malacoda/ros2_ws/build/more_interfaces
[0.663s] [  3%] Built target more_interfaces__cpp
[0.664s] [ 12%] Built target more_interfaces__rosidl_generator_c
[0.675s] [ 21%] Built target more_interfaces__rosidl_typesupport_introspection_cpp
[0.677s] [ 30%] Built target more_interfaces__rosidl_typesupport_c
[0.678s] [ 39%] Built target more_interfaces__rosidl_typesupport_cpp
[0.679s] [ 48%] Built target more_interfaces__rosidl_typesupport_introspection_c
[0.679s] [ 57%] Built target more_interfaces__rosidl_typesupport_fastrtps_cpp
[0.700s] [ 66%] Built target more_interfaces__rosidl_typesupport_fastrtps_c
[0.718s] [ 66%] Built target more_interfaces
[0.727s] [35m[1mScanning dependencies of target publish_address_book[0m
[0.733s] [ 69%] Built target more_interfaces__py
[0.749s] [ 72%] [32mBuilding CXX object CMakeFiles/publish_address_book.dir/src/publish_address_book.cpp.o[0m
[0.751s] [ 78%] Built target more_interfaces__python
[0.769s] [ 84%] Built target more_interfaces__rosidl_typesupport_introspection_c__pyext
[0.770s] [ 90%] Built target more_interfaces__rosidl_typesupport_fastrtps_c__pyext
[0.772s] [ 96%] Built target more_interfaces__rosidl_typesupport_c__pyext
[2.499s] [100%] [32m[1mLinking CXX executable publish_address_book[0m
[2.590s] [100%] Built target publish_address_book
[2.601s] Invoked command in '/home/malacoda/ros2_ws/build/more_interfaces' returned '0': CMAKE_PREFIX_PATH=${CMAKE_PREFIX_PATH}:/opt/ros/foxy /usr/bin/cmake --build /home/malacoda/ros2_ws/build/more_interfaces -- -j32 -l32
[2.650s] Invoking command in '/home/malacoda/ros2_ws/build/more_interfaces': CMAKE_PREFIX_PATH=${CMAKE_PREFIX_PATH}:/opt/ros/foxy /usr/bin/cmake --install /home/malacoda/ros2_ws/build/more_interfaces
[2.659s] -- Install configuration: ""
[2.659s] -- Up-to-date: /home/malacoda/ros2_ws/install/more_interfaces/share/ament_index/resource_index/rosidl_interfaces/more_interfaces
[2.659s] -- Up-to-date: /home/malacoda/ros2_ws/install/more_interfaces/include/more_interfaces
[2.659s] -- Up-to-date: /home/malacoda/ros2_ws/install/more_interfaces/include/more_interfaces/msg
[2.659s] -- Up-to-date: /home/malacoda/ros2_ws/install/more_interfaces/include/more_interfaces/msg/detail
[2.659s] -- Up-to-date: /home/malacoda/ros2_ws/install/more_interfaces/include/more_interfaces/msg/detail/address_book__type_support.h
[2.660s] -- Up-to-date: /home/malacoda/ros2_ws/install/more_interfaces/include/more_interfaces/msg/detail/address_book__functions.h
[2.660s] -- Up-to-date: /home/malacoda/ros2_ws/install/more_interfaces/include/more_interfaces/msg/detail/address_book__struct.h
[2.660s] -- Up-to-date: /home/malacoda/ros2_ws/install/more_interfaces/include/more_interfaces/msg/detail/address_book__functions.c
[2.660s] -- Up-to-date: /home/malacoda/ros2_ws/install/more_interfaces/include/more_interfaces/msg/rosidl_generator_c__visibility_control.h
[2.660s] -- Up-to-date: /home/malacoda/ros2_ws/install/more_interfaces/include/more_interfaces/msg/address_book.h
[2.660s] -- Up-to-date: /home/malacoda/ros2_ws/install/more_interfaces/share/more_interfaces/environment/library_path.sh
[2.660s] -- Installing: /home/malacoda/ros2_ws/install/more_interfaces/share/more_interfaces/environment/library_path.dsv
[2.660s] -- Up-to-date: /home/malacoda/ros2_ws/install/more_interfaces/lib/libmore_interfaces__rosidl_generator_c.so
[2.660s] -- Up-to-date: /home/malacoda/ros2_ws/install/more_interfaces/include/more_interfaces
[2.660s] -- Up-to-date: /home/malacoda/ros2_ws/install/more_interfaces/include/more_interfaces/msg
[2.661s] -- Up-to-date: /home/malacoda/ros2_ws/install/more_interfaces/include/more_interfaces/msg/detail
[2.661s] -- Up-to-date: /home/malacoda/ros2_ws/install/more_interfaces/include/more_interfaces/msg/detail/address_book__rosidl_typesupport_fastrtps_c.h
[2.661s] -- Up-to-date: /home/malacoda/ros2_ws/install/more_interfaces/include/more_interfaces/msg/rosidl_typesupport_fastrtps_c__visibility_control.h
[2.661s] -- Up-to-date: /home/malacoda/ros2_ws/install/more_interfaces/lib/libmore_interfaces__rosidl_typesupport_fastrtps_c.so
[2.661s] -- Up-to-date: /home/malacoda/ros2_ws/install/more_interfaces/include/more_interfaces
[2.661s] -- Up-to-date: /home/malacoda/ros2_ws/install/more_interfaces/include/more_interfaces/msg
[2.661s] -- Up-to-date: /home/malacoda/ros2_ws/install/more_interfaces/include/more_interfaces/msg/detail
[2.661s] -- Up-to-date: /home/malacoda/ros2_ws/install/more_interfaces/include/more_interfaces/msg/detail/dds_fastrtps
[2.661s] -- Up-to-date: /home/malacoda/ros2_ws/install/more_interfaces/include/more_interfaces/msg/detail/address_book__rosidl_typesupport_fastrtps_cpp.hpp
[2.661s] -- Up-to-date: /home/malacoda/ros2_ws/install/more_interfaces/include/more_interfaces/msg/rosidl_typesupport_fastrtps_cpp__visibility_control.h
[2.662s] -- Up-to-date: /home/malacoda/ros2_ws/install/more_interfaces/lib/libmore_interfaces__rosidl_typesupport_fastrtps_cpp.so
[2.662s] -- Up-to-date: /home/malacoda/ros2_ws/install/more_interfaces/include/more_interfaces
[2.662s] -- Up-to-date: /home/malacoda/ros2_ws/install/more_interfaces/include/more_interfaces/msg
[2.662s] -- Up-to-date: /home/malacoda/ros2_ws/install/more_interfaces/include/more_interfaces/msg/detail
[2.662s] -- Up-to-date: /home/malacoda/ros2_ws/install/more_interfaces/include/more_interfaces/msg/detail/address_book__rosidl_typesupport_introspection_c.h
[2.662s] -- Up-to-date: /home/malacoda/ros2_ws/install/more_interfaces/include/more_interfaces/msg/detail/address_book__type_support.c
[2.662s] -- Up-to-date: /home/malacoda/ros2_ws/install/more_interfaces/include/more_interfaces/msg/rosidl_typesupport_introspection_c__visibility_control.h
[2.662s] -- Up-to-date: /home/malacoda/ros2_ws/install/more_interfaces/lib/libmore_interfaces__rosidl_typesupport_introspection_c.so
[2.662s] -- Up-to-date: /home/malacoda/ros2_ws/install/more_interfaces/lib/libmore_interfaces__rosidl_typesupport_c.so
[2.662s] -- Up-to-date: /home/malacoda/ros2_ws/install/more_interfaces/include/more_interfaces
[2.663s] -- Up-to-date: /home/malacoda/ros2_ws/install/more_interfaces/include/more_interfaces/msg
[2.663s] -- Up-to-date: /home/malacoda/ros2_ws/install/more_interfaces/include/more_interfaces/msg/detail
[2.663s] -- Up-to-date: /home/malacoda/ros2_ws/install/more_interfaces/include/more_interfaces/msg/detail/address_book__traits.hpp
[2.663s] -- Up-to-date: /home/malacoda/ros2_ws/install/more_interfaces/include/more_interfaces/msg/detail/address_book__struct.hpp
[2.663s] -- Up-to-date: /home/malacoda/ros2_ws/install/more_interfaces/include/more_interfaces/msg/detail/address_book__builder.hpp
[2.663s] -- Up-to-date: /home/malacoda/ros2_ws/install/more_interfaces/include/more_interfaces/msg/address_book.hpp
[2.663s] -- Up-to-date: /home/malacoda/ros2_ws/install/more_interfaces/include/more_interfaces
[2.663s] -- Up-to-date: /home/malacoda/ros2_ws/install/more_interfaces/include/more_interfaces/msg
[2.663s] -- Up-to-date: /home/malacoda/ros2_ws/install/more_interfaces/include/more_interfaces/msg/detail
[2.663s] -- Up-to-date: /home/malacoda/ros2_ws/install/more_interfaces/include/more_interfaces/msg/detail/address_book__rosidl_typesupport_introspection_cpp.hpp
[2.663s] -- Up-to-date: /home/malacoda/ros2_ws/install/more_interfaces/include/more_interfaces/msg/detail/address_book__type_support.cpp
[2.663s] -- Up-to-date: /home/malacoda/ros2_ws/install/more_interfaces/lib/libmore_interfaces__rosidl_typesupport_introspection_cpp.so
[2.663s] -- Up-to-date: /home/malacoda/ros2_ws/install/more_interfaces/lib/libmore_interfaces__rosidl_typesupport_cpp.so
[2.663s] -- Up-to-date: /home/malacoda/ros2_ws/install/more_interfaces/share/more_interfaces/environment/pythonpath.sh
[2.663s] -- Installing: /home/malacoda/ros2_ws/install/more_interfaces/share/more_interfaces/environment/pythonpath.dsv
[2.663s] -- Installing: /home/malacoda/ros2_ws/install/more_interfaces/lib/python3.8/site-packages/more_interfaces/__init__.py
[2.685s] Compiling '/home/malacoda/ros2_ws/install/more_interfaces/lib/python3.8/site-packages/more_interfaces/__init__.py'...
[2.687s] -- Up-to-date: /home/malacoda/ros2_ws/install/more_interfaces/lib/python3.8/site-packages/more_interfaces/msg
[2.687s] -- Up-to-date: /home/malacoda/ros2_ws/install/more_interfaces/lib/python3.8/site-packages/more_interfaces/msg/_address_book_s.c
[2.687s] -- Up-to-date: /home/malacoda/ros2_ws/install/more_interfaces/lib/python3.8/site-packages/more_interfaces/msg/_address_book.py
[2.687s] -- Up-to-date: /home/malacoda/ros2_ws/install/more_interfaces/lib/python3.8/site-packages/more_interfaces/msg/__init__.py
[2.687s] -- Up-to-date: /home/malacoda/ros2_ws/install/more_interfaces/lib/python3.8/site-packages/more_interfaces/more_interfaces_s__rosidl_typesupport_fastrtps_c.cpython-38-x86_64-linux-gnu.so
[2.688s] -- Up-to-date: /home/malacoda/ros2_ws/install/more_interfaces/lib/python3.8/site-packages/more_interfaces/more_interfaces_s__rosidl_typesupport_introspection_c.cpython-38-x86_64-linux-gnu.so
[2.688s] -- Up-to-date: /home/malacoda/ros2_ws/install/more_interfaces/lib/python3.8/site-packages/more_interfaces/more_interfaces_s__rosidl_typesupport_c.cpython-38-x86_64-linux-gnu.so
[2.689s] -- Up-to-date: /home/malacoda/ros2_ws/install/more_interfaces/lib/libmore_interfaces__python.so
[2.689s] -- Up-to-date: /home/malacoda/ros2_ws/install/more_interfaces/share/more_interfaces/msg/AddressBook.idl
[2.689s] -- Up-to-date: /home/malacoda/ros2_ws/install/more_interfaces/share/more_interfaces/msg/AddressBook.msg
[2.689s] -- Installing: /home/malacoda/ros2_ws/install/more_interfaces/lib/more_interfaces/publish_address_book
[2.690s] -- Set runtime path of "/home/malacoda/ros2_ws/install/more_interfaces/lib/more_interfaces/publish_address_book" to ""
[2.690s] -- Up-to-date: /home/malacoda/ros2_ws/install/more_interfaces/share/ament_index/resource_index/package_run_dependencies/more_interfaces
[2.690s] -- Installing: /home/malacoda/ros2_ws/install/more_interfaces/share/ament_index/resource_index/parent_prefix_path/more_interfaces
[2.690s] -- Up-to-date: /home/malacoda/ros2_ws/install/more_interfaces/share/more_interfaces/environment/ament_prefix_path.sh
[2.690s] -- Installing: /home/malacoda/ros2_ws/install/more_interfaces/share/more_interfaces/environment/ament_prefix_path.dsv
[2.691s] -- Up-to-date: /home/malacoda/ros2_ws/install/more_interfaces/share/more_interfaces/environment/path.sh
[2.691s] -- Installing: /home/malacoda/ros2_ws/install/more_interfaces/share/more_interfaces/environment/path.dsv
[2.691s] -- Up-to-date: /home/malacoda/ros2_ws/install/more_interfaces/share/more_interfaces/local_setup.bash
[2.691s] -- Up-to-date: /home/malacoda/ros2_ws/install/more_interfaces/share/more_interfaces/local_setup.sh
[2.691s] -- Up-to-date: /home/malacoda/ros2_ws/install/more_interfaces/share/more_interfaces/local_setup.zsh
[2.691s] -- Installing: /home/malacoda/ros2_ws/install/more_interfaces/share/more_interfaces/local_setup.dsv
[2.691s] -- Installing: /home/malacoda/ros2_ws/install/more_interfaces/share/more_interfaces/package.dsv
[2.691s] -- Up-to-date: /home/malacoda/ros2_ws/install/more_interfaces/share/ament_index/resource_index/packages/more_interfaces
[2.691s] -- Up-to-date: /home/malacoda/ros2_ws/install/more_interfaces/share/more_interfaces/cmake/more_interfaces__rosidl_generator_cExport.cmake
[2.691s] -- Installing: /home/malacoda/ros2_ws/install/more_interfaces/share/more_interfaces/cmake/more_interfaces__rosidl_generator_cExport-noconfig.cmake
[2.692s] -- Up-to-date: /home/malacoda/ros2_ws/install/more_interfaces/share/more_interfaces/cmake/more_interfaces__rosidl_typesupport_introspection_cExport.cmake
[2.692s] -- Installing: /home/malacoda/ros2_ws/install/more_interfaces/share/more_interfaces/cmake/more_interfaces__rosidl_typesupport_introspection_cExport-noconfig.cmake
[2.692s] -- Up-to-date: /home/malacoda/ros2_ws/install/more_interfaces/share/more_interfaces/cmake/more_interfaces__rosidl_typesupport_cExport.cmake
[2.692s] -- Installing: /home/malacoda/ros2_ws/install/more_interfaces/share/more_interfaces/cmake/more_interfaces__rosidl_typesupport_cExport-noconfig.cmake
[2.692s] -- Up-to-date: /home/malacoda/ros2_ws/install/more_interfaces/share/more_interfaces/cmake/more_interfaces__rosidl_generator_cppExport.cmake
[2.692s] -- Up-to-date: /home/malacoda/ros2_ws/install/more_interfaces/share/more_interfaces/cmake/more_interfaces__rosidl_typesupport_introspection_cppExport.cmake
[2.692s] -- Installing: /home/malacoda/ros2_ws/install/more_interfaces/share/more_interfaces/cmake/more_interfaces__rosidl_typesupport_introspection_cppExport-noconfig.cmake
[2.693s] -- Up-to-date: /home/malacoda/ros2_ws/install/more_interfaces/share/more_interfaces/cmake/more_interfaces__rosidl_typesupport_cppExport.cmake
[2.693s] -- Installing: /home/malacoda/ros2_ws/install/more_interfaces/share/more_interfaces/cmake/more_interfaces__rosidl_typesupport_cppExport-noconfig.cmake
[2.693s] -- Up-to-date: /home/malacoda/ros2_ws/install/more_interfaces/share/more_interfaces/cmake/rosidl_cmake-extras.cmake
[2.693s] -- Up-to-date: /home/malacoda/ros2_ws/install/more_interfaces/share/more_interfaces/cmake/ament_cmake_export_dependencies-extras.cmake
[2.693s] -- Up-to-date: /home/malacoda/ros2_ws/install/more_interfaces/share/more_interfaces/cmake/ament_cmake_export_libraries-extras.cmake
[2.693s] -- Up-to-date: /home/malacoda/ros2_ws/install/more_interfaces/share/more_interfaces/cmake/ament_cmake_export_targets-extras.cmake
[2.693s] -- Up-to-date: /home/malacoda/ros2_ws/install/more_interfaces/share/more_interfaces/cmake/ament_cmake_export_include_directories-extras.cmake
[2.693s] -- Up-to-date: /home/malacoda/ros2_ws/install/more_interfaces/share/more_interfaces/cmake/rosidl_cmake_export_typesupport_libraries-extras.cmake
[2.693s] -- Up-to-date: /home/malacoda/ros2_ws/install/more_interfaces/share/more_interfaces/cmake/rosidl_cmake_export_typesupport_targets-extras.cmake
[2.693s] -- Up-to-date: /home/malacoda/ros2_ws/install/more_interfaces/share/more_interfaces/cmake/more_interfacesConfig.cmake
[2.693s] -- Up-to-date: /home/malacoda/ros2_ws/install/more_interfaces/share/more_interfaces/cmake/more_interfacesConfig-version.cmake
[2.694s] -- Installing: /home/malacoda/ros2_ws/install/more_interfaces/share/more_interfaces/package.xml
[2.695s] Invoked command in '/home/malacoda/ros2_ws/build/more_interfaces' returned '0': CMAKE_PREFIX_PATH=${CMAKE_PREFIX_PATH}:/opt/ros/foxy /usr/bin/cmake --install /home/malacoda/ros2_ws/build/more_interfaces
