[0.008s] Invoking command in '/home/malacoda/ros2_ws/build/tutorial_interfaces': CMAKE_PREFIX_PATH=/opt/ros/foxy /usr/bin/cmake /home/malacoda/ros2_ws/src/tutorial_interfaces -DCMAKE_INSTALL_PREFIX=/home/malacoda/ros2_ws/install/tutorial_interfaces
[0.023s] -- Found ament_cmake: 0.9.11 (/opt/ros/foxy/share/ament_cmake/cmake)
[0.042s] -- Found PythonInterp: /usr/bin/python3 (found suitable version "3.8.10", minimum required is "3") 
[0.042s] -- Using PYTHON_EXECUTABLE: /usr/bin/python3
[0.151s] -- Found geometry_msgs: 2.0.5 (/opt/ros/foxy/share/geometry_msgs/cmake)
[0.164s] -- Using all available rosidl_typesupport_c: rosidl_typesupport_fastrtps_c;rosidl_typesupport_introspection_c
[0.166s] -- Found rosidl_adapter: 1.3.0 (/opt/ros/foxy/share/rosidl_adapter/cmake)
[0.265s] -- Using all available rosidl_typesupport_cpp: rosidl_typesupport_fastrtps_cpp;rosidl_typesupport_introspection_cpp
[0.312s] -- Found rosidl_default_generators: 1.0.1 (/opt/ros/foxy/share/rosidl_default_generators/cmake)
[0.338s] -- Found PythonInterp: /usr/bin/python3 (found version "3.8.10") 
[0.443s] CMake Error at /opt/ros/foxy/share/rosidl_adapter/cmake/rosidl_adapt_interfaces.cmake:60 (message):
[0.443s]   execute_process(/usr/bin/python3 -m rosidl_adapter --package-name
[0.443s]   tutorial_interfaces --arguments-file
[0.443s]   /home/malacoda/ros2_ws/build/tutorial_interfaces/rosidl_adapter__arguments__tutorial_interfaces.json
[0.443s]   --output-dir
[0.443s]   /home/malacoda/ros2_ws/build/tutorial_interfaces/rosidl_adapter/tutorial_interfaces
[0.443s]   --output-file
[0.443s]   /home/malacoda/ros2_ws/build/tutorial_interfaces/rosidl_adapter/tutorial_interfaces.idls)
[0.443s]   returned error code 1:
[0.443s] 
[0.443s]   Traceback (most recent call last):
[0.444s] 
[0.444s]     File "/usr/lib/python3.8/runpy.py", line 194, in _run_module_as_main
[0.444s]       return _run_code(code, main_globals, None,
[0.444s]     File "/usr/lib/python3.8/runpy.py", line 87, in _run_code
[0.444s]       exec(code, run_globals)
[0.444s]     File "/opt/ros/foxy/lib/python3.8/site-packages/rosidl_adapter/__main__.py", line 19, in <module>
[0.444s]       sys.exit(main())
[0.444s]     File "/opt/ros/foxy/lib/python3.8/site-packages/rosidl_adapter/main.py", line 53, in main
[0.444s]       abs_idl_file = convert_to_idl(
[0.444s]     File "/opt/ros/foxy/lib/python3.8/site-packages/rosidl_adapter/__init__.py", line 24, in convert_to_idl
[0.444s]       return convert_srv_to_idl(
[0.444s]     File "/opt/ros/foxy/lib/python3.8/site-packages/rosidl_adapter/srv/__init__.py", line 28, in convert_srv_to_idl
[0.445s]       srv = parse_service_string(package_name, input_file.stem, content)
[0.445s]     File "/opt/ros/foxy/lib/python3.8/site-packages/rosidl_adapter/parser.py", line 852, in parse_service_string
[0.445s]       request_message = parse_message_string(
[0.445s]     File "/opt/ros/foxy/lib/python3.8/site-packages/rosidl_adapter/parser.py", line 540, in parse_message_string
[0.445s]       msg = MessageSpecification(pkg_name, msg_name, fields, constants)
[0.445s]     File "/opt/ros/foxy/lib/python3.8/site-packages/rosidl_adapter/parser.py", line 402, in __init__
[0.445s]       raise ValueError(
[0.445s] 
[0.445s]   ValueError: the fields iterable contains duplicate names: a
[0.445s] 
[0.445s] Call Stack (most recent call first):
[0.445s]   /opt/ros/foxy/share/rosidl_cmake/cmake/rosidl_generate_interfaces.cmake:130 (rosidl_adapt_interfaces)
[0.445s]   CMakeLists.txt:25 (rosidl_generate_interfaces)
[0.445s] 
[0.446s] 
[0.446s] -- Configuring incomplete, errors occurred!
[0.446s] See also "/home/malacoda/ros2_ws/build/tutorial_interfaces/CMakeFiles/CMakeOutput.log".
[0.449s] Invoked command in '/home/malacoda/ros2_ws/build/tutorial_interfaces' returned '1': CMAKE_PREFIX_PATH=/opt/ros/foxy /usr/bin/cmake /home/malacoda/ros2_ws/src/tutorial_interfaces -DCMAKE_INSTALL_PREFIX=/home/malacoda/ros2_ws/install/tutorial_interfaces
