[0.010s] Invoking command in '/home/malacoda/ros2_ws/build/cpp_srvcli': AMENT_PREFIX_PATH=/home/malacoda/ros2_ws/install/tutorial_interfaces:${AMENT_PREFIX_PATH} CMAKE_PREFIX_PATH=/home/malacoda/ros2_ws/install/tutorial_interfaces:/opt/ros/foxy LD_LIBRARY_PATH=/home/malacoda/ros2_ws/install/tutorial_interfaces/lib:${LD_LIBRARY_PATH} PYTHONPATH=/home/malacoda/ros2_ws/install/tutorial_interfaces/lib/python3.8/site-packages:${PYTHONPATH} /usr/bin/cmake --build /home/malacoda/ros2_ws/build/cpp_srvcli -- -j32 -l32
[0.037s] -- Found ament_cmake: 0.9.11 (/opt/ros/foxy/share/ament_cmake/cmake)
[0.056s] -- Using PYTHON_EXECUTABLE: /usr/bin/python3
[0.164s] -- Found rclcpp: 2.4.2 (/opt/ros/foxy/share/rclcpp/cmake)
[0.187s] -- Using all available rosidl_typesupport_c: rosidl_typesupport_fastrtps_c;rosidl_typesupport_introspection_c
[0.189s] -- Found rosidl_adapter: 1.3.0 (/opt/ros/foxy/share/rosidl_adapter/cmake)
[0.286s] -- Using all available rosidl_typesupport_cpp: rosidl_typesupport_fastrtps_cpp;rosidl_typesupport_introspection_cpp
[0.314s] -- Found rmw_implementation_cmake: 1.0.3 (/opt/ros/foxy/share/rmw_implementation_cmake/cmake)
[0.315s] -- Using RMW implementation 'rmw_fastrtps_cpp' as default
[0.398s] -- Found tutorial_interfaces: 0.0.0 (/home/malacoda/ros2_ws/install/tutorial_interfaces/share/tutorial_interfaces/cmake)
[0.502s] -- Configuring done
[0.502s] CMake Error at CMakeLists.txt:28 (add_executable):
[0.502s]   Cannot find source file:
[0.502s] 
[0.503s]     src/add_three_ints_client.cpp
[0.503s] 
[0.503s]   Tried extensions .c .C .c++ .cc .cpp .cxx .cu .m .M .mm .h .hh .h++ .hm
[0.503s]   .hpp .hxx .in .txx
[0.503s] 
[0.503s] 
[0.503s] CMake Error at CMakeLists.txt:24 (add_executable):
[0.503s]   Cannot find source file:
[0.503s] 
[0.503s]     src/add_three_ints_server.cpp
[0.504s] 
[0.504s]   Tried extensions .c .C .c++ .cc .cpp .cxx .cu .m .M .mm .h .hh .h++ .hm
[0.504s]   .hpp .hxx .in .txx
[0.504s] 
[0.504s] 
[0.504s] CMake Error at CMakeLists.txt:28 (add_executable):
[0.504s]   No SOURCES given to target: client
[0.504s] 
[0.504s] 
[0.504s] CMake Error at CMakeLists.txt:24 (add_executable):
[0.504s]   No SOURCES given to target: server
[0.504s] 
[0.504s] 
[0.505s] CMake Generate step failed.  Build files cannot be regenerated correctly.
[0.509s] make: *** [Makefile:310: cmake_check_build_system] Error 1
[0.511s] Invoked command in '/home/malacoda/ros2_ws/build/cpp_srvcli' returned '2': AMENT_PREFIX_PATH=/home/malacoda/ros2_ws/install/tutorial_interfaces:${AMENT_PREFIX_PATH} CMAKE_PREFIX_PATH=/home/malacoda/ros2_ws/install/tutorial_interfaces:/opt/ros/foxy LD_LIBRARY_PATH=/home/malacoda/ros2_ws/install/tutorial_interfaces/lib:${LD_LIBRARY_PATH} PYTHONPATH=/home/malacoda/ros2_ws/install/tutorial_interfaces/lib/python3.8/site-packages:${PYTHONPATH} /usr/bin/cmake --build /home/malacoda/ros2_ws/build/cpp_srvcli -- -j32 -l32
