[0.361s] Invoking command in '/home/malacoda/ros2_ws/src/py_pubsub': PYTHONPATH=/home/malacoda/ros2_ws/build/py_pubsub/prefix_override:/home/malacoda/ros2_ws/install/py_pubsub/lib/python3.8/site-packages:${PYTHONPATH} /usr/bin/python3 setup.py egg_info --egg-base ../../build/py_pubsub build --build-base /home/malacoda/ros2_ws/build/py_pubsub/build install --record /home/malacoda/ros2_ws/build/py_pubsub/install.log --install-scripts $base/lib/py_pubsub --single-version-externally-managed
[0.493s] running egg_info
[0.493s] writing ../../build/py_pubsub/py_pubsub.egg-info/PKG-INFO
[0.494s] writing dependency_links to ../../build/py_pubsub/py_pubsub.egg-info/dependency_links.txt
[0.494s] writing entry points to ../../build/py_pubsub/py_pubsub.egg-info/entry_points.txt
[0.494s] writing requirements to ../../build/py_pubsub/py_pubsub.egg-info/requires.txt
[0.494s] writing top-level names to ../../build/py_pubsub/py_pubsub.egg-info/top_level.txt
[0.513s] reading manifest file '../../build/py_pubsub/py_pubsub.egg-info/SOURCES.txt'
[0.514s] writing manifest file '../../build/py_pubsub/py_pubsub.egg-info/SOURCES.txt'
[0.514s] running build
[0.514s] running build_py
[0.514s] copying py_pubsub/__init__.py -> /home/malacoda/ros2_ws/build/py_pubsub/build/lib/py_pubsub
[0.514s] copying py_pubsub/publisher_member_function.py -> /home/malacoda/ros2_ws/build/py_pubsub/build/lib/py_pubsub
[0.514s] running install
[0.515s] running install_lib
[0.515s] copying /home/malacoda/ros2_ws/build/py_pubsub/build/lib/py_pubsub/__init__.py -> /home/malacoda/ros2_ws/install/py_pubsub/lib/python3.8/site-packages/py_pubsub
[0.515s] copying /home/malacoda/ros2_ws/build/py_pubsub/build/lib/py_pubsub/publisher_member_function.py -> /home/malacoda/ros2_ws/install/py_pubsub/lib/python3.8/site-packages/py_pubsub
[0.516s] byte-compiling /home/malacoda/ros2_ws/install/py_pubsub/lib/python3.8/site-packages/py_pubsub/__init__.py to __init__.cpython-38.pyc
[0.516s] byte-compiling /home/malacoda/ros2_ws/install/py_pubsub/lib/python3.8/site-packages/py_pubsub/publisher_member_function.py to publisher_member_function.cpython-38.pyc
[0.517s] running install_data
[0.517s] running install_egg_info
[0.518s] removing '/home/malacoda/ros2_ws/install/py_pubsub/lib/python3.8/site-packages/py_pubsub-0.0.0-py3.8.egg-info' (and everything under it)
[0.518s] Copying ../../build/py_pubsub/py_pubsub.egg-info to /home/malacoda/ros2_ws/install/py_pubsub/lib/python3.8/site-packages/py_pubsub-0.0.0-py3.8.egg-info
[0.518s] running install_scripts
[0.527s] Installing pylistener script to /home/malacoda/ros2_ws/install/py_pubsub/lib/py_pubsub
[0.527s] Installing pytalker script to /home/malacoda/ros2_ws/install/py_pubsub/lib/py_pubsub
[0.527s] writing list of installed files to '/home/malacoda/ros2_ws/build/py_pubsub/install.log'
[0.539s] Invoked command in '/home/malacoda/ros2_ws/src/py_pubsub' returned '0': PYTHONPATH=/home/malacoda/ros2_ws/build/py_pubsub/prefix_override:/home/malacoda/ros2_ws/install/py_pubsub/lib/python3.8/site-packages:${PYTHONPATH} /usr/bin/python3 setup.py egg_info --egg-base ../../build/py_pubsub build --build-base /home/malacoda/ros2_ws/build/py_pubsub/build install --record /home/malacoda/ros2_ws/build/py_pubsub/install.log --install-scripts $base/lib/py_pubsub --single-version-externally-managed
