[0.377s] Invoking command in '/home/malacoda/ros2_ws/src/py_pubsub': AMENT_PREFIX_PATH=/home/malacoda/ros2_ws/install/tutorial_interfaces:${AMENT_PREFIX_PATH} CMAKE_PREFIX_PATH=/home/malacoda/ros2_ws/install/tutorial_interfaces LD_LIBRARY_PATH=/home/malacoda/ros2_ws/install/tutorial_interfaces/lib:${LD_LIBRARY_PATH} PYTHONPATH=/home/malacoda/ros2_ws/build/py_pubsub/prefix_override:/home/malacoda/ros2_ws/install/py_pubsub/lib/python3.8/site-packages:/home/malacoda/ros2_ws/install/tutorial_interfaces/lib/python3.8/site-packages:${PYTHONPATH} /usr/bin/python3 setup.py egg_info --egg-base ../../build/py_pubsub build --build-base /home/malacoda/ros2_ws/build/py_pubsub/build install --record /home/malacoda/ros2_ws/build/py_pubsub/install.log --install-scripts $base/lib/py_pubsub --single-version-externally-managed
[0.508s] running egg_info
[0.508s] writing ../../build/py_pubsub/py_pubsub.egg-info/PKG-INFO
[0.509s] writing dependency_links to ../../build/py_pubsub/py_pubsub.egg-info/dependency_links.txt
[0.509s] writing entry points to ../../build/py_pubsub/py_pubsub.egg-info/entry_points.txt
[0.509s] writing requirements to ../../build/py_pubsub/py_pubsub.egg-info/requires.txt
[0.509s] writing top-level names to ../../build/py_pubsub/py_pubsub.egg-info/top_level.txt
[0.528s] reading manifest file '../../build/py_pubsub/py_pubsub.egg-info/SOURCES.txt'
[0.528s] writing manifest file '../../build/py_pubsub/py_pubsub.egg-info/SOURCES.txt'
[0.529s] running build
[0.529s] running build_py
[0.529s] copying py_pubsub/subscriber_member_function.py -> /home/malacoda/ros2_ws/build/py_pubsub/build/lib/py_pubsub
[0.529s] running install
[0.529s] running install_lib
[0.530s] copying /home/malacoda/ros2_ws/build/py_pubsub/build/lib/py_pubsub/subscriber_member_function.py -> /home/malacoda/ros2_ws/install/py_pubsub/lib/python3.8/site-packages/py_pubsub
[0.530s] byte-compiling /home/malacoda/ros2_ws/install/py_pubsub/lib/python3.8/site-packages/py_pubsub/subscriber_member_function.py to subscriber_member_function.cpython-38.pyc
[0.531s] running install_data
[0.531s] running install_egg_info
[0.532s] removing '/home/malacoda/ros2_ws/install/py_pubsub/lib/python3.8/site-packages/py_pubsub-0.0.0-py3.8.egg-info' (and everything under it)
[0.532s] Copying ../../build/py_pubsub/py_pubsub.egg-info to /home/malacoda/ros2_ws/install/py_pubsub/lib/python3.8/site-packages/py_pubsub-0.0.0-py3.8.egg-info
[0.532s] running install_scripts
[0.541s] Installing pylistener script to /home/malacoda/ros2_ws/install/py_pubsub/lib/py_pubsub
[0.541s] Installing pytalker script to /home/malacoda/ros2_ws/install/py_pubsub/lib/py_pubsub
[0.541s] writing list of installed files to '/home/malacoda/ros2_ws/build/py_pubsub/install.log'
[0.552s] Invoked command in '/home/malacoda/ros2_ws/src/py_pubsub' returned '0': AMENT_PREFIX_PATH=/home/malacoda/ros2_ws/install/tutorial_interfaces:${AMENT_PREFIX_PATH} CMAKE_PREFIX_PATH=/home/malacoda/ros2_ws/install/tutorial_interfaces LD_LIBRARY_PATH=/home/malacoda/ros2_ws/install/tutorial_interfaces/lib:${LD_LIBRARY_PATH} PYTHONPATH=/home/malacoda/ros2_ws/build/py_pubsub/prefix_override:/home/malacoda/ros2_ws/install/py_pubsub/lib/python3.8/site-packages:/home/malacoda/ros2_ws/install/tutorial_interfaces/lib/python3.8/site-packages:${PYTHONPATH} /usr/bin/python3 setup.py egg_info --egg-base ../../build/py_pubsub build --build-base /home/malacoda/ros2_ws/build/py_pubsub/build install --record /home/malacoda/ros2_ws/build/py_pubsub/install.log --install-scripts $base/lib/py_pubsub --single-version-externally-managed
