-- Found ament_cmake: 0.9.11 (/opt/ros/foxy/share/ament_cmake/cmake)
-- Using PYTHON_EXECUTABLE: /usr/bin/python3
-- Found rclcpp: 2.4.2 (/opt/ros/foxy/share/rclcpp/cmake)
-- Using all available rosidl_typesupport_c: rosidl_typesupport_fastrtps_c;rosidl_typesupport_introspection_c
-- Found rosidl_adapter: 1.3.0 (/opt/ros/foxy/share/rosidl_adapter/cmake)
-- Using all available rosidl_typesupport_cpp: rosidl_typesupport_fastrtps_cpp;rosidl_typesupport_introspection_cpp
-- Found rmw_implementation_cmake: 1.0.3 (/opt/ros/foxy/share/rmw_implementation_cmake/cmake)
-- Using RMW implementation 'rmw_fastrtps_cpp' as default
-- Found ament_lint_auto: 0.9.7 (/opt/ros/foxy/share/ament_lint_auto/cmake)
-- Added test 'copyright' to check source files copyright and LICENSE
-- Added test 'cppcheck' to perform static code analysis on C / C++ code
-- Configured cppcheck include dirs: 
-- Configured cppcheck exclude dirs and/or files: 
-- Added test 'cpplint' to check C / C++ code against the Google style
-- Configured cpplint exclude dirs and/or files: 
-- Added test 'lint_cmake' to check CMake code style
-- Added test 'uncrustify' to check C / C++ code style
-- Configured uncrustify additional arguments: 
-- Added test 'xmllint' to check XML markup files
-- Configuring done
-- Generating done
-- Build files have been written to: /home/malacoda/ros2_ws/build/cpp_parameters
[100%] Built target minimal_param_node
-- Install configuration: ""
-- Up-to-date: /home/malacoda/ros2_ws/install/cpp_parameters/lib/cpp_parameters/minimal_param_node
-- Up-to-date: /home/malacoda/ros2_ws/install/cpp_parameters/share/ament_index/resource_index/package_run_dependencies/cpp_parameters
-- Installing: /home/malacoda/ros2_ws/install/cpp_parameters/share/ament_index/resource_index/parent_prefix_path/cpp_parameters
-- Up-to-date: /home/malacoda/ros2_ws/install/cpp_parameters/share/cpp_parameters/environment/ament_prefix_path.sh
-- Installing: /home/malacoda/ros2_ws/install/cpp_parameters/share/cpp_parameters/environment/ament_prefix_path.dsv
-- Up-to-date: /home/malacoda/ros2_ws/install/cpp_parameters/share/cpp_parameters/environment/path.sh
-- Installing: /home/malacoda/ros2_ws/install/cpp_parameters/share/cpp_parameters/environment/path.dsv
-- Up-to-date: /home/malacoda/ros2_ws/install/cpp_parameters/share/cpp_parameters/local_setup.bash
-- Up-to-date: /home/malacoda/ros2_ws/install/cpp_parameters/share/cpp_parameters/local_setup.sh
-- Up-to-date: /home/malacoda/ros2_ws/install/cpp_parameters/share/cpp_parameters/local_setup.zsh
-- Installing: /home/malacoda/ros2_ws/install/cpp_parameters/share/cpp_parameters/local_setup.dsv
-- Installing: /home/malacoda/ros2_ws/install/cpp_parameters/share/cpp_parameters/package.dsv
-- Up-to-date: /home/malacoda/ros2_ws/install/cpp_parameters/share/ament_index/resource_index/packages/cpp_parameters
-- Up-to-date: /home/malacoda/ros2_ws/install/cpp_parameters/share/cpp_parameters/cmake/cpp_parametersConfig.cmake
-- Up-to-date: /home/malacoda/ros2_ws/install/cpp_parameters/share/cpp_parameters/cmake/cpp_parametersConfig-version.cmake
-- Installing: /home/malacoda/ros2_ws/install/cpp_parameters/share/cpp_parameters/package.xml
