[0.010s] Invoking command in '/home/malacoda/ros2_ws/build/cpp_parameters': CMAKE_PREFIX_PATH=${CMAKE_PREFIX_PATH}:/home/malacoda/ros2_ws/src/install/my_package:/opt/ros/foxy /usr/bin/cmake --build /home/malacoda/ros2_ws/build/cpp_parameters -- -j32 -l32
[0.035s] -- Found ament_cmake: 0.9.11 (/opt/ros/foxy/share/ament_cmake/cmake)
[0.052s] -- Using PYTHON_EXECUTABLE: /usr/bin/python3
[0.162s] -- Found rclcpp: 2.4.2 (/opt/ros/foxy/share/rclcpp/cmake)
[0.184s] -- Using all available rosidl_typesupport_c: rosidl_typesupport_fastrtps_c;rosidl_typesupport_introspection_c
[0.186s] -- Found rosidl_adapter: 1.3.0 (/opt/ros/foxy/share/rosidl_adapter/cmake)
[0.280s] -- Using all available rosidl_typesupport_cpp: rosidl_typesupport_fastrtps_cpp;rosidl_typesupport_introspection_cpp
[0.309s] -- Found rmw_implementation_cmake: 1.0.3 (/opt/ros/foxy/share/rmw_implementation_cmake/cmake)
[0.310s] -- Using RMW implementation 'rmw_fastrtps_cpp' as default
[0.399s] -- Found ament_lint_auto: 0.9.7 (/opt/ros/foxy/share/ament_lint_auto/cmake)
[0.444s] -- Added test 'copyright' to check source files copyright and LICENSE
[0.445s] -- Added test 'cppcheck' to perform static code analysis on C / C++ code
[0.445s] -- Configured cppcheck include dirs: 
[0.445s] -- Configured cppcheck exclude dirs and/or files: 
[0.446s] -- Added test 'cpplint' to check C / C++ code against the Google style
[0.446s] -- Configured cpplint exclude dirs and/or files: 
[0.446s] -- Added test 'lint_cmake' to check CMake code style
[0.447s] -- Added test 'uncrustify' to check C / C++ code style
[0.447s] -- Configured uncrustify additional arguments: 
[0.447s] -- Added test 'xmllint' to check XML markup files
[0.449s] -- Configuring done
[0.452s] -- Generating done
[0.453s] -- Build files have been written to: /home/malacoda/ros2_ws/build/cpp_parameters
[0.495s] [100%] Built target minimal_param_node
[0.505s] Invoked command in '/home/malacoda/ros2_ws/build/cpp_parameters' returned '0': CMAKE_PREFIX_PATH=${CMAKE_PREFIX_PATH}:/home/malacoda/ros2_ws/src/install/my_package:/opt/ros/foxy /usr/bin/cmake --build /home/malacoda/ros2_ws/build/cpp_parameters -- -j32 -l32
[0.536s] Invoking command in '/home/malacoda/ros2_ws/build/cpp_parameters': CMAKE_PREFIX_PATH=${CMAKE_PREFIX_PATH}:/home/malacoda/ros2_ws/src/install/my_package:/opt/ros/foxy /usr/bin/cmake --install /home/malacoda/ros2_ws/build/cpp_parameters
[0.543s] -- Install configuration: ""
[0.543s] -- Up-to-date: /home/malacoda/ros2_ws/install/cpp_parameters/lib/cpp_parameters/minimal_param_node
[0.543s] -- Up-to-date: /home/malacoda/ros2_ws/install/cpp_parameters/share/ament_index/resource_index/package_run_dependencies/cpp_parameters
[0.544s] -- Installing: /home/malacoda/ros2_ws/install/cpp_parameters/share/ament_index/resource_index/parent_prefix_path/cpp_parameters
[0.544s] -- Up-to-date: /home/malacoda/ros2_ws/install/cpp_parameters/share/cpp_parameters/environment/ament_prefix_path.sh
[0.544s] -- Installing: /home/malacoda/ros2_ws/install/cpp_parameters/share/cpp_parameters/environment/ament_prefix_path.dsv
[0.544s] -- Up-to-date: /home/malacoda/ros2_ws/install/cpp_parameters/share/cpp_parameters/environment/path.sh
[0.544s] -- Installing: /home/malacoda/ros2_ws/install/cpp_parameters/share/cpp_parameters/environment/path.dsv
[0.544s] -- Up-to-date: /home/malacoda/ros2_ws/install/cpp_parameters/share/cpp_parameters/local_setup.bash
[0.544s] -- Up-to-date: /home/malacoda/ros2_ws/install/cpp_parameters/share/cpp_parameters/local_setup.sh
[0.544s] -- Up-to-date: /home/malacoda/ros2_ws/install/cpp_parameters/share/cpp_parameters/local_setup.zsh
[0.544s] -- Installing: /home/malacoda/ros2_ws/install/cpp_parameters/share/cpp_parameters/local_setup.dsv
[0.544s] -- Installing: /home/malacoda/ros2_ws/install/cpp_parameters/share/cpp_parameters/package.dsv
[0.545s] -- Up-to-date: /home/malacoda/ros2_ws/install/cpp_parameters/share/ament_index/resource_index/packages/cpp_parameters
[0.545s] -- Up-to-date: /home/malacoda/ros2_ws/install/cpp_parameters/share/cpp_parameters/cmake/cpp_parametersConfig.cmake
[0.545s] -- Up-to-date: /home/malacoda/ros2_ws/install/cpp_parameters/share/cpp_parameters/cmake/cpp_parametersConfig-version.cmake
[0.545s] -- Installing: /home/malacoda/ros2_ws/install/cpp_parameters/share/cpp_parameters/package.xml
[0.546s] Invoked command in '/home/malacoda/ros2_ws/build/cpp_parameters' returned '0': CMAKE_PREFIX_PATH=${CMAKE_PREFIX_PATH}:/home/malacoda/ros2_ws/src/install/my_package:/opt/ros/foxy /usr/bin/cmake --install /home/malacoda/ros2_ws/build/cpp_parameters
