[  3%] Built target more_interfaces__cpp
[ 12%] Built target more_interfaces__rosidl_generator_c
[ 21%] Built target more_interfaces__rosidl_typesupport_cpp
[ 30%] Built target more_interfaces__rosidl_typesupport_c
[ 39%] Built target more_interfaces__rosidl_typesupport_introspection_cpp
[ 48%] Built target more_interfaces__rosidl_typesupport_introspection_c
[ 57%] Built target more_interfaces__rosidl_typesupport_fastrtps_cpp
[ 66%] Built target more_interfaces__rosidl_typesupport_fastrtps_c
[ 66%] Built target more_interfaces
[35m[1mScanning dependencies of target publish_address_book[0m
[ 69%] Built target more_interfaces__py
[ 72%] [32mBuilding CXX object CMakeFiles/publish_address_book.dir/src/publish_address_book.cpp.o[0m
[ 78%] Built target more_interfaces__python
[ 84%] Built target more_interfaces__rosidl_typesupport_fastrtps_c__pyext
[ 90%] Built target more_interfaces__rosidl_typesupport_introspection_c__pyext
[ 96%] Built target more_interfaces__rosidl_typesupport_c__pyext
[100%] [32m[1mLinking CXX executable publish_address_book[0m
[100%] Built target publish_address_book
-- Install configuration: ""
-- Up-to-date: /home/malacoda/ros2_ws/install/more_interfaces/share/ament_index/resource_index/rosidl_interfaces/more_interfaces
-- Up-to-date: /home/malacoda/ros2_ws/install/more_interfaces/include/more_interfaces
-- Up-to-date: /home/malacoda/ros2_ws/install/more_interfaces/include/more_interfaces/msg
-- Up-to-date: /home/malacoda/ros2_ws/install/more_interfaces/include/more_interfaces/msg/detail
-- Up-to-date: /home/malacoda/ros2_ws/install/more_interfaces/include/more_interfaces/msg/detail/address_book__type_support.h
-- Up-to-date: /home/malacoda/ros2_ws/install/more_interfaces/include/more_interfaces/msg/detail/address_book__functions.h
-- Up-to-date: /home/malacoda/ros2_ws/install/more_interfaces/include/more_interfaces/msg/detail/address_book__struct.h
-- Up-to-date: /home/malacoda/ros2_ws/install/more_interfaces/include/more_interfaces/msg/detail/address_book__functions.c
-- Up-to-date: /home/malacoda/ros2_ws/install/more_interfaces/include/more_interfaces/msg/rosidl_generator_c__visibility_control.h
-- Up-to-date: /home/malacoda/ros2_ws/install/more_interfaces/include/more_interfaces/msg/address_book.h
-- Up-to-date: /home/malacoda/ros2_ws/install/more_interfaces/share/more_interfaces/environment/library_path.sh
-- Up-to-date: /home/malacoda/ros2_ws/install/more_interfaces/share/more_interfaces/environment/library_path.dsv
-- Up-to-date: /home/malacoda/ros2_ws/install/more_interfaces/lib/libmore_interfaces__rosidl_generator_c.so
-- Up-to-date: /home/malacoda/ros2_ws/install/more_interfaces/include/more_interfaces
-- Up-to-date: /home/malacoda/ros2_ws/install/more_interfaces/include/more_interfaces/msg
-- Up-to-date: /home/malacoda/ros2_ws/install/more_interfaces/include/more_interfaces/msg/detail
-- Up-to-date: /home/malacoda/ros2_ws/install/more_interfaces/include/more_interfaces/msg/detail/address_book__rosidl_typesupport_fastrtps_c.h
-- Up-to-date: /home/malacoda/ros2_ws/install/more_interfaces/include/more_interfaces/msg/rosidl_typesupport_fastrtps_c__visibility_control.h
-- Up-to-date: /home/malacoda/ros2_ws/install/more_interfaces/lib/libmore_interfaces__rosidl_typesupport_fastrtps_c.so
-- Up-to-date: /home/malacoda/ros2_ws/install/more_interfaces/include/more_interfaces
-- Up-to-date: /home/malacoda/ros2_ws/install/more_interfaces/include/more_interfaces/msg
-- Up-to-date: /home/malacoda/ros2_ws/install/more_interfaces/include/more_interfaces/msg/detail
-- Up-to-date: /home/malacoda/ros2_ws/install/more_interfaces/include/more_interfaces/msg/detail/dds_fastrtps
-- Up-to-date: /home/malacoda/ros2_ws/install/more_interfaces/include/more_interfaces/msg/detail/address_book__rosidl_typesupport_fastrtps_cpp.hpp
-- Up-to-date: /home/malacoda/ros2_ws/install/more_interfaces/include/more_interfaces/msg/rosidl_typesupport_fastrtps_cpp__visibility_control.h
-- Up-to-date: /home/malacoda/ros2_ws/install/more_interfaces/lib/libmore_interfaces__rosidl_typesupport_fastrtps_cpp.so
-- Up-to-date: /home/malacoda/ros2_ws/install/more_interfaces/include/more_interfaces
-- Up-to-date: /home/malacoda/ros2_ws/install/more_interfaces/include/more_interfaces/msg
-- Up-to-date: /home/malacoda/ros2_ws/install/more_interfaces/include/more_interfaces/msg/detail
-- Up-to-date: /home/malacoda/ros2_ws/install/more_interfaces/include/more_interfaces/msg/detail/address_book__rosidl_typesupport_introspection_c.h
-- Up-to-date: /home/malacoda/ros2_ws/install/more_interfaces/include/more_interfaces/msg/detail/address_book__type_support.c
-- Up-to-date: /home/malacoda/ros2_ws/install/more_interfaces/include/more_interfaces/msg/rosidl_typesupport_introspection_c__visibility_control.h
-- Up-to-date: /home/malacoda/ros2_ws/install/more_interfaces/lib/libmore_interfaces__rosidl_typesupport_introspection_c.so
-- Up-to-date: /home/malacoda/ros2_ws/install/more_interfaces/lib/libmore_interfaces__rosidl_typesupport_c.so
-- Up-to-date: /home/malacoda/ros2_ws/install/more_interfaces/include/more_interfaces
-- Up-to-date: /home/malacoda/ros2_ws/install/more_interfaces/include/more_interfaces/msg
-- Up-to-date: /home/malacoda/ros2_ws/install/more_interfaces/include/more_interfaces/msg/detail
-- Up-to-date: /home/malacoda/ros2_ws/install/more_interfaces/include/more_interfaces/msg/detail/address_book__traits.hpp
-- Up-to-date: /home/malacoda/ros2_ws/install/more_interfaces/include/more_interfaces/msg/detail/address_book__struct.hpp
-- Up-to-date: /home/malacoda/ros2_ws/install/more_interfaces/include/more_interfaces/msg/detail/address_book__builder.hpp
-- Up-to-date: /home/malacoda/ros2_ws/install/more_interfaces/include/more_interfaces/msg/address_book.hpp
-- Up-to-date: /home/malacoda/ros2_ws/install/more_interfaces/include/more_interfaces
-- Up-to-date: /home/malacoda/ros2_ws/install/more_interfaces/include/more_interfaces/msg
-- Up-to-date: /home/malacoda/ros2_ws/install/more_interfaces/include/more_interfaces/msg/detail
-- Up-to-date: /home/malacoda/ros2_ws/install/more_interfaces/include/more_interfaces/msg/detail/address_book__rosidl_typesupport_introspection_cpp.hpp
-- Up-to-date: /home/malacoda/ros2_ws/install/more_interfaces/include/more_interfaces/msg/detail/address_book__type_support.cpp
-- Up-to-date: /home/malacoda/ros2_ws/install/more_interfaces/lib/libmore_interfaces__rosidl_typesupport_introspection_cpp.so
-- Up-to-date: /home/malacoda/ros2_ws/install/more_interfaces/lib/libmore_interfaces__rosidl_typesupport_cpp.so
-- Up-to-date: /home/malacoda/ros2_ws/install/more_interfaces/share/more_interfaces/environment/pythonpath.sh
-- Up-to-date: /home/malacoda/ros2_ws/install/more_interfaces/share/more_interfaces/environment/pythonpath.dsv
-- Up-to-date: /home/malacoda/ros2_ws/install/more_interfaces/lib/python3.8/site-packages/more_interfaces/__init__.py
-- Up-to-date: /home/malacoda/ros2_ws/install/more_interfaces/lib/python3.8/site-packages/more_interfaces/msg
-- Up-to-date: /home/malacoda/ros2_ws/install/more_interfaces/lib/python3.8/site-packages/more_interfaces/msg/_address_book_s.c
-- Up-to-date: /home/malacoda/ros2_ws/install/more_interfaces/lib/python3.8/site-packages/more_interfaces/msg/_address_book.py
-- Up-to-date: /home/malacoda/ros2_ws/install/more_interfaces/lib/python3.8/site-packages/more_interfaces/msg/__init__.py
-- Up-to-date: /home/malacoda/ros2_ws/install/more_interfaces/lib/python3.8/site-packages/more_interfaces/more_interfaces_s__rosidl_typesupport_fastrtps_c.cpython-38-x86_64-linux-gnu.so
-- Up-to-date: /home/malacoda/ros2_ws/install/more_interfaces/lib/python3.8/site-packages/more_interfaces/more_interfaces_s__rosidl_typesupport_introspection_c.cpython-38-x86_64-linux-gnu.so
-- Up-to-date: /home/malacoda/ros2_ws/install/more_interfaces/lib/python3.8/site-packages/more_interfaces/more_interfaces_s__rosidl_typesupport_c.cpython-38-x86_64-linux-gnu.so
-- Up-to-date: /home/malacoda/ros2_ws/install/more_interfaces/lib/libmore_interfaces__python.so
-- Up-to-date: /home/malacoda/ros2_ws/install/more_interfaces/share/more_interfaces/msg/AddressBook.idl
-- Up-to-date: /home/malacoda/ros2_ws/install/more_interfaces/share/more_interfaces/msg/AddressBook.msg
-- Installing: /home/malacoda/ros2_ws/install/more_interfaces/lib/more_interfaces/publish_address_book
-- Set runtime path of "/home/malacoda/ros2_ws/install/more_interfaces/lib/more_interfaces/publish_address_book" to ""
-- Up-to-date: /home/malacoda/ros2_ws/install/more_interfaces/share/ament_index/resource_index/package_run_dependencies/more_interfaces
-- Up-to-date: /home/malacoda/ros2_ws/install/more_interfaces/share/ament_index/resource_index/parent_prefix_path/more_interfaces
-- Up-to-date: /home/malacoda/ros2_ws/install/more_interfaces/share/more_interfaces/environment/ament_prefix_path.sh
-- Up-to-date: /home/malacoda/ros2_ws/install/more_interfaces/share/more_interfaces/environment/ament_prefix_path.dsv
-- Up-to-date: /home/malacoda/ros2_ws/install/more_interfaces/share/more_interfaces/environment/path.sh
-- Up-to-date: /home/malacoda/ros2_ws/install/more_interfaces/share/more_interfaces/environment/path.dsv
-- Up-to-date: /home/malacoda/ros2_ws/install/more_interfaces/share/more_interfaces/local_setup.bash
-- Up-to-date: /home/malacoda/ros2_ws/install/more_interfaces/share/more_interfaces/local_setup.sh
-- Up-to-date: /home/malacoda/ros2_ws/install/more_interfaces/share/more_interfaces/local_setup.zsh
-- Up-to-date: /home/malacoda/ros2_ws/install/more_interfaces/share/more_interfaces/local_setup.dsv
-- Installing: /home/malacoda/ros2_ws/install/more_interfaces/share/more_interfaces/package.dsv
-- Up-to-date: /home/malacoda/ros2_ws/install/more_interfaces/share/ament_index/resource_index/packages/more_interfaces
-- Up-to-date: /home/malacoda/ros2_ws/install/more_interfaces/share/more_interfaces/cmake/more_interfaces__rosidl_generator_cExport.cmake
-- Up-to-date: /home/malacoda/ros2_ws/install/more_interfaces/share/more_interfaces/cmake/more_interfaces__rosidl_generator_cExport-noconfig.cmake
-- Up-to-date: /home/malacoda/ros2_ws/install/more_interfaces/share/more_interfaces/cmake/more_interfaces__rosidl_typesupport_introspection_cExport.cmake
-- Up-to-date: /home/malacoda/ros2_ws/install/more_interfaces/share/more_interfaces/cmake/more_interfaces__rosidl_typesupport_introspection_cExport-noconfig.cmake
-- Up-to-date: /home/malacoda/ros2_ws/install/more_interfaces/share/more_interfaces/cmake/more_interfaces__rosidl_typesupport_cExport.cmake
-- Up-to-date: /home/malacoda/ros2_ws/install/more_interfaces/share/more_interfaces/cmake/more_interfaces__rosidl_typesupport_cExport-noconfig.cmake
-- Up-to-date: /home/malacoda/ros2_ws/install/more_interfaces/share/more_interfaces/cmake/more_interfaces__rosidl_generator_cppExport.cmake
-- Up-to-date: /home/malacoda/ros2_ws/install/more_interfaces/share/more_interfaces/cmake/more_interfaces__rosidl_typesupport_introspection_cppExport.cmake
-- Up-to-date: /home/malacoda/ros2_ws/install/more_interfaces/share/more_interfaces/cmake/more_interfaces__rosidl_typesupport_introspection_cppExport-noconfig.cmake
-- Up-to-date: /home/malacoda/ros2_ws/install/more_interfaces/share/more_interfaces/cmake/more_interfaces__rosidl_typesupport_cppExport.cmake
-- Up-to-date: /home/malacoda/ros2_ws/install/more_interfaces/share/more_interfaces/cmake/more_interfaces__rosidl_typesupport_cppExport-noconfig.cmake
-- Up-to-date: /home/malacoda/ros2_ws/install/more_interfaces/share/more_interfaces/cmake/rosidl_cmake-extras.cmake
-- Up-to-date: /home/malacoda/ros2_ws/install/more_interfaces/share/more_interfaces/cmake/ament_cmake_export_dependencies-extras.cmake
-- Up-to-date: /home/malacoda/ros2_ws/install/more_interfaces/share/more_interfaces/cmake/ament_cmake_export_libraries-extras.cmake
-- Up-to-date: /home/malacoda/ros2_ws/install/more_interfaces/share/more_interfaces/cmake/ament_cmake_export_targets-extras.cmake
-- Up-to-date: /home/malacoda/ros2_ws/install/more_interfaces/share/more_interfaces/cmake/ament_cmake_export_include_directories-extras.cmake
-- Up-to-date: /home/malacoda/ros2_ws/install/more_interfaces/share/more_interfaces/cmake/rosidl_cmake_export_typesupport_libraries-extras.cmake
-- Up-to-date: /home/malacoda/ros2_ws/install/more_interfaces/share/more_interfaces/cmake/rosidl_cmake_export_typesupport_targets-extras.cmake
-- Up-to-date: /home/malacoda/ros2_ws/install/more_interfaces/share/more_interfaces/cmake/more_interfacesConfig.cmake
-- Up-to-date: /home/malacoda/ros2_ws/install/more_interfaces/share/more_interfaces/cmake/more_interfacesConfig-version.cmake
-- Up-to-date: /home/malacoda/ros2_ws/install/more_interfaces/share/more_interfaces/package.xml
