[0.009s] Invoking command in '/home/malacoda/ros2_ws/build/turtlesim': CMAKE_PREFIX_PATH=${CMAKE_PREFIX_PATH}:/home/malacoda/ros2_ws/install/examples_rclpy_minimal_subscriber:/home/malacoda/ros2_ws/install/examples_rclpy_minimal_service:/home/malacoda/ros2_ws/install/examples_rclpy_minimal_publisher:/home/malacoda/ros2_ws/install/examples_rclpy_minimal_client:/home/malacoda/ros2_ws/install/examples_rclpy_minimal_action_server:/home/malacoda/ros2_ws/install/examples_rclpy_minimal_action_client:/home/malacoda/ros2_ws/install/examples_rclpy_executors:/opt/ros/foxy /usr/bin/cmake /home/malacoda/ros2_ws/src/ros_tutorials/turtlesim -DCMAKE_INSTALL_PREFIX=/home/malacoda/ros2_ws/install/turtlesim
[0.051s] -- The C compiler identification is GNU 9.4.0
[0.091s] -- The CXX compiler identification is GNU 9.4.0
[0.097s] -- Check for working C compiler: /usr/bin/cc
[0.146s] -- Check for working C compiler: /usr/bin/cc -- works
[0.147s] -- Detecting C compiler ABI info
[0.196s] -- Detecting C compiler ABI info - done
[0.204s] -- Detecting C compile features
[0.204s] -- Detecting C compile features - done
[0.206s] -- Check for working CXX compiler: /usr/bin/c++
[0.263s] -- Check for working CXX compiler: /usr/bin/c++ -- works
[0.264s] -- Detecting CXX compiler ABI info
[0.326s] -- Detecting CXX compiler ABI info - done
[0.337s] -- Detecting CXX compile features
[0.337s] -- Detecting CXX compile features - done
[0.339s] -- Found ament_cmake: 0.9.11 (/opt/ros/foxy/share/ament_cmake/cmake)
[0.358s] -- Found PythonInterp: /usr/bin/python3 (found suitable version "3.8.10", minimum required is "3") 
[0.359s] -- Using PYTHON_EXECUTABLE: /usr/bin/python3
[0.482s] -- Found ament_index_cpp: 1.1.0 (/opt/ros/foxy/share/ament_index_cpp/cmake)
[0.484s] -- Found geometry_msgs: 2.0.5 (/opt/ros/foxy/share/geometry_msgs/cmake)
[0.502s] -- Using all available rosidl_typesupport_c: rosidl_typesupport_fastrtps_c;rosidl_typesupport_introspection_c
[0.505s] -- Found rosidl_adapter: 1.3.0 (/opt/ros/foxy/share/rosidl_adapter/cmake)
[0.567s] -- Found OpenSSL: /usr/lib/x86_64-linux-gnu/libcrypto.so (found version "1.1.1f")  
[0.595s] -- Found FastRTPS: /opt/ros/foxy/include  
[0.642s] -- Using all available rosidl_typesupport_cpp: rosidl_typesupport_fastrtps_cpp;rosidl_typesupport_introspection_cpp
[0.706s] -- Found rclcpp: 2.4.2 (/opt/ros/foxy/share/rclcpp/cmake)
[0.733s] -- Found rmw_implementation_cmake: 1.0.3 (/opt/ros/foxy/share/rmw_implementation_cmake/cmake)
[0.734s] -- Using RMW implementation 'rmw_fastrtps_cpp' as default
[0.735s] -- Looking for pthread.h
[0.790s] -- Looking for pthread.h - found
[0.790s] -- Performing Test CMAKE_HAVE_LIBC_PTHREAD
[0.842s] -- Performing Test CMAKE_HAVE_LIBC_PTHREAD - Failed
[0.842s] -- Looking for pthread_create in pthreads
[0.886s] -- Looking for pthread_create in pthreads - not found
[0.886s] -- Looking for pthread_create in pthread
[0.945s] -- Looking for pthread_create in pthread - found
[0.946s] -- Found Threads: TRUE  
[1.036s] -- Found rclcpp_action: 2.4.2 (/opt/ros/foxy/share/rclcpp_action/cmake)
[1.084s] -- Found rosidl_default_generators: 1.0.1 (/opt/ros/foxy/share/rosidl_default_generators/cmake)
[1.093s] -- Found std_srvs: 2.0.5 (/opt/ros/foxy/share/std_srvs/cmake)
[1.121s] -- Found PythonInterp: /usr/bin/python3 (found version "3.8.10") 
[1.246s] -- Found ament_cmake_ros: 0.9.2 (/opt/ros/foxy/share/ament_cmake_ros/cmake)
[1.328s] -- Using all available rosidl_typesupport_c: rosidl_typesupport_fastrtps_c;rosidl_typesupport_introspection_c
[1.345s] -- Using all available rosidl_typesupport_cpp: rosidl_typesupport_fastrtps_cpp;rosidl_typesupport_introspection_cpp
[1.365s] -- Found PythonInterp: /usr/bin/python3 (found suitable version "3.8.10", minimum required is "3.5") 
[1.366s] -- Found python_cmake_module: 0.8.1 (/opt/ros/foxy/share/python_cmake_module/cmake)
[1.387s] -- Found PythonLibs: /usr/lib/x86_64-linux-gnu/libpython3.8.so (found suitable version "3.8.10", minimum required is "3.5") 
[1.388s] -- Using PYTHON_EXECUTABLE: /usr/bin/python3
[1.388s] -- Using PYTHON_INCLUDE_DIRS: /usr/include/python3.8
[1.388s] -- Using PYTHON_LIBRARIES: /usr/lib/x86_64-linux-gnu/libpython3.8.so
[1.408s] -- Found PythonExtra: .so  
[1.466s] -- Configuring done
[1.513s] -- Generating done
[1.514s] -- Build files have been written to: /home/malacoda/ros2_ws/build/turtlesim
[1.521s] Invoked command in '/home/malacoda/ros2_ws/build/turtlesim' returned '0': CMAKE_PREFIX_PATH=${CMAKE_PREFIX_PATH}:/home/malacoda/ros2_ws/install/examples_rclpy_minimal_subscriber:/home/malacoda/ros2_ws/install/examples_rclpy_minimal_service:/home/malacoda/ros2_ws/install/examples_rclpy_minimal_publisher:/home/malacoda/ros2_ws/install/examples_rclpy_minimal_client:/home/malacoda/ros2_ws/install/examples_rclpy_minimal_action_server:/home/malacoda/ros2_ws/install/examples_rclpy_minimal_action_client:/home/malacoda/ros2_ws/install/examples_rclpy_executors:/opt/ros/foxy /usr/bin/cmake /home/malacoda/ros2_ws/src/ros_tutorials/turtlesim -DCMAKE_INSTALL_PREFIX=/home/malacoda/ros2_ws/install/turtlesim
[1.523s] Invoking command in '/home/malacoda/ros2_ws/build/turtlesim': CMAKE_PREFIX_PATH=${CMAKE_PREFIX_PATH}:/home/malacoda/ros2_ws/install/examples_rclpy_minimal_subscriber:/home/malacoda/ros2_ws/install/examples_rclpy_minimal_service:/home/malacoda/ros2_ws/install/examples_rclpy_minimal_publisher:/home/malacoda/ros2_ws/install/examples_rclpy_minimal_client:/home/malacoda/ros2_ws/install/examples_rclpy_minimal_action_server:/home/malacoda/ros2_ws/install/examples_rclpy_minimal_action_client:/home/malacoda/ros2_ws/install/examples_rclpy_executors:/opt/ros/foxy /usr/bin/cmake --build /home/malacoda/ros2_ws/build/turtlesim -- -j32 -l32
[1.556s] [35m[1mScanning dependencies of target turtlesim__cpp[0m
[1.556s] [  1%] [34m[1mGenerating C code for ROS interfaces[0m
[1.564s] [  2%] [34m[1mGenerating C++ code for ROS interfaces[0m
[2.022s] [  2%] Built target turtlesim__cpp
[2.027s] [  3%] [34m[1mGenerating C++ introspection for ROS interfaces[0m
[2.028s] [  5%] [34m[1mGenerating C++ type support for eProsima Fast-RTPS[0m
[2.028s] [  5%] [34m[1mGenerating C++ type support dispatch for ROS interfaces[0m
[2.094s] [35m[1mScanning dependencies of target turtlesim__rosidl_generator_c[0m
[2.104s] [ 10%] [32mBuilding C object CMakeFiles/turtlesim__rosidl_generator_c.dir/rosidl_generator_c/turtlesim/srv/detail/teleport_relative__functions.c.o[0m
[2.105s] [ 10%] [32mBuilding C object CMakeFiles/turtlesim__rosidl_generator_c.dir/rosidl_generator_c/turtlesim/srv/detail/teleport_absolute__functions.c.o[0m
[2.105s] [ 10%] [32mBuilding C object CMakeFiles/turtlesim__rosidl_generator_c.dir/rosidl_generator_c/turtlesim/msg/detail/pose__functions.c.o[0m
[2.105s] [ 10%] [32mBuilding C object CMakeFiles/turtlesim__rosidl_generator_c.dir/rosidl_generator_c/turtlesim/srv/detail/spawn__functions.c.o[0m
[2.105s] [ 10%] [32mBuilding C object CMakeFiles/turtlesim__rosidl_generator_c.dir/rosidl_generator_c/turtlesim/srv/detail/set_pen__functions.c.o[0m
[2.105s] [ 13%] [32mBuilding C object CMakeFiles/turtlesim__rosidl_generator_c.dir/rosidl_generator_c/turtlesim/srv/detail/kill__functions.c.o[0m
[2.105s] [ 13%] [32mBuilding C object CMakeFiles/turtlesim__rosidl_generator_c.dir/rosidl_generator_c/turtlesim/msg/detail/color__functions.c.o[0m
[2.105s] [ 13%] [32mBuilding C object CMakeFiles/turtlesim__rosidl_generator_c.dir/rosidl_generator_c/turtlesim/action/detail/rotate_absolute__functions.c.o[0m
[2.188s] [ 14%] [32m[1mLinking C shared library libturtlesim__rosidl_generator_c.so[0m
[2.219s] [ 14%] Built target turtlesim__rosidl_generator_c
[2.227s] [ 15%] [34m[1mGenerating C type support dispatch for ROS interfaces[0m
[2.229s] [ 16%] [34m[1mGenerating C introspection for ROS interfaces[0m
[2.331s] [35m[1mScanning dependencies of target turtlesim__rosidl_typesupport_cpp[0m
[2.342s] [ 17%] [32mBuilding CXX object CMakeFiles/turtlesim__rosidl_typesupport_cpp.dir/rosidl_typesupport_cpp/turtlesim/srv/kill__type_support.cpp.o[0m
[2.343s] [ 19%] [32mBuilding CXX object CMakeFiles/turtlesim__rosidl_typesupport_cpp.dir/rosidl_typesupport_cpp/turtlesim/srv/spawn__type_support.cpp.o[0m
[2.343s] [ 20%] [32mBuilding CXX object CMakeFiles/turtlesim__rosidl_typesupport_cpp.dir/rosidl_typesupport_cpp/turtlesim/srv/teleport_absolute__type_support.cpp.o[0m
[2.343s] [ 20%] [32mBuilding CXX object CMakeFiles/turtlesim__rosidl_typesupport_cpp.dir/rosidl_typesupport_cpp/turtlesim/srv/teleport_relative__type_support.cpp.o[0m
[2.344s] [ 24%] [32mBuilding CXX object CMakeFiles/turtlesim__rosidl_typesupport_cpp.dir/rosidl_typesupport_cpp/turtlesim/action/rotate_absolute__type_support.cpp.o[0m
[2.344s] [ 24%] [32mBuilding CXX object CMakeFiles/turtlesim__rosidl_typesupport_cpp.dir/rosidl_typesupport_cpp/turtlesim/msg/color__type_support.cpp.o[0m
[2.344s] [ 24%] [32mBuilding CXX object CMakeFiles/turtlesim__rosidl_typesupport_cpp.dir/rosidl_typesupport_cpp/turtlesim/msg/pose__type_support.cpp.o[0m
[2.344s] [ 24%] [32mBuilding CXX object CMakeFiles/turtlesim__rosidl_typesupport_cpp.dir/rosidl_typesupport_cpp/turtlesim/srv/set_pen__type_support.cpp.o[0m
[2.445s] [35m[1mScanning dependencies of target turtlesim__rosidl_typesupport_introspection_cpp[0m
[2.459s] [ 25%] [32mBuilding CXX object CMakeFiles/turtlesim__rosidl_typesupport_introspection_cpp.dir/rosidl_typesupport_introspection_cpp/turtlesim/srv/detail/set_pen__type_support.cpp.o[0m
[2.459s] [ 28%] [32mBuilding CXX object CMakeFiles/turtlesim__rosidl_typesupport_introspection_cpp.dir/rosidl_typesupport_introspection_cpp/turtlesim/srv/detail/spawn__type_support.cpp.o[0m
[2.459s] [ 28%] [32mBuilding CXX object CMakeFiles/turtlesim__rosidl_typesupport_introspection_cpp.dir/rosidl_typesupport_introspection_cpp/turtlesim/srv/detail/kill__type_support.cpp.o[0m
[2.459s] [ 28%] [32mBuilding CXX object CMakeFiles/turtlesim__rosidl_typesupport_introspection_cpp.dir/rosidl_typesupport_introspection_cpp/turtlesim/msg/detail/color__type_support.cpp.o[0m
[2.460s] [ 29%] [32mBuilding CXX object CMakeFiles/turtlesim__rosidl_typesupport_introspection_cpp.dir/rosidl_typesupport_introspection_cpp/turtlesim/action/detail/rotate_absolute__type_support.cpp.o[0m
[2.460s] [ 30%] [32mBuilding CXX object CMakeFiles/turtlesim__rosidl_typesupport_introspection_cpp.dir/rosidl_typesupport_introspection_cpp/turtlesim/msg/detail/pose__type_support.cpp.o[0m
[2.460s] [ 31%] [32mBuilding CXX object CMakeFiles/turtlesim__rosidl_typesupport_introspection_cpp.dir/rosidl_typesupport_introspection_cpp/turtlesim/srv/detail/teleport_absolute__type_support.cpp.o[0m
[2.460s] [ 32%] [32mBuilding CXX object CMakeFiles/turtlesim__rosidl_typesupport_introspection_cpp.dir/rosidl_typesupport_introspection_cpp/turtlesim/srv/detail/teleport_relative__type_support.cpp.o[0m
[2.516s] [35m[1mScanning dependencies of target turtlesim__rosidl_typesupport_fastrtps_cpp[0m
[2.544s] [ 35%] [32mBuilding CXX object CMakeFiles/turtlesim__rosidl_typesupport_fastrtps_cpp.dir/rosidl_typesupport_fastrtps_cpp/turtlesim/msg/detail/dds_fastrtps/color__type_support.cpp.o[0m
[2.544s] [ 35%] [32mBuilding CXX object CMakeFiles/turtlesim__rosidl_typesupport_fastrtps_cpp.dir/rosidl_typesupport_fastrtps_cpp/turtlesim/srv/detail/dds_fastrtps/teleport_relative__type_support.cpp.o[0m
[2.544s] [ 35%] [32mBuilding CXX object CMakeFiles/turtlesim__rosidl_typesupport_fastrtps_cpp.dir/rosidl_typesupport_fastrtps_cpp/turtlesim/msg/detail/dds_fastrtps/pose__type_support.cpp.o[0m
[2.544s] [ 36%] [32mBuilding CXX object CMakeFiles/turtlesim__rosidl_typesupport_fastrtps_cpp.dir/rosidl_typesupport_fastrtps_cpp/turtlesim/srv/detail/dds_fastrtps/set_pen__type_support.cpp.o[0m
[2.545s] [ 40%] [32mBuilding CXX object CMakeFiles/turtlesim__rosidl_typesupport_fastrtps_cpp.dir/rosidl_typesupport_fastrtps_cpp/turtlesim/srv/detail/dds_fastrtps/kill__type_support.cpp.o[0m
[2.545s] [ 40%] [32mBuilding CXX object CMakeFiles/turtlesim__rosidl_typesupport_fastrtps_cpp.dir/rosidl_typesupport_fastrtps_cpp/turtlesim/srv/detail/dds_fastrtps/teleport_absolute__type_support.cpp.o[0m
[2.545s] [ 40%] [32mBuilding CXX object CMakeFiles/turtlesim__rosidl_typesupport_fastrtps_cpp.dir/rosidl_typesupport_fastrtps_cpp/turtlesim/srv/detail/dds_fastrtps/spawn__type_support.cpp.o[0m
[2.545s] [ 40%] [32mBuilding CXX object CMakeFiles/turtlesim__rosidl_typesupport_fastrtps_cpp.dir/rosidl_typesupport_fastrtps_cpp/turtlesim/action/detail/dds_fastrtps/rotate_absolute__type_support.cpp.o[0m
[2.666s] [35m[1mScanning dependencies of target turtlesim__rosidl_typesupport_c[0m
[2.668s] [ 41%] [32m[1mLinking CXX shared library libturtlesim__rosidl_typesupport_cpp.so[0m
[2.678s] [ 44%] [32mBuilding CXX object CMakeFiles/turtlesim__rosidl_typesupport_c.dir/rosidl_typesupport_c/turtlesim/msg/pose__type_support.cpp.o[0m
[2.678s] [ 44%] [32mBuilding CXX object CMakeFiles/turtlesim__rosidl_typesupport_c.dir/rosidl_typesupport_c/turtlesim/msg/color__type_support.cpp.o[0m
[2.678s] [ 44%] [32mBuilding CXX object CMakeFiles/turtlesim__rosidl_typesupport_c.dir/rosidl_typesupport_c/turtlesim/action/rotate_absolute__type_support.cpp.o[0m
[2.679s] [ 45%] [32mBuilding CXX object CMakeFiles/turtlesim__rosidl_typesupport_c.dir/rosidl_typesupport_c/turtlesim/srv/teleport_relative__type_support.cpp.o[0m
[2.681s] [ 46%] [32mBuilding CXX object CMakeFiles/turtlesim__rosidl_typesupport_c.dir/rosidl_typesupport_c/turtlesim/srv/kill__type_support.cpp.o[0m
[2.681s] [ 49%] [32mBuilding CXX object CMakeFiles/turtlesim__rosidl_typesupport_c.dir/rosidl_typesupport_c/turtlesim/srv/teleport_absolute__type_support.cpp.o[0m
[2.681s] [ 49%] [32mBuilding CXX object CMakeFiles/turtlesim__rosidl_typesupport_c.dir/rosidl_typesupport_c/turtlesim/srv/set_pen__type_support.cpp.o[0m
[2.681s] [ 49%] [32mBuilding CXX object CMakeFiles/turtlesim__rosidl_typesupport_c.dir/rosidl_typesupport_c/turtlesim/srv/spawn__type_support.cpp.o[0m
[2.710s] [ 49%] Built target turtlesim__rosidl_typesupport_cpp
[2.718s] [ 50%] [32m[1mLinking CXX shared library libturtlesim__rosidl_typesupport_c.so[0m
[2.750s] [ 50%] Built target turtlesim__rosidl_typesupport_c
[2.788s] [ 51%] [32m[1mLinking CXX shared library libturtlesim__rosidl_typesupport_introspection_cpp.so[0m
[2.805s] [35m[1mScanning dependencies of target turtlesim__rosidl_typesupport_introspection_c[0m
[2.820s] [ 53%] [32mBuilding C object CMakeFiles/turtlesim__rosidl_typesupport_introspection_c.dir/rosidl_typesupport_introspection_c/turtlesim/srv/detail/kill__type_support.c.o[0m
[2.820s] [ 53%] [32mBuilding C object CMakeFiles/turtlesim__rosidl_typesupport_introspection_c.dir/rosidl_typesupport_introspection_c/turtlesim/action/detail/rotate_absolute__type_support.c.o[0m
[2.820s] [ 54%] [32mBuilding C object CMakeFiles/turtlesim__rosidl_typesupport_introspection_c.dir/rosidl_typesupport_introspection_c/turtlesim/srv/detail/set_pen__type_support.c.o[0m
[2.821s] [ 56%] [32mBuilding C object CMakeFiles/turtlesim__rosidl_typesupport_introspection_c.dir/rosidl_typesupport_introspection_c/turtlesim/msg/detail/color__type_support.c.o[0m
[2.821s] [ 56%] [32mBuilding C object CMakeFiles/turtlesim__rosidl_typesupport_introspection_c.dir/rosidl_typesupport_introspection_c/turtlesim/msg/detail/pose__type_support.c.o[0m
[2.821s] [ 57%] [32mBuilding C object CMakeFiles/turtlesim__rosidl_typesupport_introspection_c.dir/rosidl_typesupport_introspection_c/turtlesim/srv/detail/spawn__type_support.c.o[0m
[2.821s] [ 59%] [32mBuilding C object CMakeFiles/turtlesim__rosidl_typesupport_introspection_c.dir/rosidl_typesupport_introspection_c/turtlesim/srv/detail/teleport_relative__type_support.c.o[0m
[2.822s] [ 59%] [32mBuilding C object CMakeFiles/turtlesim__rosidl_typesupport_introspection_c.dir/rosidl_typesupport_introspection_c/turtlesim/srv/detail/teleport_absolute__type_support.c.o[0m
[2.855s] [ 60%] [32m[1mLinking C shared library libturtlesim__rosidl_typesupport_introspection_c.so[0m
[2.866s] [ 60%] Built target turtlesim__rosidl_typesupport_introspection_cpp
[2.877s] [ 60%] Built target turtlesim__rosidl_typesupport_introspection_c
[2.936s] [ 61%] [32m[1mLinking CXX shared library libturtlesim__rosidl_typesupport_fastrtps_cpp.so[0m
[2.991s] [ 61%] Built target turtlesim__rosidl_typesupport_fastrtps_cpp
[2.999s] [ 62%] [34m[1mGenerating C type support for eProsima Fast-RTPS[0m
[3.434s] [35m[1mScanning dependencies of target turtlesim__rosidl_typesupport_fastrtps_c[0m
[3.457s] [ 66%] [32mBuilding CXX object CMakeFiles/turtlesim__rosidl_typesupport_fastrtps_c.dir/rosidl_typesupport_fastrtps_c/turtlesim/srv/detail/set_pen__type_support_c.cpp.o[0m
[3.457s] [ 66%] [32mBuilding CXX object CMakeFiles/turtlesim__rosidl_typesupport_fastrtps_c.dir/rosidl_typesupport_fastrtps_c/turtlesim/msg/detail/pose__type_support_c.cpp.o[0m
[3.457s] [ 66%] [32mBuilding CXX object CMakeFiles/turtlesim__rosidl_typesupport_fastrtps_c.dir/rosidl_typesupport_fastrtps_c/turtlesim/msg/detail/color__type_support_c.cpp.o[0m
[3.457s] [ 66%] [32mBuilding CXX object CMakeFiles/turtlesim__rosidl_typesupport_fastrtps_c.dir/rosidl_typesupport_fastrtps_c/turtlesim/srv/detail/teleport_relative__type_support_c.cpp.o[0m
[3.457s] [ 67%] [32mBuilding CXX object CMakeFiles/turtlesim__rosidl_typesupport_fastrtps_c.dir/rosidl_typesupport_fastrtps_c/turtlesim/action/detail/rotate_absolute__type_support_c.cpp.o[0m
[3.458s] [ 68%] [32mBuilding CXX object CMakeFiles/turtlesim__rosidl_typesupport_fastrtps_c.dir/rosidl_typesupport_fastrtps_c/turtlesim/srv/detail/kill__type_support_c.cpp.o[0m
[3.458s] [ 69%] [32mBuilding CXX object CMakeFiles/turtlesim__rosidl_typesupport_fastrtps_c.dir/rosidl_typesupport_fastrtps_c/turtlesim/srv/detail/spawn__type_support_c.cpp.o[0m
[3.458s] [ 70%] [32mBuilding CXX object CMakeFiles/turtlesim__rosidl_typesupport_fastrtps_c.dir/rosidl_typesupport_fastrtps_c/turtlesim/srv/detail/teleport_absolute__type_support_c.cpp.o[0m
[3.719s] [ 71%] [32m[1mLinking CXX shared library libturtlesim__rosidl_typesupport_fastrtps_c.so[0m
[3.775s] [ 71%] Built target turtlesim__rosidl_typesupport_fastrtps_c
[3.782s] [35m[1mScanning dependencies of target turtlesim[0m
[3.791s] [ 71%] Built target turtlesim
[3.797s] [35m[1mScanning dependencies of target turtle_teleop_key[0m
[3.797s] [35m[1mScanning dependencies of target mimic[0m
[3.797s] [35m[1mScanning dependencies of target draw_square[0m
[3.799s] [ 72%] [34m[1mGenerating include/turtlesim/moc_turtle_frame.cpp[0m
[3.799s] [35m[1mScanning dependencies of target turtlesim__py[0m
[3.805s] [ 73%] [34m[1mGenerating Python code for ROS interfaces[0m
[3.822s] [ 75%] [32mBuilding CXX object CMakeFiles/draw_square.dir/tutorials/draw_square.cpp.o[0m
[3.822s] [ 75%] [32mBuilding CXX object CMakeFiles/mimic.dir/tutorials/mimic.cpp.o[0m
[3.824s] [ 76%] [32mBuilding CXX object CMakeFiles/turtle_teleop_key.dir/tutorials/teleop_turtle_key.cpp.o[0m
[3.846s] [35m[1mScanning dependencies of target turtlesim_node[0m
[3.898s] [ 77%] [32mBuilding CXX object CMakeFiles/turtlesim_node.dir/src/turtlesim.cpp.o[0m
[3.898s] [ 78%] [32mBuilding CXX object CMakeFiles/turtlesim_node.dir/include/turtlesim/moc_turtle_frame.cpp.o[0m
[3.898s] [ 80%] [32mBuilding CXX object CMakeFiles/turtlesim_node.dir/src/turtle.cpp.o[0m
[3.898s] [ 80%] [32mBuilding CXX object CMakeFiles/turtlesim_node.dir/src/turtle_frame.cpp.o[0m
[4.844s] [ 80%] Built target turtlesim__py
[4.851s] [35m[1mScanning dependencies of target turtlesim__python[0m
[4.876s] [ 83%] [32mBuilding C object CMakeFiles/turtlesim__python.dir/rosidl_generator_py/turtlesim/msg/_pose_s.c.o[0m
[4.876s] [ 83%] [32mBuilding C object CMakeFiles/turtlesim__python.dir/rosidl_generator_py/turtlesim/action/_rotate_absolute_s.c.o[0m
[4.876s] [ 83%] [32mBuilding C object CMakeFiles/turtlesim__python.dir/rosidl_generator_py/turtlesim/srv/_kill_s.c.o[0m
[4.876s] [ 84%] [32mBuilding C object CMakeFiles/turtlesim__python.dir/rosidl_generator_py/turtlesim/srv/_teleport_relative_s.c.o[0m
[4.878s] [ 88%] [32mBuilding C object CMakeFiles/turtlesim__python.dir/rosidl_generator_py/turtlesim/srv/_teleport_absolute_s.c.o[0m
[4.878s] [ 88%] [32mBuilding C object CMakeFiles/turtlesim__python.dir/rosidl_generator_py/turtlesim/srv/_spawn_s.c.o[0m
[4.878s] [ 88%] [32mBuilding C object CMakeFiles/turtlesim__python.dir/rosidl_generator_py/turtlesim/msg/_color_s.c.o[0m
[4.878s] [ 88%] [32mBuilding C object CMakeFiles/turtlesim__python.dir/rosidl_generator_py/turtlesim/srv/_set_pen_s.c.o[0m
[4.996s] [ 89%] [32m[1mLinking C shared library rosidl_generator_py/turtlesim/libturtlesim__python.so[0m
[5.029s] [ 89%] Built target turtlesim__python
[5.037s] [35m[1mScanning dependencies of target turtlesim__rosidl_typesupport_introspection_c__pyext[0m
[5.037s] [35m[1mScanning dependencies of target turtlesim__rosidl_typesupport_fastrtps_c__pyext[0m
[5.037s] [35m[1mScanning dependencies of target turtlesim__rosidl_typesupport_c__pyext[0m
[5.054s] [ 90%] [32mBuilding C object CMakeFiles/turtlesim__rosidl_typesupport_introspection_c__pyext.dir/rosidl_generator_py/turtlesim/_turtlesim_s.ep.rosidl_typesupport_introspection_c.c.o[0m
[5.055s] [ 92%] [32mBuilding C object CMakeFiles/turtlesim__rosidl_typesupport_fastrtps_c__pyext.dir/rosidl_generator_py/turtlesim/_turtlesim_s.ep.rosidl_typesupport_fastrtps_c.c.o[0m
[5.055s] [ 92%] [32mBuilding C object CMakeFiles/turtlesim__rosidl_typesupport_c__pyext.dir/rosidl_generator_py/turtlesim/_turtlesim_s.ep.rosidl_typesupport_c.c.o[0m
[5.152s] [ 93%] [32m[1mLinking C shared library rosidl_generator_py/turtlesim/turtlesim_s__rosidl_typesupport_c.cpython-38-x86_64-linux-gnu.so[0m
[5.152s] [ 94%] [32m[1mLinking C shared library rosidl_generator_py/turtlesim/turtlesim_s__rosidl_typesupport_introspection_c.cpython-38-x86_64-linux-gnu.so[0m
[5.152s] [ 95%] [32m[1mLinking CXX shared library rosidl_generator_py/turtlesim/turtlesim_s__rosidl_typesupport_fastrtps_c.cpython-38-x86_64-linux-gnu.so[0m
[5.180s] [ 95%] Built target turtlesim__rosidl_typesupport_introspection_c__pyext
[5.180s] [ 95%] Built target turtlesim__rosidl_typesupport_c__pyext
[5.209s] [ 95%] Built target turtlesim__rosidl_typesupport_fastrtps_c__pyext
[6.602s] [ 96%] [32m[1mLinking CXX executable turtle_teleop_key[0m
[6.730s] [ 96%] Built target turtle_teleop_key
[7.390s] [ 97%] [32m[1mLinking CXX executable mimic[0m
[7.536s] [ 97%] Built target mimic
[7.764s] [ 98%] [32m[1mLinking CXX executable draw_square[0m
[7.925s] [ 98%] Built target draw_square
[9.419s] [100%] [32m[1mLinking CXX executable turtlesim_node[0m
[10.110s] [100%] Built target turtlesim_node
[10.122s] Invoked command in '/home/malacoda/ros2_ws/build/turtlesim' returned '0': CMAKE_PREFIX_PATH=${CMAKE_PREFIX_PATH}:/home/malacoda/ros2_ws/install/examples_rclpy_minimal_subscriber:/home/malacoda/ros2_ws/install/examples_rclpy_minimal_service:/home/malacoda/ros2_ws/install/examples_rclpy_minimal_publisher:/home/malacoda/ros2_ws/install/examples_rclpy_minimal_client:/home/malacoda/ros2_ws/install/examples_rclpy_minimal_action_server:/home/malacoda/ros2_ws/install/examples_rclpy_minimal_action_client:/home/malacoda/ros2_ws/install/examples_rclpy_executors:/opt/ros/foxy /usr/bin/cmake --build /home/malacoda/ros2_ws/build/turtlesim -- -j32 -l32
[10.244s] Invoking command in '/home/malacoda/ros2_ws/build/turtlesim': CMAKE_PREFIX_PATH=${CMAKE_PREFIX_PATH}:/home/malacoda/ros2_ws/install/examples_rclpy_minimal_subscriber:/home/malacoda/ros2_ws/install/examples_rclpy_minimal_service:/home/malacoda/ros2_ws/install/examples_rclpy_minimal_publisher:/home/malacoda/ros2_ws/install/examples_rclpy_minimal_client:/home/malacoda/ros2_ws/install/examples_rclpy_minimal_action_server:/home/malacoda/ros2_ws/install/examples_rclpy_minimal_action_client:/home/malacoda/ros2_ws/install/examples_rclpy_executors:/opt/ros/foxy /usr/bin/cmake --install /home/malacoda/ros2_ws/build/turtlesim
[10.253s] -- Install configuration: ""
[10.253s] -- Installing: /home/malacoda/ros2_ws/install/turtlesim/share/ament_index/resource_index/rosidl_interfaces/turtlesim
[10.253s] -- Installing: /home/malacoda/ros2_ws/install/turtlesim/include/turtlesim
[10.253s] -- Installing: /home/malacoda/ros2_ws/install/turtlesim/include/turtlesim/msg
[10.253s] -- Installing: /home/malacoda/ros2_ws/install/turtlesim/include/turtlesim/msg/pose.h
[10.254s] -- Installing: /home/malacoda/ros2_ws/install/turtlesim/include/turtlesim/msg/detail
[10.254s] -- Installing: /home/malacoda/ros2_ws/install/turtlesim/include/turtlesim/msg/detail/pose__type_support.h
[10.254s] -- Installing: /home/malacoda/ros2_ws/install/turtlesim/include/turtlesim/msg/detail/pose__functions.h
[10.254s] -- Installing: /home/malacoda/ros2_ws/install/turtlesim/include/turtlesim/msg/detail/color__functions.c
[10.254s] -- Installing: /home/malacoda/ros2_ws/install/turtlesim/include/turtlesim/msg/detail/pose__functions.c
[10.254s] -- Installing: /home/malacoda/ros2_ws/install/turtlesim/include/turtlesim/msg/detail/color__type_support.h
[10.254s] -- Installing: /home/malacoda/ros2_ws/install/turtlesim/include/turtlesim/msg/detail/color__functions.h
[10.254s] -- Installing: /home/malacoda/ros2_ws/install/turtlesim/include/turtlesim/msg/detail/pose__struct.h
[10.254s] -- Installing: /home/malacoda/ros2_ws/install/turtlesim/include/turtlesim/msg/detail/color__struct.h
[10.254s] -- Installing: /home/malacoda/ros2_ws/install/turtlesim/include/turtlesim/msg/color.h
[10.254s] -- Installing: /home/malacoda/ros2_ws/install/turtlesim/include/turtlesim/msg/rosidl_generator_c__visibility_control.h
[10.255s] -- Installing: /home/malacoda/ros2_ws/install/turtlesim/include/turtlesim/action
[10.255s] -- Installing: /home/malacoda/ros2_ws/install/turtlesim/include/turtlesim/action/detail
[10.255s] -- Installing: /home/malacoda/ros2_ws/install/turtlesim/include/turtlesim/action/detail/rotate_absolute__functions.h
[10.255s] -- Installing: /home/malacoda/ros2_ws/install/turtlesim/include/turtlesim/action/detail/rotate_absolute__type_support.h
[10.255s] -- Installing: /home/malacoda/ros2_ws/install/turtlesim/include/turtlesim/action/detail/rotate_absolute__functions.c
[10.255s] -- Installing: /home/malacoda/ros2_ws/install/turtlesim/include/turtlesim/action/detail/rotate_absolute__struct.h
[10.255s] -- Installing: /home/malacoda/ros2_ws/install/turtlesim/include/turtlesim/action/rotate_absolute.h
[10.255s] -- Installing: /home/malacoda/ros2_ws/install/turtlesim/include/turtlesim/srv
[10.255s] -- Installing: /home/malacoda/ros2_ws/install/turtlesim/include/turtlesim/srv/teleport_relative.h
[10.255s] -- Installing: /home/malacoda/ros2_ws/install/turtlesim/include/turtlesim/srv/spawn.h
[10.255s] -- Installing: /home/malacoda/ros2_ws/install/turtlesim/include/turtlesim/srv/detail
[10.256s] -- Installing: /home/malacoda/ros2_ws/install/turtlesim/include/turtlesim/srv/detail/set_pen__type_support.h
[10.256s] -- Installing: /home/malacoda/ros2_ws/install/turtlesim/include/turtlesim/srv/detail/kill__functions.c
[10.256s] -- Installing: /home/malacoda/ros2_ws/install/turtlesim/include/turtlesim/srv/detail/teleport_relative__functions.c
[10.256s] -- Installing: /home/malacoda/ros2_ws/install/turtlesim/include/turtlesim/srv/detail/spawn__struct.h
[10.256s] -- Installing: /home/malacoda/ros2_ws/install/turtlesim/include/turtlesim/srv/detail/teleport_absolute__functions.h
[10.256s] -- Installing: /home/malacoda/ros2_ws/install/turtlesim/include/turtlesim/srv/detail/teleport_relative__functions.h
[10.256s] -- Installing: /home/malacoda/ros2_ws/install/turtlesim/include/turtlesim/srv/detail/spawn__functions.c
[10.256s] -- Installing: /home/malacoda/ros2_ws/install/turtlesim/include/turtlesim/srv/detail/teleport_relative__type_support.h
[10.256s] -- Installing: /home/malacoda/ros2_ws/install/turtlesim/include/turtlesim/srv/detail/teleport_absolute__type_support.h
[10.256s] -- Installing: /home/malacoda/ros2_ws/install/turtlesim/include/turtlesim/srv/detail/set_pen__functions.h
[10.256s] -- Installing: /home/malacoda/ros2_ws/install/turtlesim/include/turtlesim/srv/detail/teleport_absolute__functions.c
[10.256s] -- Installing: /home/malacoda/ros2_ws/install/turtlesim/include/turtlesim/srv/detail/teleport_absolute__struct.h
[10.256s] -- Installing: /home/malacoda/ros2_ws/install/turtlesim/include/turtlesim/srv/detail/set_pen__struct.h
[10.256s] -- Installing: /home/malacoda/ros2_ws/install/turtlesim/include/turtlesim/srv/detail/kill__struct.h
[10.256s] -- Installing: /home/malacoda/ros2_ws/install/turtlesim/include/turtlesim/srv/detail/kill__type_support.h
[10.256s] -- Installing: /home/malacoda/ros2_ws/install/turtlesim/include/turtlesim/srv/detail/spawn__functions.h
[10.257s] -- Installing: /home/malacoda/ros2_ws/install/turtlesim/include/turtlesim/srv/detail/set_pen__functions.c
[10.257s] -- Installing: /home/malacoda/ros2_ws/install/turtlesim/include/turtlesim/srv/detail/spawn__type_support.h
[10.257s] -- Installing: /home/malacoda/ros2_ws/install/turtlesim/include/turtlesim/srv/detail/kill__functions.h
[10.257s] -- Installing: /home/malacoda/ros2_ws/install/turtlesim/include/turtlesim/srv/detail/teleport_relative__struct.h
[10.257s] -- Installing: /home/malacoda/ros2_ws/install/turtlesim/include/turtlesim/srv/set_pen.h
[10.257s] -- Installing: /home/malacoda/ros2_ws/install/turtlesim/include/turtlesim/srv/teleport_absolute.h
[10.257s] -- Installing: /home/malacoda/ros2_ws/install/turtlesim/include/turtlesim/srv/kill.h
[10.257s] -- Installing: /home/malacoda/ros2_ws/install/turtlesim/share/turtlesim/environment/library_path.sh
[10.257s] -- Installing: /home/malacoda/ros2_ws/install/turtlesim/share/turtlesim/environment/library_path.dsv
[10.257s] -- Installing: /home/malacoda/ros2_ws/install/turtlesim/lib/libturtlesim__rosidl_generator_c.so
[10.257s] -- Set runtime path of "/home/malacoda/ros2_ws/install/turtlesim/lib/libturtlesim__rosidl_generator_c.so" to ""
[10.257s] -- Up-to-date: /home/malacoda/ros2_ws/install/turtlesim/include/turtlesim
[10.257s] -- Up-to-date: /home/malacoda/ros2_ws/install/turtlesim/include/turtlesim/msg
[10.257s] -- Up-to-date: /home/malacoda/ros2_ws/install/turtlesim/include/turtlesim/msg/detail
[10.257s] -- Installing: /home/malacoda/ros2_ws/install/turtlesim/include/turtlesim/msg/detail/pose__rosidl_typesupport_fastrtps_c.h
[10.257s] -- Installing: /home/malacoda/ros2_ws/install/turtlesim/include/turtlesim/msg/detail/color__rosidl_typesupport_fastrtps_c.h
[10.258s] -- Installing: /home/malacoda/ros2_ws/install/turtlesim/include/turtlesim/msg/rosidl_typesupport_fastrtps_c__visibility_control.h
[10.258s] -- Up-to-date: /home/malacoda/ros2_ws/install/turtlesim/include/turtlesim/action
[10.258s] -- Up-to-date: /home/malacoda/ros2_ws/install/turtlesim/include/turtlesim/action/detail
[10.258s] -- Installing: /home/malacoda/ros2_ws/install/turtlesim/include/turtlesim/action/detail/rotate_absolute__rosidl_typesupport_fastrtps_c.h
[10.258s] -- Up-to-date: /home/malacoda/ros2_ws/install/turtlesim/include/turtlesim/srv
[10.258s] -- Up-to-date: /home/malacoda/ros2_ws/install/turtlesim/include/turtlesim/srv/detail
[10.258s] -- Installing: /home/malacoda/ros2_ws/install/turtlesim/include/turtlesim/srv/detail/teleport_absolute__rosidl_typesupport_fastrtps_c.h
[10.258s] -- Installing: /home/malacoda/ros2_ws/install/turtlesim/include/turtlesim/srv/detail/kill__rosidl_typesupport_fastrtps_c.h
[10.258s] -- Installing: /home/malacoda/ros2_ws/install/turtlesim/include/turtlesim/srv/detail/spawn__rosidl_typesupport_fastrtps_c.h
[10.258s] -- Installing: /home/malacoda/ros2_ws/install/turtlesim/include/turtlesim/srv/detail/teleport_relative__rosidl_typesupport_fastrtps_c.h
[10.258s] -- Installing: /home/malacoda/ros2_ws/install/turtlesim/include/turtlesim/srv/detail/set_pen__rosidl_typesupport_fastrtps_c.h
[10.258s] -- Installing: /home/malacoda/ros2_ws/install/turtlesim/lib/libturtlesim__rosidl_typesupport_fastrtps_c.so
[10.258s] -- Set runtime path of "/home/malacoda/ros2_ws/install/turtlesim/lib/libturtlesim__rosidl_typesupport_fastrtps_c.so" to ""
[10.258s] -- Up-to-date: /home/malacoda/ros2_ws/install/turtlesim/include/turtlesim
[10.258s] -- Up-to-date: /home/malacoda/ros2_ws/install/turtlesim/include/turtlesim/msg
[10.258s] -- Up-to-date: /home/malacoda/ros2_ws/install/turtlesim/include/turtlesim/msg/detail
[10.258s] -- Installing: /home/malacoda/ros2_ws/install/turtlesim/include/turtlesim/msg/detail/pose__rosidl_typesupport_fastrtps_cpp.hpp
[10.258s] -- Installing: /home/malacoda/ros2_ws/install/turtlesim/include/turtlesim/msg/detail/dds_fastrtps
[10.258s] -- Installing: /home/malacoda/ros2_ws/install/turtlesim/include/turtlesim/msg/detail/color__rosidl_typesupport_fastrtps_cpp.hpp
[10.259s] -- Installing: /home/malacoda/ros2_ws/install/turtlesim/include/turtlesim/msg/rosidl_typesupport_fastrtps_cpp__visibility_control.h
[10.259s] -- Up-to-date: /home/malacoda/ros2_ws/install/turtlesim/include/turtlesim/action
[10.259s] -- Up-to-date: /home/malacoda/ros2_ws/install/turtlesim/include/turtlesim/action/detail
[10.259s] -- Installing: /home/malacoda/ros2_ws/install/turtlesim/include/turtlesim/action/detail/dds_fastrtps
[10.259s] -- Installing: /home/malacoda/ros2_ws/install/turtlesim/include/turtlesim/action/detail/rotate_absolute__rosidl_typesupport_fastrtps_cpp.hpp
[10.259s] -- Up-to-date: /home/malacoda/ros2_ws/install/turtlesim/include/turtlesim/srv
[10.259s] -- Up-to-date: /home/malacoda/ros2_ws/install/turtlesim/include/turtlesim/srv/detail
[10.259s] -- Installing: /home/malacoda/ros2_ws/install/turtlesim/include/turtlesim/srv/detail/dds_fastrtps
[10.259s] -- Installing: /home/malacoda/ros2_ws/install/turtlesim/include/turtlesim/srv/detail/teleport_relative__rosidl_typesupport_fastrtps_cpp.hpp
[10.259s] -- Installing: /home/malacoda/ros2_ws/install/turtlesim/include/turtlesim/srv/detail/kill__rosidl_typesupport_fastrtps_cpp.hpp
[10.259s] -- Installing: /home/malacoda/ros2_ws/install/turtlesim/include/turtlesim/srv/detail/teleport_absolute__rosidl_typesupport_fastrtps_cpp.hpp
[10.259s] -- Installing: /home/malacoda/ros2_ws/install/turtlesim/include/turtlesim/srv/detail/spawn__rosidl_typesupport_fastrtps_cpp.hpp
[10.259s] -- Installing: /home/malacoda/ros2_ws/install/turtlesim/include/turtlesim/srv/detail/set_pen__rosidl_typesupport_fastrtps_cpp.hpp
[10.259s] -- Installing: /home/malacoda/ros2_ws/install/turtlesim/lib/libturtlesim__rosidl_typesupport_fastrtps_cpp.so
[10.259s] -- Set runtime path of "/home/malacoda/ros2_ws/install/turtlesim/lib/libturtlesim__rosidl_typesupport_fastrtps_cpp.so" to ""
[10.259s] -- Up-to-date: /home/malacoda/ros2_ws/install/turtlesim/include/turtlesim
[10.259s] -- Up-to-date: /home/malacoda/ros2_ws/install/turtlesim/include/turtlesim/msg
[10.259s] -- Up-to-date: /home/malacoda/ros2_ws/install/turtlesim/include/turtlesim/msg/detail
[10.260s] -- Installing: /home/malacoda/ros2_ws/install/turtlesim/include/turtlesim/msg/detail/color__rosidl_typesupport_introspection_c.h
[10.260s] -- Installing: /home/malacoda/ros2_ws/install/turtlesim/include/turtlesim/msg/detail/pose__rosidl_typesupport_introspection_c.h
[10.260s] -- Installing: /home/malacoda/ros2_ws/install/turtlesim/include/turtlesim/msg/detail/pose__type_support.c
[10.260s] -- Installing: /home/malacoda/ros2_ws/install/turtlesim/include/turtlesim/msg/detail/color__type_support.c
[10.260s] -- Installing: /home/malacoda/ros2_ws/install/turtlesim/include/turtlesim/msg/rosidl_typesupport_introspection_c__visibility_control.h
[10.260s] -- Up-to-date: /home/malacoda/ros2_ws/install/turtlesim/include/turtlesim/action
[10.260s] -- Up-to-date: /home/malacoda/ros2_ws/install/turtlesim/include/turtlesim/action/detail
[10.260s] -- Installing: /home/malacoda/ros2_ws/install/turtlesim/include/turtlesim/action/detail/rotate_absolute__type_support.c
[10.260s] -- Installing: /home/malacoda/ros2_ws/install/turtlesim/include/turtlesim/action/detail/rotate_absolute__rosidl_typesupport_introspection_c.h
[10.260s] -- Up-to-date: /home/malacoda/ros2_ws/install/turtlesim/include/turtlesim/srv
[10.260s] -- Up-to-date: /home/malacoda/ros2_ws/install/turtlesim/include/turtlesim/srv/detail
[10.260s] -- Installing: /home/malacoda/ros2_ws/install/turtlesim/include/turtlesim/srv/detail/teleport_relative__type_support.c
[10.260s] -- Installing: /home/malacoda/ros2_ws/install/turtlesim/include/turtlesim/srv/detail/set_pen__rosidl_typesupport_introspection_c.h
[10.260s] -- Installing: /home/malacoda/ros2_ws/install/turtlesim/include/turtlesim/srv/detail/teleport_relative__rosidl_typesupport_introspection_c.h
[10.260s] -- Installing: /home/malacoda/ros2_ws/install/turtlesim/include/turtlesim/srv/detail/set_pen__type_support.c
[10.260s] -- Installing: /home/malacoda/ros2_ws/install/turtlesim/include/turtlesim/srv/detail/teleport_absolute__rosidl_typesupport_introspection_c.h
[10.260s] -- Installing: /home/malacoda/ros2_ws/install/turtlesim/include/turtlesim/srv/detail/teleport_absolute__type_support.c
[10.260s] -- Installing: /home/malacoda/ros2_ws/install/turtlesim/include/turtlesim/srv/detail/kill__rosidl_typesupport_introspection_c.h
[10.260s] -- Installing: /home/malacoda/ros2_ws/install/turtlesim/include/turtlesim/srv/detail/spawn__type_support.c
[10.260s] -- Installing: /home/malacoda/ros2_ws/install/turtlesim/include/turtlesim/srv/detail/spawn__rosidl_typesupport_introspection_c.h
[10.261s] -- Installing: /home/malacoda/ros2_ws/install/turtlesim/include/turtlesim/srv/detail/kill__type_support.c
[10.261s] -- Installing: /home/malacoda/ros2_ws/install/turtlesim/lib/libturtlesim__rosidl_typesupport_introspection_c.so
[10.261s] -- Set runtime path of "/home/malacoda/ros2_ws/install/turtlesim/lib/libturtlesim__rosidl_typesupport_introspection_c.so" to ""
[10.261s] -- Installing: /home/malacoda/ros2_ws/install/turtlesim/lib/libturtlesim__rosidl_typesupport_c.so
[10.261s] -- Set runtime path of "/home/malacoda/ros2_ws/install/turtlesim/lib/libturtlesim__rosidl_typesupport_c.so" to ""
[10.261s] -- Up-to-date: /home/malacoda/ros2_ws/install/turtlesim/include/turtlesim
[10.261s] -- Up-to-date: /home/malacoda/ros2_ws/install/turtlesim/include/turtlesim/msg
[10.261s] -- Up-to-date: /home/malacoda/ros2_ws/install/turtlesim/include/turtlesim/msg/detail
[10.261s] -- Installing: /home/malacoda/ros2_ws/install/turtlesim/include/turtlesim/msg/detail/pose__traits.hpp
[10.261s] -- Installing: /home/malacoda/ros2_ws/install/turtlesim/include/turtlesim/msg/detail/color__builder.hpp
[10.261s] -- Installing: /home/malacoda/ros2_ws/install/turtlesim/include/turtlesim/msg/detail/color__traits.hpp
[10.261s] -- Installing: /home/malacoda/ros2_ws/install/turtlesim/include/turtlesim/msg/detail/color__struct.hpp
[10.261s] -- Installing: /home/malacoda/ros2_ws/install/turtlesim/include/turtlesim/msg/detail/pose__struct.hpp
[10.261s] -- Installing: /home/malacoda/ros2_ws/install/turtlesim/include/turtlesim/msg/detail/pose__builder.hpp
[10.261s] -- Installing: /home/malacoda/ros2_ws/install/turtlesim/include/turtlesim/msg/color.hpp
[10.261s] -- Installing: /home/malacoda/ros2_ws/install/turtlesim/include/turtlesim/msg/pose.hpp
[10.261s] -- Up-to-date: /home/malacoda/ros2_ws/install/turtlesim/include/turtlesim/action
[10.261s] -- Up-to-date: /home/malacoda/ros2_ws/install/turtlesim/include/turtlesim/action/detail
[10.262s] -- Installing: /home/malacoda/ros2_ws/install/turtlesim/include/turtlesim/action/detail/rotate_absolute__builder.hpp
[10.262s] -- Installing: /home/malacoda/ros2_ws/install/turtlesim/include/turtlesim/action/detail/rotate_absolute__struct.hpp
[10.262s] -- Installing: /home/malacoda/ros2_ws/install/turtlesim/include/turtlesim/action/detail/rotate_absolute__traits.hpp
[10.262s] -- Installing: /home/malacoda/ros2_ws/install/turtlesim/include/turtlesim/action/rotate_absolute.hpp
[10.262s] -- Up-to-date: /home/malacoda/ros2_ws/install/turtlesim/include/turtlesim/srv
[10.262s] -- Installing: /home/malacoda/ros2_ws/install/turtlesim/include/turtlesim/srv/kill.hpp
[10.262s] -- Installing: /home/malacoda/ros2_ws/install/turtlesim/include/turtlesim/srv/set_pen.hpp
[10.262s] -- Up-to-date: /home/malacoda/ros2_ws/install/turtlesim/include/turtlesim/srv/detail
[10.262s] -- Installing: /home/malacoda/ros2_ws/install/turtlesim/include/turtlesim/srv/detail/teleport_relative__traits.hpp
[10.262s] -- Installing: /home/malacoda/ros2_ws/install/turtlesim/include/turtlesim/srv/detail/spawn__builder.hpp
[10.262s] -- Installing: /home/malacoda/ros2_ws/install/turtlesim/include/turtlesim/srv/detail/set_pen__builder.hpp
[10.262s] -- Installing: /home/malacoda/ros2_ws/install/turtlesim/include/turtlesim/srv/detail/set_pen__traits.hpp
[10.262s] -- Installing: /home/malacoda/ros2_ws/install/turtlesim/include/turtlesim/srv/detail/spawn__traits.hpp
[10.262s] -- Installing: /home/malacoda/ros2_ws/install/turtlesim/include/turtlesim/srv/detail/kill__builder.hpp
[10.263s] -- Installing: /home/malacoda/ros2_ws/install/turtlesim/include/turtlesim/srv/detail/teleport_absolute__traits.hpp
[10.263s] -- Installing: /home/malacoda/ros2_ws/install/turtlesim/include/turtlesim/srv/detail/teleport_relative__struct.hpp
[10.263s] -- Installing: /home/malacoda/ros2_ws/install/turtlesim/include/turtlesim/srv/detail/teleport_absolute__builder.hpp
[10.263s] -- Installing: /home/malacoda/ros2_ws/install/turtlesim/include/turtlesim/srv/detail/teleport_absolute__struct.hpp
[10.263s] -- Installing: /home/malacoda/ros2_ws/install/turtlesim/include/turtlesim/srv/detail/spawn__struct.hpp
[10.263s] -- Installing: /home/malacoda/ros2_ws/install/turtlesim/include/turtlesim/srv/detail/kill__traits.hpp
[10.263s] -- Installing: /home/malacoda/ros2_ws/install/turtlesim/include/turtlesim/srv/detail/kill__struct.hpp
[10.263s] -- Installing: /home/malacoda/ros2_ws/install/turtlesim/include/turtlesim/srv/detail/set_pen__struct.hpp
[10.263s] -- Installing: /home/malacoda/ros2_ws/install/turtlesim/include/turtlesim/srv/detail/teleport_relative__builder.hpp
[10.263s] -- Installing: /home/malacoda/ros2_ws/install/turtlesim/include/turtlesim/srv/teleport_absolute.hpp
[10.263s] -- Installing: /home/malacoda/ros2_ws/install/turtlesim/include/turtlesim/srv/teleport_relative.hpp
[10.263s] -- Installing: /home/malacoda/ros2_ws/install/turtlesim/include/turtlesim/srv/spawn.hpp
[10.263s] -- Up-to-date: /home/malacoda/ros2_ws/install/turtlesim/include/turtlesim
[10.263s] -- Up-to-date: /home/malacoda/ros2_ws/install/turtlesim/include/turtlesim/msg
[10.263s] -- Up-to-date: /home/malacoda/ros2_ws/install/turtlesim/include/turtlesim/msg/detail
[10.263s] -- Installing: /home/malacoda/ros2_ws/install/turtlesim/include/turtlesim/msg/detail/color__type_support.cpp
[10.263s] -- Installing: /home/malacoda/ros2_ws/install/turtlesim/include/turtlesim/msg/detail/pose__type_support.cpp
[10.264s] -- Installing: /home/malacoda/ros2_ws/install/turtlesim/include/turtlesim/msg/detail/color__rosidl_typesupport_introspection_cpp.hpp
[10.264s] -- Installing: /home/malacoda/ros2_ws/install/turtlesim/include/turtlesim/msg/detail/pose__rosidl_typesupport_introspection_cpp.hpp
[10.264s] -- Up-to-date: /home/malacoda/ros2_ws/install/turtlesim/include/turtlesim/action
[10.264s] -- Up-to-date: /home/malacoda/ros2_ws/install/turtlesim/include/turtlesim/action/detail
[10.264s] -- Installing: /home/malacoda/ros2_ws/install/turtlesim/include/turtlesim/action/detail/rotate_absolute__type_support.cpp
[10.264s] -- Installing: /home/malacoda/ros2_ws/install/turtlesim/include/turtlesim/action/detail/rotate_absolute__rosidl_typesupport_introspection_cpp.hpp
[10.264s] -- Up-to-date: /home/malacoda/ros2_ws/install/turtlesim/include/turtlesim/srv
[10.264s] -- Up-to-date: /home/malacoda/ros2_ws/install/turtlesim/include/turtlesim/srv/detail
[10.264s] -- Installing: /home/malacoda/ros2_ws/install/turtlesim/include/turtlesim/srv/detail/kill__type_support.cpp
[10.264s] -- Installing: /home/malacoda/ros2_ws/install/turtlesim/include/turtlesim/srv/detail/teleport_relative__type_support.cpp
[10.264s] -- Installing: /home/malacoda/ros2_ws/install/turtlesim/include/turtlesim/srv/detail/teleport_absolute__type_support.cpp
[10.264s] -- Installing: /home/malacoda/ros2_ws/install/turtlesim/include/turtlesim/srv/detail/teleport_relative__rosidl_typesupport_introspection_cpp.hpp
[10.264s] -- Installing: /home/malacoda/ros2_ws/install/turtlesim/include/turtlesim/srv/detail/spawn__rosidl_typesupport_introspection_cpp.hpp
[10.264s] -- Installing: /home/malacoda/ros2_ws/install/turtlesim/include/turtlesim/srv/detail/set_pen__rosidl_typesupport_introspection_cpp.hpp
[10.264s] -- Installing: /home/malacoda/ros2_ws/install/turtlesim/include/turtlesim/srv/detail/kill__rosidl_typesupport_introspection_cpp.hpp
[10.264s] -- Installing: /home/malacoda/ros2_ws/install/turtlesim/include/turtlesim/srv/detail/teleport_absolute__rosidl_typesupport_introspection_cpp.hpp
[10.264s] -- Installing: /home/malacoda/ros2_ws/install/turtlesim/include/turtlesim/srv/detail/spawn__type_support.cpp
[10.264s] -- Installing: /home/malacoda/ros2_ws/install/turtlesim/include/turtlesim/srv/detail/set_pen__type_support.cpp
[10.264s] -- Installing: /home/malacoda/ros2_ws/install/turtlesim/lib/libturtlesim__rosidl_typesupport_introspection_cpp.so
[10.264s] -- Set runtime path of "/home/malacoda/ros2_ws/install/turtlesim/lib/libturtlesim__rosidl_typesupport_introspection_cpp.so" to ""
[10.264s] -- Installing: /home/malacoda/ros2_ws/install/turtlesim/lib/libturtlesim__rosidl_typesupport_cpp.so
[10.264s] -- Set runtime path of "/home/malacoda/ros2_ws/install/turtlesim/lib/libturtlesim__rosidl_typesupport_cpp.so" to ""
[10.264s] -- Installing: /home/malacoda/ros2_ws/install/turtlesim/share/turtlesim/environment/pythonpath.sh
[10.264s] -- Installing: /home/malacoda/ros2_ws/install/turtlesim/share/turtlesim/environment/pythonpath.dsv
[10.265s] -- Installing: /home/malacoda/ros2_ws/install/turtlesim/lib/python3.8/site-packages/turtlesim/__init__.py
[10.282s] Compiling '/home/malacoda/ros2_ws/install/turtlesim/lib/python3.8/site-packages/turtlesim/__init__.py'...
[10.284s] -- Installing: /home/malacoda/ros2_ws/install/turtlesim/lib/python3.8/site-packages/turtlesim/action
[10.284s] -- Installing: /home/malacoda/ros2_ws/install/turtlesim/lib/python3.8/site-packages/turtlesim/action/_rotate_absolute.py
[10.284s] -- Installing: /home/malacoda/ros2_ws/install/turtlesim/lib/python3.8/site-packages/turtlesim/action/__init__.py
[10.284s] -- Installing: /home/malacoda/ros2_ws/install/turtlesim/lib/python3.8/site-packages/turtlesim/action/_rotate_absolute_s.c
[10.284s] -- Installing: /home/malacoda/ros2_ws/install/turtlesim/lib/python3.8/site-packages/turtlesim/msg
[10.284s] -- Installing: /home/malacoda/ros2_ws/install/turtlesim/lib/python3.8/site-packages/turtlesim/msg/_pose_s.c
[10.285s] -- Installing: /home/malacoda/ros2_ws/install/turtlesim/lib/python3.8/site-packages/turtlesim/msg/__init__.py
[10.285s] -- Installing: /home/malacoda/ros2_ws/install/turtlesim/lib/python3.8/site-packages/turtlesim/msg/_color_s.c
[10.285s] -- Installing: /home/malacoda/ros2_ws/install/turtlesim/lib/python3.8/site-packages/turtlesim/msg/_color.py
[10.285s] -- Installing: /home/malacoda/ros2_ws/install/turtlesim/lib/python3.8/site-packages/turtlesim/msg/_pose.py
[10.285s] -- Installing: /home/malacoda/ros2_ws/install/turtlesim/lib/python3.8/site-packages/turtlesim/srv
[10.285s] -- Installing: /home/malacoda/ros2_ws/install/turtlesim/lib/python3.8/site-packages/turtlesim/srv/_set_pen.py
[10.285s] -- Installing: /home/malacoda/ros2_ws/install/turtlesim/lib/python3.8/site-packages/turtlesim/srv/_kill.py
[10.285s] -- Installing: /home/malacoda/ros2_ws/install/turtlesim/lib/python3.8/site-packages/turtlesim/srv/_set_pen_s.c
[10.285s] -- Installing: /home/malacoda/ros2_ws/install/turtlesim/lib/python3.8/site-packages/turtlesim/srv/_spawn.py
[10.285s] -- Installing: /home/malacoda/ros2_ws/install/turtlesim/lib/python3.8/site-packages/turtlesim/srv/__init__.py
[10.285s] -- Installing: /home/malacoda/ros2_ws/install/turtlesim/lib/python3.8/site-packages/turtlesim/srv/_spawn_s.c
[10.285s] -- Installing: /home/malacoda/ros2_ws/install/turtlesim/lib/python3.8/site-packages/turtlesim/srv/_teleport_absolute.py
[10.285s] -- Installing: /home/malacoda/ros2_ws/install/turtlesim/lib/python3.8/site-packages/turtlesim/srv/_teleport_relative.py
[10.285s] -- Installing: /home/malacoda/ros2_ws/install/turtlesim/lib/python3.8/site-packages/turtlesim/srv/_teleport_relative_s.c
[10.285s] -- Installing: /home/malacoda/ros2_ws/install/turtlesim/lib/python3.8/site-packages/turtlesim/srv/_teleport_absolute_s.c
[10.285s] -- Installing: /home/malacoda/ros2_ws/install/turtlesim/lib/python3.8/site-packages/turtlesim/srv/_kill_s.c
[10.285s] -- Installing: /home/malacoda/ros2_ws/install/turtlesim/lib/python3.8/site-packages/turtlesim/turtlesim_s__rosidl_typesupport_fastrtps_c.cpython-38-x86_64-linux-gnu.so
[10.286s] -- Set runtime path of "/home/malacoda/ros2_ws/install/turtlesim/lib/python3.8/site-packages/turtlesim/turtlesim_s__rosidl_typesupport_fastrtps_c.cpython-38-x86_64-linux-gnu.so" to ""
[10.286s] -- Installing: /home/malacoda/ros2_ws/install/turtlesim/lib/python3.8/site-packages/turtlesim/turtlesim_s__rosidl_typesupport_introspection_c.cpython-38-x86_64-linux-gnu.so
[10.286s] -- Set runtime path of "/home/malacoda/ros2_ws/install/turtlesim/lib/python3.8/site-packages/turtlesim/turtlesim_s__rosidl_typesupport_introspection_c.cpython-38-x86_64-linux-gnu.so" to ""
[10.287s] -- Installing: /home/malacoda/ros2_ws/install/turtlesim/lib/python3.8/site-packages/turtlesim/turtlesim_s__rosidl_typesupport_c.cpython-38-x86_64-linux-gnu.so
[10.287s] -- Set runtime path of "/home/malacoda/ros2_ws/install/turtlesim/lib/python3.8/site-packages/turtlesim/turtlesim_s__rosidl_typesupport_c.cpython-38-x86_64-linux-gnu.so" to ""
[10.287s] -- Installing: /home/malacoda/ros2_ws/install/turtlesim/lib/libturtlesim__python.so
[10.287s] -- Set runtime path of "/home/malacoda/ros2_ws/install/turtlesim/lib/libturtlesim__python.so" to ""
[10.288s] -- Installing: /home/malacoda/ros2_ws/install/turtlesim/share/turtlesim/action/RotateAbsolute.idl
[10.288s] -- Installing: /home/malacoda/ros2_ws/install/turtlesim/share/turtlesim/msg/Color.idl
[10.288s] -- Installing: /home/malacoda/ros2_ws/install/turtlesim/share/turtlesim/msg/Pose.idl
[10.288s] -- Installing: /home/malacoda/ros2_ws/install/turtlesim/share/turtlesim/srv/Kill.idl
[10.288s] -- Installing: /home/malacoda/ros2_ws/install/turtlesim/share/turtlesim/srv/SetPen.idl
[10.288s] -- Installing: /home/malacoda/ros2_ws/install/turtlesim/share/turtlesim/srv/Spawn.idl
[10.288s] -- Installing: /home/malacoda/ros2_ws/install/turtlesim/share/turtlesim/srv/TeleportAbsolute.idl
[10.288s] -- Installing: /home/malacoda/ros2_ws/install/turtlesim/share/turtlesim/srv/TeleportRelative.idl
[10.288s] -- Installing: /home/malacoda/ros2_ws/install/turtlesim/share/turtlesim/action/RotateAbsolute.action
[10.288s] -- Installing: /home/malacoda/ros2_ws/install/turtlesim/share/turtlesim/msg/Color.msg
[10.289s] -- Installing: /home/malacoda/ros2_ws/install/turtlesim/share/turtlesim/msg/Pose.msg
[10.289s] -- Installing: /home/malacoda/ros2_ws/install/turtlesim/share/turtlesim/srv/Kill.srv
[10.289s] -- Installing: /home/malacoda/ros2_ws/install/turtlesim/share/turtlesim/srv/Kill_Request.msg
[10.289s] -- Installing: /home/malacoda/ros2_ws/install/turtlesim/share/turtlesim/srv/Kill_Response.msg
[10.289s] -- Installing: /home/malacoda/ros2_ws/install/turtlesim/share/turtlesim/srv/SetPen.srv
[10.289s] -- Installing: /home/malacoda/ros2_ws/install/turtlesim/share/turtlesim/srv/SetPen_Request.msg
[10.289s] -- Installing: /home/malacoda/ros2_ws/install/turtlesim/share/turtlesim/srv/SetPen_Response.msg
[10.289s] -- Installing: /home/malacoda/ros2_ws/install/turtlesim/share/turtlesim/srv/Spawn.srv
[10.289s] -- Installing: /home/malacoda/ros2_ws/install/turtlesim/share/turtlesim/srv/Spawn_Request.msg
[10.289s] -- Installing: /home/malacoda/ros2_ws/install/turtlesim/share/turtlesim/srv/Spawn_Response.msg
[10.289s] -- Installing: /home/malacoda/ros2_ws/install/turtlesim/share/turtlesim/srv/TeleportAbsolute.srv
[10.290s] -- Installing: /home/malacoda/ros2_ws/install/turtlesim/share/turtlesim/srv/TeleportAbsolute_Request.msg
[10.290s] -- Installing: /home/malacoda/ros2_ws/install/turtlesim/share/turtlesim/srv/TeleportAbsolute_Response.msg
[10.290s] -- Installing: /home/malacoda/ros2_ws/install/turtlesim/share/turtlesim/srv/TeleportRelative.srv
[10.290s] -- Installing: /home/malacoda/ros2_ws/install/turtlesim/share/turtlesim/srv/TeleportRelative_Request.msg
[10.290s] -- Installing: /home/malacoda/ros2_ws/install/turtlesim/share/turtlesim/srv/TeleportRelative_Response.msg
[10.290s] -- Installing: /home/malacoda/ros2_ws/install/turtlesim/lib/turtlesim/turtlesim_node
[10.294s] -- Set runtime path of "/home/malacoda/ros2_ws/install/turtlesim/lib/turtlesim/turtlesim_node" to ""
[10.294s] -- Installing: /home/malacoda/ros2_ws/install/turtlesim/lib/turtlesim/turtle_teleop_key
[10.295s] -- Set runtime path of "/home/malacoda/ros2_ws/install/turtlesim/lib/turtlesim/turtle_teleop_key" to ""
[10.295s] -- Installing: /home/malacoda/ros2_ws/install/turtlesim/lib/turtlesim/draw_square
[10.298s] -- Set runtime path of "/home/malacoda/ros2_ws/install/turtlesim/lib/turtlesim/draw_square" to ""
[10.298s] -- Installing: /home/malacoda/ros2_ws/install/turtlesim/lib/turtlesim/mimic
[10.300s] -- Set runtime path of "/home/malacoda/ros2_ws/install/turtlesim/lib/turtlesim/mimic" to ""
[10.300s] -- Installing: /home/malacoda/ros2_ws/install/turtlesim/share/turtlesim/images
[10.300s] -- Installing: /home/malacoda/ros2_ws/install/turtlesim/share/turtlesim/images/crystal.png
[10.300s] -- Installing: /home/malacoda/ros2_ws/install/turtlesim/share/turtlesim/images/ardent.png
[10.300s] -- Installing: /home/malacoda/ros2_ws/install/turtlesim/share/turtlesim/images/bouncy.png
[10.300s] -- Installing: /home/malacoda/ros2_ws/install/turtlesim/share/turtlesim/images/eloquent.png
[10.300s] -- Installing: /home/malacoda/ros2_ws/install/turtlesim/share/turtlesim/images/dashing.png
[10.300s] -- Installing: /home/malacoda/ros2_ws/install/turtlesim/share/turtlesim/images/foxy.png
[10.300s] -- Installing: /home/malacoda/ros2_ws/install/turtlesim/share/turtlesim/launch
[10.300s] -- Installing: /home/malacoda/ros2_ws/install/turtlesim/share/turtlesim/launch/multisim.launch.py
[10.300s] -- Installing: /home/malacoda/ros2_ws/install/turtlesim/share/ament_index/resource_index/package_run_dependencies/turtlesim
[10.300s] -- Installing: /home/malacoda/ros2_ws/install/turtlesim/share/ament_index/resource_index/parent_prefix_path/turtlesim
[10.300s] -- Installing: /home/malacoda/ros2_ws/install/turtlesim/share/turtlesim/environment/ament_prefix_path.sh
[10.300s] -- Installing: /home/malacoda/ros2_ws/install/turtlesim/share/turtlesim/environment/ament_prefix_path.dsv
[10.301s] -- Installing: /home/malacoda/ros2_ws/install/turtlesim/share/turtlesim/environment/path.sh
[10.301s] -- Installing: /home/malacoda/ros2_ws/install/turtlesim/share/turtlesim/environment/path.dsv
[10.301s] -- Installing: /home/malacoda/ros2_ws/install/turtlesim/share/turtlesim/local_setup.bash
[10.301s] -- Installing: /home/malacoda/ros2_ws/install/turtlesim/share/turtlesim/local_setup.sh
[10.301s] -- Installing: /home/malacoda/ros2_ws/install/turtlesim/share/turtlesim/local_setup.zsh
[10.301s] -- Installing: /home/malacoda/ros2_ws/install/turtlesim/share/turtlesim/local_setup.dsv
[10.301s] -- Installing: /home/malacoda/ros2_ws/install/turtlesim/share/turtlesim/package.dsv
[10.301s] -- Installing: /home/malacoda/ros2_ws/install/turtlesim/share/ament_index/resource_index/packages/turtlesim
[10.301s] -- Installing: /home/malacoda/ros2_ws/install/turtlesim/share/turtlesim/cmake/turtlesim__rosidl_generator_cExport.cmake
[10.301s] -- Installing: /home/malacoda/ros2_ws/install/turtlesim/share/turtlesim/cmake/turtlesim__rosidl_generator_cExport-noconfig.cmake
[10.301s] -- Installing: /home/malacoda/ros2_ws/install/turtlesim/share/turtlesim/cmake/turtlesim__rosidl_typesupport_introspection_cExport.cmake
[10.301s] -- Installing: /home/malacoda/ros2_ws/install/turtlesim/share/turtlesim/cmake/turtlesim__rosidl_typesupport_introspection_cExport-noconfig.cmake
[10.301s] -- Installing: /home/malacoda/ros2_ws/install/turtlesim/share/turtlesim/cmake/turtlesim__rosidl_typesupport_cExport.cmake
[10.301s] -- Installing: /home/malacoda/ros2_ws/install/turtlesim/share/turtlesim/cmake/turtlesim__rosidl_typesupport_cExport-noconfig.cmake
[10.302s] -- Installing: /home/malacoda/ros2_ws/install/turtlesim/share/turtlesim/cmake/turtlesim__rosidl_generator_cppExport.cmake
[10.302s] -- Installing: /home/malacoda/ros2_ws/install/turtlesim/share/turtlesim/cmake/turtlesim__rosidl_typesupport_introspection_cppExport.cmake
[10.302s] -- Installing: /home/malacoda/ros2_ws/install/turtlesim/share/turtlesim/cmake/turtlesim__rosidl_typesupport_introspection_cppExport-noconfig.cmake
[10.302s] -- Installing: /home/malacoda/ros2_ws/install/turtlesim/share/turtlesim/cmake/turtlesim__rosidl_typesupport_cppExport.cmake
[10.302s] -- Installing: /home/malacoda/ros2_ws/install/turtlesim/share/turtlesim/cmake/turtlesim__rosidl_typesupport_cppExport-noconfig.cmake
[10.302s] -- Installing: /home/malacoda/ros2_ws/install/turtlesim/share/turtlesim/cmake/rosidl_cmake-extras.cmake
[10.302s] -- Installing: /home/malacoda/ros2_ws/install/turtlesim/share/turtlesim/cmake/ament_cmake_export_dependencies-extras.cmake
[10.302s] -- Installing: /home/malacoda/ros2_ws/install/turtlesim/share/turtlesim/cmake/ament_cmake_export_libraries-extras.cmake
[10.302s] -- Installing: /home/malacoda/ros2_ws/install/turtlesim/share/turtlesim/cmake/ament_cmake_export_targets-extras.cmake
[10.302s] -- Installing: /home/malacoda/ros2_ws/install/turtlesim/share/turtlesim/cmake/ament_cmake_export_include_directories-extras.cmake
[10.302s] -- Installing: /home/malacoda/ros2_ws/install/turtlesim/share/turtlesim/cmake/rosidl_cmake_export_typesupport_libraries-extras.cmake
[10.302s] -- Installing: /home/malacoda/ros2_ws/install/turtlesim/share/turtlesim/cmake/rosidl_cmake_export_typesupport_targets-extras.cmake
[10.302s] -- Installing: /home/malacoda/ros2_ws/install/turtlesim/share/turtlesim/cmake/turtlesimConfig.cmake
[10.302s] -- Installing: /home/malacoda/ros2_ws/install/turtlesim/share/turtlesim/cmake/turtlesimConfig-version.cmake
[10.302s] -- Installing: /home/malacoda/ros2_ws/install/turtlesim/share/turtlesim/package.xml
[10.304s] Invoked command in '/home/malacoda/ros2_ws/build/turtlesim' returned '0': CMAKE_PREFIX_PATH=${CMAKE_PREFIX_PATH}:/home/malacoda/ros2_ws/install/examples_rclpy_minimal_subscriber:/home/malacoda/ros2_ws/install/examples_rclpy_minimal_service:/home/malacoda/ros2_ws/install/examples_rclpy_minimal_publisher:/home/malacoda/ros2_ws/install/examples_rclpy_minimal_client:/home/malacoda/ros2_ws/install/examples_rclpy_minimal_action_server:/home/malacoda/ros2_ws/install/examples_rclpy_minimal_action_client:/home/malacoda/ros2_ws/install/examples_rclpy_executors:/opt/ros/foxy /usr/bin/cmake --install /home/malacoda/ros2_ws/build/turtlesim
