[0.009s] Invoking command in '/home/malacoda/ros2_ws/build/cpp_pubsub': CMAKE_PREFIX_PATH=/opt/ros/foxy /usr/bin/cmake /home/malacoda/ros2_ws/src/cpp_pubsub -DCMAKE_INSTALL_PREFIX=/home/malacoda/ros2_ws/install/cpp_pubsub
[0.024s] -- Found ament_cmake: 0.9.11 (/opt/ros/foxy/share/ament_cmake/cmake)
[0.040s] -- Using PYTHON_EXECUTABLE: /usr/bin/python3
[0.149s] -- Found rclcpp: 2.4.2 (/opt/ros/foxy/share/rclcpp/cmake)
[0.172s] -- Using all available rosidl_typesupport_c: rosidl_typesupport_fastrtps_c;rosidl_typesupport_introspection_c
[0.174s] -- Found rosidl_adapter: 1.3.0 (/opt/ros/foxy/share/rosidl_adapter/cmake)
[0.270s] -- Using all available rosidl_typesupport_cpp: rosidl_typesupport_fastrtps_cpp;rosidl_typesupport_introspection_cpp
[0.299s] -- Found rmw_implementation_cmake: 1.0.3 (/opt/ros/foxy/share/rmw_implementation_cmake/cmake)
[0.300s] -- Using RMW implementation 'rmw_fastrtps_cpp' as default
[0.387s] CMake Error at CMakeLists.txt:28 (add_executable):
[0.387s]   add_executable cannot create target "talker" because another target with
[0.387s]   the same name already exists.  The existing target is an executable created
[0.387s]   in source directory "/home/malacoda/ros2_ws/src/cpp_pubsub".  See
[0.387s]   documentation for policy CMP0002 for more details.
[0.387s] 
[0.387s] 
[0.387s] CMake Error at /opt/ros/foxy/share/ament_cmake_target_dependencies/cmake/ament_target_dependencies.cmake:42 (message):
[0.388s]   ament_target_dependencies() the first argument must be a valid target name
[0.388s] Call Stack (most recent call first):
[0.388s]   CMakeLists.txt:29 (ament_target_dependencies)
[0.388s] 
[0.388s] 
[0.388s] -- Configuring incomplete, errors occurred!
[0.388s] See also "/home/malacoda/ros2_ws/build/cpp_pubsub/CMakeFiles/CMakeOutput.log".
[0.388s] See also "/home/malacoda/ros2_ws/build/cpp_pubsub/CMakeFiles/CMakeError.log".
[0.390s] Invoked command in '/home/malacoda/ros2_ws/build/cpp_pubsub' returned '1': CMAKE_PREFIX_PATH=/opt/ros/foxy /usr/bin/cmake /home/malacoda/ros2_ws/src/cpp_pubsub -DCMAKE_INSTALL_PREFIX=/home/malacoda/ros2_ws/install/cpp_pubsub
