-- The C compiler identification is GNU 9.4.0
-- The CXX compiler identification is GNU 9.4.0
-- Check for working C compiler: /usr/bin/cc
-- Check for working C compiler: /usr/bin/cc -- works
-- Detecting C compiler ABI info
-- Detecting C compiler ABI info - done
-- Detecting C compile features
-- Detecting C compile features - done
-- Check for working CXX compiler: /usr/bin/c++
-- Check for working CXX compiler: /usr/bin/c++ -- works
-- Detecting CXX compiler ABI info
-- Detecting CXX compiler ABI info - done
-- Detecting CXX compile features
-- Detecting CXX compile features - done
-- Found ament_cmake: 0.9.11 (/opt/ros/foxy/share/ament_cmake/cmake)
-- Found PythonInterp: /usr/bin/python3 (found suitable version "3.8.10", minimum required is "3") 
-- Using PYTHON_EXECUTABLE: /usr/bin/python3
-- Found pluginlib: 2.5.4 (/opt/ros/foxy/share/pluginlib/cmake)
-- Found ament_lint_auto: 0.9.7 (/opt/ros/foxy/share/ament_lint_auto/cmake)
-- Added test 'copyright' to check source files copyright and LICENSE
-- Added test 'cppcheck' to perform static code analysis on C / C++ code
-- Configured cppcheck include dirs: $<BUILD_INTERFACE:/home/malacoda/ros2_ws/src/polygon_base/include>
-- Configured cppcheck exclude dirs and/or files: 
-- Added test 'cpplint' to check C / C++ code against the Google style
-- Configured cpplint exclude dirs and/or files: 
-- Added test 'lint_cmake' to check CMake code style
-- Added test 'uncrustify' to check C / C++ code style
-- Configured uncrustify additional arguments: 
-- Added test 'xmllint' to check XML markup files
-- Configuring done
-- Generating done
-- Build files have been written to: /home/malacoda/ros2_ws/build/polygon_base
[35m[1mScanning dependencies of target area_node[0m
[ 50%] [32mBuilding CXX object CMakeFiles/area_node.dir/src/area_node.cpp.o[0m
[100%] [32m[1mLinking CXX executable area_node[0m
[100%] Built target area_node
-- Install configuration: ""
-- Installing: /home/malacoda/ros2_ws/install/polygon_base/include
-- Installing: /home/malacoda/ros2_ws/install/polygon_base/include/polygon_base
-- Installing: /home/malacoda/ros2_ws/install/polygon_base/include/polygon_base/regular_polygon.hpp
-- Installing: /home/malacoda/ros2_ws/install/polygon_base/lib/polygon_base/area_node
-- Set runtime path of "/home/malacoda/ros2_ws/install/polygon_base/lib/polygon_base/area_node" to ""
-- Installing: /home/malacoda/ros2_ws/install/polygon_base/share/ament_index/resource_index/package_run_dependencies/polygon_base
-- Installing: /home/malacoda/ros2_ws/install/polygon_base/share/ament_index/resource_index/parent_prefix_path/polygon_base
-- Installing: /home/malacoda/ros2_ws/install/polygon_base/share/polygon_base/environment/ament_prefix_path.sh
-- Installing: /home/malacoda/ros2_ws/install/polygon_base/share/polygon_base/environment/ament_prefix_path.dsv
-- Installing: /home/malacoda/ros2_ws/install/polygon_base/share/polygon_base/environment/path.sh
-- Installing: /home/malacoda/ros2_ws/install/polygon_base/share/polygon_base/environment/path.dsv
-- Installing: /home/malacoda/ros2_ws/install/polygon_base/share/polygon_base/local_setup.bash
-- Installing: /home/malacoda/ros2_ws/install/polygon_base/share/polygon_base/local_setup.sh
-- Installing: /home/malacoda/ros2_ws/install/polygon_base/share/polygon_base/local_setup.zsh
-- Installing: /home/malacoda/ros2_ws/install/polygon_base/share/polygon_base/local_setup.dsv
-- Installing: /home/malacoda/ros2_ws/install/polygon_base/share/polygon_base/package.dsv
-- Installing: /home/malacoda/ros2_ws/install/polygon_base/share/ament_index/resource_index/packages/polygon_base
-- Installing: /home/malacoda/ros2_ws/install/polygon_base/share/polygon_base/cmake/ament_cmake_export_include_directories-extras.cmake
-- Installing: /home/malacoda/ros2_ws/install/polygon_base/share/polygon_base/cmake/polygon_baseConfig.cmake
-- Installing: /home/malacoda/ros2_ws/install/polygon_base/share/polygon_base/cmake/polygon_baseConfig-version.cmake
-- Installing: /home/malacoda/ros2_ws/install/polygon_base/share/polygon_base/package.xml
