-- Found ament_cmake: 0.9.11 (/opt/ros/foxy/share/ament_cmake/cmake)
-- Using PYTHON_EXECUTABLE: /usr/bin/python3
-- Found ament_cmake_ros: 0.9.2 (/opt/ros/foxy/share/ament_cmake_ros/cmake)
-- Found polygon_base: 0.0.0 (/home/malacoda/ros2_ws/install/polygon_base/share/polygon_base/cmake)
-- Found pluginlib: 2.5.4 (/opt/ros/foxy/share/pluginlib/cmake)
-- Configuring done
-- Generating done
-- Build files have been written to: /home/malacoda/ros2_ws/build/polygon_plugins
[35m[1mScanning dependencies of target polygon_plugins[0m
[ 50%] [32mBuilding CXX object CMakeFiles/polygon_plugins.dir/src/polygon_plugins.cpp.o[0m
[100%] [32m[1mLinking CXX shared library libpolygon_plugins.so[0m
[100%] Built target polygon_plugins
-- Install configuration: ""
-- Installing: /home/malacoda/ros2_ws/install/polygon_plugins/share/polygon_plugins/plugins.xml
-- Installing: /home/malacoda/ros2_ws/install/polygon_plugins/lib/libpolygon_plugins.so
-- Set runtime path of "/home/malacoda/ros2_ws/install/polygon_plugins/lib/libpolygon_plugins.so" to ""
-- Installing: /home/malacoda/ros2_ws/install/polygon_plugins/include
-- Installing: /home/malacoda/ros2_ws/install/polygon_plugins/include/polygon_plugins
-- Installing: /home/malacoda/ros2_ws/install/polygon_plugins/include/polygon_plugins/polygon_plugins.hpp
-- Installing: /home/malacoda/ros2_ws/install/polygon_plugins/include/polygon_plugins/visibility_control.h
-- Installing: /home/malacoda/ros2_ws/install/polygon_plugins/share/polygon_plugins/environment/library_path.sh
-- Installing: /home/malacoda/ros2_ws/install/polygon_plugins/share/polygon_plugins/environment/library_path.dsv
-- Installing: /home/malacoda/ros2_ws/install/polygon_plugins/share/ament_index/resource_index/package_run_dependencies/polygon_plugins
-- Installing: /home/malacoda/ros2_ws/install/polygon_plugins/share/ament_index/resource_index/parent_prefix_path/polygon_plugins
-- Installing: /home/malacoda/ros2_ws/install/polygon_plugins/share/polygon_plugins/environment/ament_prefix_path.sh
-- Installing: /home/malacoda/ros2_ws/install/polygon_plugins/share/polygon_plugins/environment/ament_prefix_path.dsv
-- Installing: /home/malacoda/ros2_ws/install/polygon_plugins/share/polygon_plugins/environment/path.sh
-- Installing: /home/malacoda/ros2_ws/install/polygon_plugins/share/polygon_plugins/environment/path.dsv
-- Installing: /home/malacoda/ros2_ws/install/polygon_plugins/share/polygon_plugins/local_setup.bash
-- Installing: /home/malacoda/ros2_ws/install/polygon_plugins/share/polygon_plugins/local_setup.sh
-- Installing: /home/malacoda/ros2_ws/install/polygon_plugins/share/polygon_plugins/local_setup.zsh
-- Installing: /home/malacoda/ros2_ws/install/polygon_plugins/share/polygon_plugins/local_setup.dsv
-- Installing: /home/malacoda/ros2_ws/install/polygon_plugins/share/polygon_plugins/package.dsv
-- Installing: /home/malacoda/ros2_ws/install/polygon_plugins/share/ament_index/resource_index/packages/polygon_plugins
-- Installing: /home/malacoda/ros2_ws/install/polygon_plugins/share/ament_index/resource_index/polygon_base__pluginlib__plugin/polygon_plugins
-- Installing: /home/malacoda/ros2_ws/install/polygon_plugins/share/polygon_plugins/cmake/export_polygon_pluginsExport.cmake
-- Installing: /home/malacoda/ros2_ws/install/polygon_plugins/share/polygon_plugins/cmake/export_polygon_pluginsExport-noconfig.cmake
-- Installing: /home/malacoda/ros2_ws/install/polygon_plugins/share/polygon_plugins/cmake/ament_cmake_export_include_directories-extras.cmake
-- Installing: /home/malacoda/ros2_ws/install/polygon_plugins/share/polygon_plugins/cmake/ament_cmake_export_libraries-extras.cmake
-- Installing: /home/malacoda/ros2_ws/install/polygon_plugins/share/polygon_plugins/cmake/ament_cmake_export_targets-extras.cmake
-- Installing: /home/malacoda/ros2_ws/install/polygon_plugins/share/polygon_plugins/cmake/polygon_pluginsConfig.cmake
-- Installing: /home/malacoda/ros2_ws/install/polygon_plugins/share/polygon_plugins/cmake/polygon_pluginsConfig-version.cmake
-- Installing: /home/malacoda/ros2_ws/install/polygon_plugins/share/polygon_plugins/package.xml
