[0.004s] Invoking command in '/home/malacoda/ros2_ws/build/polygon_plugins': AMENT_PREFIX_PATH=/home/malacoda/ros2_ws/install/polygon_base:${AMENT_PREFIX_PATH} CMAKE_PREFIX_PATH=/home/malacoda/ros2_ws/install/polygon_base:/opt/ros/foxy /usr/bin/cmake /home/malacoda/ros2_ws/src/polygon_plugins -DCMAKE_INSTALL_PREFIX=/home/malacoda/ros2_ws/install/polygon_plugins
[0.017s] -- Found ament_cmake: 0.9.11 (/opt/ros/foxy/share/ament_cmake/cmake)
[0.036s] -- Using PYTHON_EXECUTABLE: /usr/bin/python3
[0.148s] -- Found ament_cmake_ros: 0.9.2 (/opt/ros/foxy/share/ament_cmake_ros/cmake)
[0.151s] -- Found polygon_base: 0.0.0 (/home/malacoda/ros2_ws/install/polygon_base/share/polygon_base/cmake)
[0.152s] -- Found pluginlib: 2.5.4 (/opt/ros/foxy/share/pluginlib/cmake)
[0.217s] -- Configuring done
[0.220s] -- Generating done
[0.221s] -- Build files have been written to: /home/malacoda/ros2_ws/build/polygon_plugins
[0.224s] Invoked command in '/home/malacoda/ros2_ws/build/polygon_plugins' returned '0': AMENT_PREFIX_PATH=/home/malacoda/ros2_ws/install/polygon_base:${AMENT_PREFIX_PATH} CMAKE_PREFIX_PATH=/home/malacoda/ros2_ws/install/polygon_base:/opt/ros/foxy /usr/bin/cmake /home/malacoda/ros2_ws/src/polygon_plugins -DCMAKE_INSTALL_PREFIX=/home/malacoda/ros2_ws/install/polygon_plugins
[0.226s] Invoking command in '/home/malacoda/ros2_ws/build/polygon_plugins': AMENT_PREFIX_PATH=/home/malacoda/ros2_ws/install/polygon_base:${AMENT_PREFIX_PATH} CMAKE_PREFIX_PATH=/home/malacoda/ros2_ws/install/polygon_base:/opt/ros/foxy /usr/bin/cmake --build /home/malacoda/ros2_ws/build/polygon_plugins -- -j32 -l32
[0.259s] [35m[1mScanning dependencies of target polygon_plugins[0m
[0.268s] [ 50%] [32mBuilding CXX object CMakeFiles/polygon_plugins.dir/src/polygon_plugins.cpp.o[0m
[0.576s] [100%] [32m[1mLinking CXX shared library libpolygon_plugins.so[0m
[0.628s] [100%] Built target polygon_plugins
[0.636s] Invoked command in '/home/malacoda/ros2_ws/build/polygon_plugins' returned '0': AMENT_PREFIX_PATH=/home/malacoda/ros2_ws/install/polygon_base:${AMENT_PREFIX_PATH} CMAKE_PREFIX_PATH=/home/malacoda/ros2_ws/install/polygon_base:/opt/ros/foxy /usr/bin/cmake --build /home/malacoda/ros2_ws/build/polygon_plugins -- -j32 -l32
[0.655s] Invoking command in '/home/malacoda/ros2_ws/build/polygon_plugins': AMENT_PREFIX_PATH=/home/malacoda/ros2_ws/install/polygon_base:${AMENT_PREFIX_PATH} CMAKE_PREFIX_PATH=/home/malacoda/ros2_ws/install/polygon_base:/opt/ros/foxy /usr/bin/cmake --install /home/malacoda/ros2_ws/build/polygon_plugins
[0.658s] -- Install configuration: ""
[0.659s] -- Installing: /home/malacoda/ros2_ws/install/polygon_plugins/share/polygon_plugins/plugins.xml
[0.659s] -- Installing: /home/malacoda/ros2_ws/install/polygon_plugins/lib/libpolygon_plugins.so
[0.659s] -- Set runtime path of "/home/malacoda/ros2_ws/install/polygon_plugins/lib/libpolygon_plugins.so" to ""
[0.659s] -- Installing: /home/malacoda/ros2_ws/install/polygon_plugins/include
[0.659s] -- Installing: /home/malacoda/ros2_ws/install/polygon_plugins/include/polygon_plugins
[0.659s] -- Installing: /home/malacoda/ros2_ws/install/polygon_plugins/include/polygon_plugins/polygon_plugins.hpp
[0.659s] -- Installing: /home/malacoda/ros2_ws/install/polygon_plugins/include/polygon_plugins/visibility_control.h
[0.659s] -- Installing: /home/malacoda/ros2_ws/install/polygon_plugins/share/polygon_plugins/environment/library_path.sh
[0.660s] -- Installing: /home/malacoda/ros2_ws/install/polygon_plugins/share/polygon_plugins/environment/library_path.dsv
[0.660s] -- Installing: /home/malacoda/ros2_ws/install/polygon_plugins/share/ament_index/resource_index/package_run_dependencies/polygon_plugins
[0.660s] -- Installing: /home/malacoda/ros2_ws/install/polygon_plugins/share/ament_index/resource_index/parent_prefix_path/polygon_plugins
[0.660s] -- Installing: /home/malacoda/ros2_ws/install/polygon_plugins/share/polygon_plugins/environment/ament_prefix_path.sh
[0.660s] -- Installing: /home/malacoda/ros2_ws/install/polygon_plugins/share/polygon_plugins/environment/ament_prefix_path.dsv
[0.661s] -- Installing: /home/malacoda/ros2_ws/install/polygon_plugins/share/polygon_plugins/environment/path.sh
[0.661s] -- Installing: /home/malacoda/ros2_ws/install/polygon_plugins/share/polygon_plugins/environment/path.dsv
[0.661s] -- Installing: /home/malacoda/ros2_ws/install/polygon_plugins/share/polygon_plugins/local_setup.bash
[0.661s] -- Installing: /home/malacoda/ros2_ws/install/polygon_plugins/share/polygon_plugins/local_setup.sh
[0.661s] -- Installing: /home/malacoda/ros2_ws/install/polygon_plugins/share/polygon_plugins/local_setup.zsh
[0.661s] -- Installing: /home/malacoda/ros2_ws/install/polygon_plugins/share/polygon_plugins/local_setup.dsv
[0.661s] -- Installing: /home/malacoda/ros2_ws/install/polygon_plugins/share/polygon_plugins/package.dsv
[0.662s] -- Installing: /home/malacoda/ros2_ws/install/polygon_plugins/share/ament_index/resource_index/packages/polygon_plugins
[0.662s] -- Installing: /home/malacoda/ros2_ws/install/polygon_plugins/share/ament_index/resource_index/polygon_base__pluginlib__plugin/polygon_plugins
[0.662s] -- Installing: /home/malacoda/ros2_ws/install/polygon_plugins/share/polygon_plugins/cmake/export_polygon_pluginsExport.cmake
[0.662s] -- Installing: /home/malacoda/ros2_ws/install/polygon_plugins/share/polygon_plugins/cmake/export_polygon_pluginsExport-noconfig.cmake
[0.662s] -- Installing: /home/malacoda/ros2_ws/install/polygon_plugins/share/polygon_plugins/cmake/ament_cmake_export_include_directories-extras.cmake
[0.662s] -- Installing: /home/malacoda/ros2_ws/install/polygon_plugins/share/polygon_plugins/cmake/ament_cmake_export_libraries-extras.cmake
[0.663s] -- Installing: /home/malacoda/ros2_ws/install/polygon_plugins/share/polygon_plugins/cmake/ament_cmake_export_targets-extras.cmake
[0.663s] -- Installing: /home/malacoda/ros2_ws/install/polygon_plugins/share/polygon_plugins/cmake/polygon_pluginsConfig.cmake
[0.663s] -- Installing: /home/malacoda/ros2_ws/install/polygon_plugins/share/polygon_plugins/cmake/polygon_pluginsConfig-version.cmake
[0.663s] -- Installing: /home/malacoda/ros2_ws/install/polygon_plugins/share/polygon_plugins/package.xml
[0.667s] Invoked command in '/home/malacoda/ros2_ws/build/polygon_plugins' returned '0': AMENT_PREFIX_PATH=/home/malacoda/ros2_ws/install/polygon_base:${AMENT_PREFIX_PATH} CMAKE_PREFIX_PATH=/home/malacoda/ros2_ws/install/polygon_base:/opt/ros/foxy /usr/bin/cmake --install /home/malacoda/ros2_ws/build/polygon_plugins
