[0.009s] Invoking command in '/home/malacoda/ros2_ws/build/tutorial_interfaces': CMAKE_PREFIX_PATH=/opt/ros/foxy /usr/bin/cmake /home/malacoda/ros2_ws/src/tutorial_interfaces -DCMAKE_INSTALL_PREFIX=/home/malacoda/ros2_ws/install/tutorial_interfaces
[0.048s] -- The C compiler identification is GNU 9.4.0
[0.093s] -- The CXX compiler identification is GNU 9.4.0
[0.097s] -- Check for working C compiler: /usr/bin/cc
[0.157s] -- Check for working C compiler: /usr/bin/cc -- works
[0.158s] -- Detecting C compiler ABI info
[0.213s] -- Detecting C compiler ABI info - done
[0.219s] -- Detecting C compile features
[0.219s] -- Detecting C compile features - done
[0.221s] -- Check for working CXX compiler: /usr/bin/c++
[0.282s] -- Check for working CXX compiler: /usr/bin/c++ -- works
[0.283s] -- Detecting CXX compiler ABI info
[0.347s] -- Detecting CXX compiler ABI info - done
[0.361s] -- Detecting CXX compile features
[0.361s] -- Detecting CXX compile features - done
[0.362s] -- Found ament_cmake: 0.9.11 (/opt/ros/foxy/share/ament_cmake/cmake)
[0.384s] -- Found PythonInterp: /usr/bin/python3 (found suitable version "3.8.10", minimum required is "3") 
[0.384s] -- Using PYTHON_EXECUTABLE: /usr/bin/python3
[0.509s] -- Found geometry_msgs: 2.0.5 (/opt/ros/foxy/share/geometry_msgs/cmake)
[0.527s] -- Using all available rosidl_typesupport_c: rosidl_typesupport_fastrtps_c;rosidl_typesupport_introspection_c
[0.531s] -- Found rosidl_adapter: 1.3.0 (/opt/ros/foxy/share/rosidl_adapter/cmake)
[0.601s] -- Found OpenSSL: /usr/lib/x86_64-linux-gnu/libcrypto.so (found version "1.1.1f")  
[0.630s] -- Found FastRTPS: /opt/ros/foxy/include  
[0.687s] -- Using all available rosidl_typesupport_cpp: rosidl_typesupport_fastrtps_cpp;rosidl_typesupport_introspection_cpp
[0.736s] -- Found rosidl_default_generators: 1.0.1 (/opt/ros/foxy/share/rosidl_default_generators/cmake)
[0.759s] -- Found PythonInterp: /usr/bin/python3 (found version "3.8.10") 
[0.866s] CMake Error at /opt/ros/foxy/share/rosidl_adapter/cmake/rosidl_adapt_interfaces.cmake:60 (message):
[0.866s]   execute_process(/usr/bin/python3 -m rosidl_adapter --package-name
[0.866s]   tutorial_interfaces --arguments-file
[0.866s]   /home/malacoda/ros2_ws/build/tutorial_interfaces/rosidl_adapter__arguments__tutorial_interfaces.json
[0.866s]   --output-dir
[0.866s]   /home/malacoda/ros2_ws/build/tutorial_interfaces/rosidl_adapter/tutorial_interfaces
[0.866s]   --output-file
[0.866s]   /home/malacoda/ros2_ws/build/tutorial_interfaces/rosidl_adapter/tutorial_interfaces.idls)
[0.866s]   returned error code 1:
[0.866s] 
[0.867s]   Traceback (most recent call last):
[0.867s] 
[0.867s]     File "/usr/lib/python3.8/runpy.py", line 194, in _run_module_as_main
[0.867s]       return _run_code(code, main_globals, None,
[0.867s]     File "/usr/lib/python3.8/runpy.py", line 87, in _run_code
[0.867s]       exec(code, run_globals)
[0.867s]     File "/opt/ros/foxy/lib/python3.8/site-packages/rosidl_adapter/__main__.py", line 19, in <module>
[0.867s]       sys.exit(main())
[0.867s]     File "/opt/ros/foxy/lib/python3.8/site-packages/rosidl_adapter/main.py", line 53, in main
[0.867s]       abs_idl_file = convert_to_idl(
[0.867s]     File "/opt/ros/foxy/lib/python3.8/site-packages/rosidl_adapter/__init__.py", line 24, in convert_to_idl
[0.867s]       return convert_srv_to_idl(
[0.867s]     File "/opt/ros/foxy/lib/python3.8/site-packages/rosidl_adapter/srv/__init__.py", line 28, in convert_srv_to_idl
[0.868s]       srv = parse_service_string(package_name, input_file.stem, content)
[0.868s]     File "/opt/ros/foxy/lib/python3.8/site-packages/rosidl_adapter/parser.py", line 852, in parse_service_string
[0.868s]       request_message = parse_message_string(
[0.868s]     File "/opt/ros/foxy/lib/python3.8/site-packages/rosidl_adapter/parser.py", line 540, in parse_message_string
[0.868s]       msg = MessageSpecification(pkg_name, msg_name, fields, constants)
[0.868s]     File "/opt/ros/foxy/lib/python3.8/site-packages/rosidl_adapter/parser.py", line 402, in __init__
[0.868s]       raise ValueError(
[0.868s] 
[0.868s]   ValueError: the fields iterable contains duplicate names: a
[0.868s] 
[0.868s] Call Stack (most recent call first):
[0.868s]   /opt/ros/foxy/share/rosidl_cmake/cmake/rosidl_generate_interfaces.cmake:130 (rosidl_adapt_interfaces)
[0.868s]   CMakeLists.txt:25 (rosidl_generate_interfaces)
[0.869s] 
[0.869s] 
[0.869s] -- Configuring incomplete, errors occurred!
[0.869s] See also "/home/malacoda/ros2_ws/build/tutorial_interfaces/CMakeFiles/CMakeOutput.log".
[0.873s] Invoked command in '/home/malacoda/ros2_ws/build/tutorial_interfaces' returned '1': CMAKE_PREFIX_PATH=/opt/ros/foxy /usr/bin/cmake /home/malacoda/ros2_ws/src/tutorial_interfaces -DCMAKE_INSTALL_PREFIX=/home/malacoda/ros2_ws/install/tutorial_interfaces
