[0.009s] Invoking command in '/home/malacoda/ros2_ws/build/more_interfaces': CMAKE_PREFIX_PATH=${CMAKE_PREFIX_PATH}:/opt/ros/foxy /usr/bin/cmake --build /home/malacoda/ros2_ws/build/more_interfaces -- -j32 -l32
[0.058s] [  3%] Built target more_interfaces__cpp
[0.060s] [ 12%] Built target more_interfaces__rosidl_generator_c
[0.073s] [ 21%] Built target more_interfaces__rosidl_typesupport_introspection_cpp
[0.074s] [ 30%] Built target more_interfaces__rosidl_typesupport_c
[0.076s] [ 48%] Built target more_interfaces__rosidl_typesupport_cpp
[0.076s] [ 48%] Built target more_interfaces__rosidl_typesupport_introspection_c
[0.079s] [ 57%] Built target more_interfaces__rosidl_typesupport_fastrtps_cpp
[0.100s] [ 66%] Built target more_interfaces__rosidl_typesupport_fastrtps_c
[0.116s] [ 66%] Built target more_interfaces
[0.132s] [ 69%] Built target more_interfaces__py
[0.142s] [ 75%] Built target publish_address_book
[0.154s] [ 81%] Built target more_interfaces__python
[0.177s] [ 87%] Built target more_interfaces__rosidl_typesupport_introspection_c__pyext
[0.178s] [ 93%] Built target more_interfaces__rosidl_typesupport_fastrtps_c__pyext
[0.179s] [100%] Built target more_interfaces__rosidl_typesupport_c__pyext
[0.188s] Invoked command in '/home/malacoda/ros2_ws/build/more_interfaces' returned '0': CMAKE_PREFIX_PATH=${CMAKE_PREFIX_PATH}:/opt/ros/foxy /usr/bin/cmake --build /home/malacoda/ros2_ws/build/more_interfaces -- -j32 -l32
[0.242s] Invoking command in '/home/malacoda/ros2_ws/build/more_interfaces': CMAKE_PREFIX_PATH=${CMAKE_PREFIX_PATH}:/opt/ros/foxy /usr/bin/cmake --install /home/malacoda/ros2_ws/build/more_interfaces
[0.250s] -- Install configuration: ""
[0.250s] -- Up-to-date: /home/malacoda/ros2_ws/install/more_interfaces/share/ament_index/resource_index/rosidl_interfaces/more_interfaces
[0.250s] -- Up-to-date: /home/malacoda/ros2_ws/install/more_interfaces/include/more_interfaces
[0.250s] -- Up-to-date: /home/malacoda/ros2_ws/install/more_interfaces/include/more_interfaces/msg
[0.251s] -- Up-to-date: /home/malacoda/ros2_ws/install/more_interfaces/include/more_interfaces/msg/detail
[0.251s] -- Up-to-date: /home/malacoda/ros2_ws/install/more_interfaces/include/more_interfaces/msg/detail/address_book__type_support.h
[0.251s] -- Up-to-date: /home/malacoda/ros2_ws/install/more_interfaces/include/more_interfaces/msg/detail/address_book__functions.h
[0.251s] -- Up-to-date: /home/malacoda/ros2_ws/install/more_interfaces/include/more_interfaces/msg/detail/address_book__struct.h
[0.251s] -- Up-to-date: /home/malacoda/ros2_ws/install/more_interfaces/include/more_interfaces/msg/detail/address_book__functions.c
[0.251s] -- Up-to-date: /home/malacoda/ros2_ws/install/more_interfaces/include/more_interfaces/msg/rosidl_generator_c__visibility_control.h
[0.251s] -- Up-to-date: /home/malacoda/ros2_ws/install/more_interfaces/include/more_interfaces/msg/address_book.h
[0.251s] -- Up-to-date: /home/malacoda/ros2_ws/install/more_interfaces/share/more_interfaces/environment/library_path.sh
[0.251s] -- Up-to-date: /home/malacoda/ros2_ws/install/more_interfaces/share/more_interfaces/environment/library_path.dsv
[0.251s] -- Up-to-date: /home/malacoda/ros2_ws/install/more_interfaces/lib/libmore_interfaces__rosidl_generator_c.so
[0.252s] -- Up-to-date: /home/malacoda/ros2_ws/install/more_interfaces/include/more_interfaces
[0.252s] -- Up-to-date: /home/malacoda/ros2_ws/install/more_interfaces/include/more_interfaces/msg
[0.252s] -- Up-to-date: /home/malacoda/ros2_ws/install/more_interfaces/include/more_interfaces/msg/detail
[0.252s] -- Up-to-date: /home/malacoda/ros2_ws/install/more_interfaces/include/more_interfaces/msg/detail/address_book__rosidl_typesupport_fastrtps_c.h
[0.252s] -- Up-to-date: /home/malacoda/ros2_ws/install/more_interfaces/include/more_interfaces/msg/rosidl_typesupport_fastrtps_c__visibility_control.h
[0.252s] -- Up-to-date: /home/malacoda/ros2_ws/install/more_interfaces/lib/libmore_interfaces__rosidl_typesupport_fastrtps_c.so
[0.252s] -- Up-to-date: /home/malacoda/ros2_ws/install/more_interfaces/include/more_interfaces
[0.252s] -- Up-to-date: /home/malacoda/ros2_ws/install/more_interfaces/include/more_interfaces/msg
[0.252s] -- Up-to-date: /home/malacoda/ros2_ws/install/more_interfaces/include/more_interfaces/msg/detail
[0.252s] -- Up-to-date: /home/malacoda/ros2_ws/install/more_interfaces/include/more_interfaces/msg/detail/dds_fastrtps
[0.252s] -- Up-to-date: /home/malacoda/ros2_ws/install/more_interfaces/include/more_interfaces/msg/detail/address_book__rosidl_typesupport_fastrtps_cpp.hpp
[0.253s] -- Up-to-date: /home/malacoda/ros2_ws/install/more_interfaces/include/more_interfaces/msg/rosidl_typesupport_fastrtps_cpp__visibility_control.h
[0.253s] -- Up-to-date: /home/malacoda/ros2_ws/install/more_interfaces/lib/libmore_interfaces__rosidl_typesupport_fastrtps_cpp.so
[0.253s] -- Up-to-date: /home/malacoda/ros2_ws/install/more_interfaces/include/more_interfaces
[0.253s] -- Up-to-date: /home/malacoda/ros2_ws/install/more_interfaces/include/more_interfaces/msg
[0.253s] -- Up-to-date: /home/malacoda/ros2_ws/install/more_interfaces/include/more_interfaces/msg/detail
[0.253s] -- Up-to-date: /home/malacoda/ros2_ws/install/more_interfaces/include/more_interfaces/msg/detail/address_book__rosidl_typesupport_introspection_c.h
[0.253s] -- Up-to-date: /home/malacoda/ros2_ws/install/more_interfaces/include/more_interfaces/msg/detail/address_book__type_support.c
[0.253s] -- Up-to-date: /home/malacoda/ros2_ws/install/more_interfaces/include/more_interfaces/msg/rosidl_typesupport_introspection_c__visibility_control.h
[0.253s] -- Up-to-date: /home/malacoda/ros2_ws/install/more_interfaces/lib/libmore_interfaces__rosidl_typesupport_introspection_c.so
[0.254s] -- Up-to-date: /home/malacoda/ros2_ws/install/more_interfaces/lib/libmore_interfaces__rosidl_typesupport_c.so
[0.254s] -- Up-to-date: /home/malacoda/ros2_ws/install/more_interfaces/include/more_interfaces
[0.254s] -- Up-to-date: /home/malacoda/ros2_ws/install/more_interfaces/include/more_interfaces/msg
[0.254s] -- Up-to-date: /home/malacoda/ros2_ws/install/more_interfaces/include/more_interfaces/msg/detail
[0.254s] -- Up-to-date: /home/malacoda/ros2_ws/install/more_interfaces/include/more_interfaces/msg/detail/address_book__traits.hpp
[0.254s] -- Up-to-date: /home/malacoda/ros2_ws/install/more_interfaces/include/more_interfaces/msg/detail/address_book__struct.hpp
[0.254s] -- Up-to-date: /home/malacoda/ros2_ws/install/more_interfaces/include/more_interfaces/msg/detail/address_book__builder.hpp
[0.254s] -- Up-to-date: /home/malacoda/ros2_ws/install/more_interfaces/include/more_interfaces/msg/address_book.hpp
[0.254s] -- Up-to-date: /home/malacoda/ros2_ws/install/more_interfaces/include/more_interfaces
[0.254s] -- Up-to-date: /home/malacoda/ros2_ws/install/more_interfaces/include/more_interfaces/msg
[0.254s] -- Up-to-date: /home/malacoda/ros2_ws/install/more_interfaces/include/more_interfaces/msg/detail
[0.254s] -- Up-to-date: /home/malacoda/ros2_ws/install/more_interfaces/include/more_interfaces/msg/detail/address_book__rosidl_typesupport_introspection_cpp.hpp
[0.255s] -- Up-to-date: /home/malacoda/ros2_ws/install/more_interfaces/include/more_interfaces/msg/detail/address_book__type_support.cpp
[0.255s] -- Up-to-date: /home/malacoda/ros2_ws/install/more_interfaces/lib/libmore_interfaces__rosidl_typesupport_introspection_cpp.so
[0.255s] -- Up-to-date: /home/malacoda/ros2_ws/install/more_interfaces/lib/libmore_interfaces__rosidl_typesupport_cpp.so
[0.255s] -- Up-to-date: /home/malacoda/ros2_ws/install/more_interfaces/share/more_interfaces/environment/pythonpath.sh
[0.255s] -- Up-to-date: /home/malacoda/ros2_ws/install/more_interfaces/share/more_interfaces/environment/pythonpath.dsv
[0.255s] -- Up-to-date: /home/malacoda/ros2_ws/install/more_interfaces/lib/python3.8/site-packages/more_interfaces/__init__.py
[0.278s] -- Up-to-date: /home/malacoda/ros2_ws/install/more_interfaces/lib/python3.8/site-packages/more_interfaces/msg
[0.278s] -- Up-to-date: /home/malacoda/ros2_ws/install/more_interfaces/lib/python3.8/site-packages/more_interfaces/msg/_address_book_s.c
[0.278s] -- Up-to-date: /home/malacoda/ros2_ws/install/more_interfaces/lib/python3.8/site-packages/more_interfaces/msg/_address_book.py
[0.278s] -- Up-to-date: /home/malacoda/ros2_ws/install/more_interfaces/lib/python3.8/site-packages/more_interfaces/msg/__init__.py
[0.278s] -- Up-to-date: /home/malacoda/ros2_ws/install/more_interfaces/lib/python3.8/site-packages/more_interfaces/more_interfaces_s__rosidl_typesupport_fastrtps_c.cpython-38-x86_64-linux-gnu.so
[0.279s] -- Up-to-date: /home/malacoda/ros2_ws/install/more_interfaces/lib/python3.8/site-packages/more_interfaces/more_interfaces_s__rosidl_typesupport_introspection_c.cpython-38-x86_64-linux-gnu.so
[0.279s] -- Up-to-date: /home/malacoda/ros2_ws/install/more_interfaces/lib/python3.8/site-packages/more_interfaces/more_interfaces_s__rosidl_typesupport_c.cpython-38-x86_64-linux-gnu.so
[0.280s] -- Up-to-date: /home/malacoda/ros2_ws/install/more_interfaces/lib/libmore_interfaces__python.so
[0.280s] -- Up-to-date: /home/malacoda/ros2_ws/install/more_interfaces/share/more_interfaces/msg/AddressBook.idl
[0.280s] -- Up-to-date: /home/malacoda/ros2_ws/install/more_interfaces/share/more_interfaces/msg/AddressBook.msg
[0.280s] -- Up-to-date: /home/malacoda/ros2_ws/install/more_interfaces/lib/more_interfaces/publish_address_book
[0.280s] -- Up-to-date: /home/malacoda/ros2_ws/install/more_interfaces/share/ament_index/resource_index/package_run_dependencies/more_interfaces
[0.280s] -- Up-to-date: /home/malacoda/ros2_ws/install/more_interfaces/share/ament_index/resource_index/parent_prefix_path/more_interfaces
[0.280s] -- Up-to-date: /home/malacoda/ros2_ws/install/more_interfaces/share/more_interfaces/environment/ament_prefix_path.sh
[0.281s] -- Up-to-date: /home/malacoda/ros2_ws/install/more_interfaces/share/more_interfaces/environment/ament_prefix_path.dsv
[0.281s] -- Up-to-date: /home/malacoda/ros2_ws/install/more_interfaces/share/more_interfaces/environment/path.sh
[0.281s] -- Up-to-date: /home/malacoda/ros2_ws/install/more_interfaces/share/more_interfaces/environment/path.dsv
[0.281s] -- Up-to-date: /home/malacoda/ros2_ws/install/more_interfaces/share/more_interfaces/local_setup.bash
[0.281s] -- Up-to-date: /home/malacoda/ros2_ws/install/more_interfaces/share/more_interfaces/local_setup.sh
[0.281s] -- Up-to-date: /home/malacoda/ros2_ws/install/more_interfaces/share/more_interfaces/local_setup.zsh
[0.281s] -- Up-to-date: /home/malacoda/ros2_ws/install/more_interfaces/share/more_interfaces/local_setup.dsv
[0.281s] -- Installing: /home/malacoda/ros2_ws/install/more_interfaces/share/more_interfaces/package.dsv
[0.281s] -- Up-to-date: /home/malacoda/ros2_ws/install/more_interfaces/share/ament_index/resource_index/packages/more_interfaces
[0.281s] -- Up-to-date: /home/malacoda/ros2_ws/install/more_interfaces/share/more_interfaces/cmake/more_interfaces__rosidl_generator_cExport.cmake
[0.282s] -- Up-to-date: /home/malacoda/ros2_ws/install/more_interfaces/share/more_interfaces/cmake/more_interfaces__rosidl_generator_cExport-noconfig.cmake
[0.282s] -- Up-to-date: /home/malacoda/ros2_ws/install/more_interfaces/share/more_interfaces/cmake/more_interfaces__rosidl_typesupport_introspection_cExport.cmake
[0.282s] -- Up-to-date: /home/malacoda/ros2_ws/install/more_interfaces/share/more_interfaces/cmake/more_interfaces__rosidl_typesupport_introspection_cExport-noconfig.cmake
[0.282s] -- Up-to-date: /home/malacoda/ros2_ws/install/more_interfaces/share/more_interfaces/cmake/more_interfaces__rosidl_typesupport_cExport.cmake
[0.282s] -- Up-to-date: /home/malacoda/ros2_ws/install/more_interfaces/share/more_interfaces/cmake/more_interfaces__rosidl_typesupport_cExport-noconfig.cmake
[0.282s] -- Up-to-date: /home/malacoda/ros2_ws/install/more_interfaces/share/more_interfaces/cmake/more_interfaces__rosidl_generator_cppExport.cmake
[0.282s] -- Up-to-date: /home/malacoda/ros2_ws/install/more_interfaces/share/more_interfaces/cmake/more_interfaces__rosidl_typesupport_introspection_cppExport.cmake
[0.282s] -- Up-to-date: /home/malacoda/ros2_ws/install/more_interfaces/share/more_interfaces/cmake/more_interfaces__rosidl_typesupport_introspection_cppExport-noconfig.cmake
[0.282s] -- Up-to-date: /home/malacoda/ros2_ws/install/more_interfaces/share/more_interfaces/cmake/more_interfaces__rosidl_typesupport_cppExport.cmake
[0.282s] -- Up-to-date: /home/malacoda/ros2_ws/install/more_interfaces/share/more_interfaces/cmake/more_interfaces__rosidl_typesupport_cppExport-noconfig.cmake
[0.283s] -- Up-to-date: /home/malacoda/ros2_ws/install/more_interfaces/share/more_interfaces/cmake/rosidl_cmake-extras.cmake
[0.283s] -- Up-to-date: /home/malacoda/ros2_ws/install/more_interfaces/share/more_interfaces/cmake/ament_cmake_export_dependencies-extras.cmake
[0.283s] -- Up-to-date: /home/malacoda/ros2_ws/install/more_interfaces/share/more_interfaces/cmake/ament_cmake_export_libraries-extras.cmake
[0.283s] -- Up-to-date: /home/malacoda/ros2_ws/install/more_interfaces/share/more_interfaces/cmake/ament_cmake_export_targets-extras.cmake
[0.283s] -- Up-to-date: /home/malacoda/ros2_ws/install/more_interfaces/share/more_interfaces/cmake/ament_cmake_export_include_directories-extras.cmake
[0.283s] -- Up-to-date: /home/malacoda/ros2_ws/install/more_interfaces/share/more_interfaces/cmake/rosidl_cmake_export_typesupport_libraries-extras.cmake
[0.283s] -- Up-to-date: /home/malacoda/ros2_ws/install/more_interfaces/share/more_interfaces/cmake/rosidl_cmake_export_typesupport_targets-extras.cmake
[0.283s] -- Up-to-date: /home/malacoda/ros2_ws/install/more_interfaces/share/more_interfaces/cmake/more_interfacesConfig.cmake
[0.283s] -- Up-to-date: /home/malacoda/ros2_ws/install/more_interfaces/share/more_interfaces/cmake/more_interfacesConfig-version.cmake
[0.283s] -- Up-to-date: /home/malacoda/ros2_ws/install/more_interfaces/share/more_interfaces/package.xml
[0.285s] Invoked command in '/home/malacoda/ros2_ws/build/more_interfaces' returned '0': CMAKE_PREFIX_PATH=${CMAKE_PREFIX_PATH}:/opt/ros/foxy /usr/bin/cmake --install /home/malacoda/ros2_ws/build/more_interfaces
