[0.008s] Invoking command in '/home/malacoda/ros2_ws/build/polygon_plugins': AMENT_PREFIX_PATH=/home/malacoda/ros2_ws/install/polygon_base:${AMENT_PREFIX_PATH} CMAKE_PREFIX_PATH=/home/malacoda/ros2_ws/install/polygon_base:/opt/ros/foxy /usr/bin/cmake /home/malacoda/ros2_ws/src/polygon_plugins -DCMAKE_INSTALL_PREFIX=/home/malacoda/ros2_ws/install/polygon_plugins
[0.018s] -- Found ament_cmake: 0.9.11 (/opt/ros/foxy/share/ament_cmake/cmake)
[0.036s] -- Using PYTHON_EXECUTABLE: /usr/bin/python3
[0.144s] -- Found ament_cmake_ros: 0.9.2 (/opt/ros/foxy/share/ament_cmake_ros/cmake)
[0.147s] -- Found polygon_base: 0.0.0 (/home/malacoda/ros2_ws/install/polygon_base/share/polygon_base/cmake)
[0.148s] -- Found pluginlib: 2.5.4 (/opt/ros/foxy/share/pluginlib/cmake)
[0.170s] CMake Error at CMakeLists.txt:37 (install):
[0.170s]   install TARGETS given target "polygon_plugins" which does not exist.
[0.170s] 
[0.171s] 
[0.171s] CMake Error at CMakeLists.txt:57 (target_compile_definitions):
[0.171s]   Cannot specify compile definitions for target "polygon_plugins" which is
[0.171s]   not built by this project.
[0.171s] 
[0.171s] 
[0.171s] CMake Error at CMakeLists.txt:63 (install):
[0.171s]   install TARGETS given target "polygon_plugins" which does not exist.
[0.171s] 
[0.171s] 
[0.211s] -- Configuring incomplete, errors occurred!
[0.211s] See also "/home/malacoda/ros2_ws/build/polygon_plugins/CMakeFiles/CMakeOutput.log".
[0.215s] Invoked command in '/home/malacoda/ros2_ws/build/polygon_plugins' returned '1': AMENT_PREFIX_PATH=/home/malacoda/ros2_ws/install/polygon_base:${AMENT_PREFIX_PATH} CMAKE_PREFIX_PATH=/home/malacoda/ros2_ws/install/polygon_base:/opt/ros/foxy /usr/bin/cmake /home/malacoda/ros2_ws/src/polygon_plugins -DCMAKE_INSTALL_PREFIX=/home/malacoda/ros2_ws/install/polygon_plugins
