[0.010s] Invoking command in '/home/malacoda/ros2_ws/build/cpp_pubsub': AMENT_PREFIX_PATH=/home/malacoda/ros2_ws/install/tutorial_interfaces:${AMENT_PREFIX_PATH} CMAKE_PREFIX_PATH=/home/malacoda/ros2_ws/install/tutorial_interfaces:/opt/ros/foxy LD_LIBRARY_PATH=/home/malacoda/ros2_ws/install/tutorial_interfaces/lib:${LD_LIBRARY_PATH} PYTHONPATH=/home/malacoda/ros2_ws/install/tutorial_interfaces/lib/python3.8/site-packages:${PYTHONPATH} /usr/bin/cmake --build /home/malacoda/ros2_ws/build/cpp_pubsub -- -j32 -l32
[0.044s] [35m[1mScanning dependencies of target talker[0m
[0.056s] [ 50%] Built target listener
[0.063s] [ 75%] [32mBuilding CXX object CMakeFiles/talker.dir/src/publisher_member_function.cpp.o[0m
[1.784s] [100%] [32m[1mLinking CXX executable talker[0m
[1.870s] [100%] Built target talker
[1.881s] Invoked command in '/home/malacoda/ros2_ws/build/cpp_pubsub' returned '0': AMENT_PREFIX_PATH=/home/malacoda/ros2_ws/install/tutorial_interfaces:${AMENT_PREFIX_PATH} CMAKE_PREFIX_PATH=/home/malacoda/ros2_ws/install/tutorial_interfaces:/opt/ros/foxy LD_LIBRARY_PATH=/home/malacoda/ros2_ws/install/tutorial_interfaces/lib:${LD_LIBRARY_PATH} PYTHONPATH=/home/malacoda/ros2_ws/install/tutorial_interfaces/lib/python3.8/site-packages:${PYTHONPATH} /usr/bin/cmake --build /home/malacoda/ros2_ws/build/cpp_pubsub -- -j32 -l32
[1.912s] Invoking command in '/home/malacoda/ros2_ws/build/cpp_pubsub': AMENT_PREFIX_PATH=/home/malacoda/ros2_ws/install/tutorial_interfaces:${AMENT_PREFIX_PATH} CMAKE_PREFIX_PATH=/home/malacoda/ros2_ws/install/tutorial_interfaces:/opt/ros/foxy LD_LIBRARY_PATH=/home/malacoda/ros2_ws/install/tutorial_interfaces/lib:${LD_LIBRARY_PATH} PYTHONPATH=/home/malacoda/ros2_ws/install/tutorial_interfaces/lib/python3.8/site-packages:${PYTHONPATH} /usr/bin/cmake --install /home/malacoda/ros2_ws/build/cpp_pubsub
[1.920s] -- Install configuration: ""
[1.920s] -- Installing: /home/malacoda/ros2_ws/install/cpp_pubsub/lib/cpp_pubsub/talker
[1.921s] -- Set runtime path of "/home/malacoda/ros2_ws/install/cpp_pubsub/lib/cpp_pubsub/talker" to ""
[1.921s] -- Installing: /home/malacoda/ros2_ws/install/cpp_pubsub/lib/cpp_pubsub/listener
[1.923s] -- Set runtime path of "/home/malacoda/ros2_ws/install/cpp_pubsub/lib/cpp_pubsub/listener" to ""
[1.923s] -- Installing: /home/malacoda/ros2_ws/install/cpp_pubsub/share/ament_index/resource_index/package_run_dependencies/cpp_pubsub
[1.923s] -- Installing: /home/malacoda/ros2_ws/install/cpp_pubsub/share/ament_index/resource_index/parent_prefix_path/cpp_pubsub
[1.923s] -- Up-to-date: /home/malacoda/ros2_ws/install/cpp_pubsub/share/cpp_pubsub/environment/ament_prefix_path.sh
[1.923s] -- Installing: /home/malacoda/ros2_ws/install/cpp_pubsub/share/cpp_pubsub/environment/ament_prefix_path.dsv
[1.923s] -- Up-to-date: /home/malacoda/ros2_ws/install/cpp_pubsub/share/cpp_pubsub/environment/path.sh
[1.923s] -- Installing: /home/malacoda/ros2_ws/install/cpp_pubsub/share/cpp_pubsub/environment/path.dsv
[1.924s] -- Up-to-date: /home/malacoda/ros2_ws/install/cpp_pubsub/share/cpp_pubsub/local_setup.bash
[1.924s] -- Up-to-date: /home/malacoda/ros2_ws/install/cpp_pubsub/share/cpp_pubsub/local_setup.sh
[1.924s] -- Up-to-date: /home/malacoda/ros2_ws/install/cpp_pubsub/share/cpp_pubsub/local_setup.zsh
[1.924s] -- Installing: /home/malacoda/ros2_ws/install/cpp_pubsub/share/cpp_pubsub/local_setup.dsv
[1.924s] -- Installing: /home/malacoda/ros2_ws/install/cpp_pubsub/share/cpp_pubsub/package.dsv
[1.924s] -- Up-to-date: /home/malacoda/ros2_ws/install/cpp_pubsub/share/ament_index/resource_index/packages/cpp_pubsub
[1.924s] -- Up-to-date: /home/malacoda/ros2_ws/install/cpp_pubsub/share/cpp_pubsub/cmake/cpp_pubsubConfig.cmake
[1.924s] -- Up-to-date: /home/malacoda/ros2_ws/install/cpp_pubsub/share/cpp_pubsub/cmake/cpp_pubsubConfig-version.cmake
[1.924s] -- Installing: /home/malacoda/ros2_ws/install/cpp_pubsub/share/cpp_pubsub/package.xml
[1.925s] Invoked command in '/home/malacoda/ros2_ws/build/cpp_pubsub' returned '0': AMENT_PREFIX_PATH=/home/malacoda/ros2_ws/install/tutorial_interfaces:${AMENT_PREFIX_PATH} CMAKE_PREFIX_PATH=/home/malacoda/ros2_ws/install/tutorial_interfaces:/opt/ros/foxy LD_LIBRARY_PATH=/home/malacoda/ros2_ws/install/tutorial_interfaces/lib:${LD_LIBRARY_PATH} PYTHONPATH=/home/malacoda/ros2_ws/install/tutorial_interfaces/lib/python3.8/site-packages:${PYTHONPATH} /usr/bin/cmake --install /home/malacoda/ros2_ws/build/cpp_pubsub
