[0.009s] Invoking command in '/home/malacoda/ros2_ws/build/more_interfaces': CMAKE_PREFIX_PATH=/opt/ros/foxy /usr/bin/cmake /home/malacoda/ros2_ws/src/more_interfaces -DCMAKE_INSTALL_PREFIX=/home/malacoda/ros2_ws/install/more_interfaces
[0.053s] -- The C compiler identification is GNU 9.4.0
[0.094s] -- The CXX compiler identification is GNU 9.4.0
[0.098s] -- Check for working C compiler: /usr/bin/cc
[0.152s] -- Check for working C compiler: /usr/bin/cc -- works
[0.153s] -- Detecting C compiler ABI info
[0.204s] -- Detecting C compiler ABI info - done
[0.213s] -- Detecting C compile features
[0.213s] -- Detecting C compile features - done
[0.215s] -- Check for working CXX compiler: /usr/bin/c++
[0.275s] -- Check for working CXX compiler: /usr/bin/c++ -- works
[0.276s] -- Detecting CXX compiler ABI info
[0.337s] -- Detecting CXX compiler ABI info - done
[0.347s] -- Detecting CXX compile features
[0.348s] -- Detecting CXX compile features - done
[0.349s] -- Found ament_cmake: 0.9.11 (/opt/ros/foxy/share/ament_cmake/cmake)
[0.367s] -- Found PythonInterp: /usr/bin/python3 (found suitable version "3.8.10", minimum required is "3") 
[0.367s] -- Using PYTHON_EXECUTABLE: /usr/bin/python3
[0.483s] -- Found rosidl_default_generators: 1.0.1 (/opt/ros/foxy/share/rosidl_default_generators/cmake)
[0.485s] -- Using all available rosidl_typesupport_c: rosidl_typesupport_fastrtps_c;rosidl_typesupport_introspection_c
[0.488s] -- Found rosidl_adapter: 1.3.0 (/opt/ros/foxy/share/rosidl_adapter/cmake)
[0.562s] -- Found OpenSSL: /usr/lib/x86_64-linux-gnu/libcrypto.so (found version "1.1.1f")  
[0.586s] -- Found FastRTPS: /opt/ros/foxy/include  
[0.663s] -- Using all available rosidl_typesupport_cpp: rosidl_typesupport_fastrtps_cpp;rosidl_typesupport_introspection_cpp
[0.689s] -- Found rclcpp: 2.4.2 (/opt/ros/foxy/share/rclcpp/cmake)
[0.727s] -- Found rmw_implementation_cmake: 1.0.3 (/opt/ros/foxy/share/rmw_implementation_cmake/cmake)
[0.728s] -- Using RMW implementation 'rmw_fastrtps_cpp' as default
[0.728s] -- Looking for pthread.h
[0.788s] -- Looking for pthread.h - found
[0.789s] -- Performing Test CMAKE_HAVE_LIBC_PTHREAD
[0.849s] -- Performing Test CMAKE_HAVE_LIBC_PTHREAD - Failed
[0.849s] -- Looking for pthread_create in pthreads
[0.895s] -- Looking for pthread_create in pthreads - not found
[0.895s] -- Looking for pthread_create in pthread
[0.956s] -- Looking for pthread_create in pthread - found
[0.957s] -- Found Threads: TRUE  
[1.051s] CMake Error at /opt/ros/foxy/share/rosidl_cmake/cmake/rosidl_target_interfaces.cmake:40 (message):
[1.051s]   rosidl_target_interfaces() the second argument 'more_interfaces' must be a
[1.051s]   valid target name
[1.051s] Call Stack (most recent call first):
[1.051s]   CMakeLists.txt:31 (rosidl_target_interfaces)
[1.051s] 
[1.051s] 
[1.052s] -- Configuring incomplete, errors occurred!
[1.052s] See also "/home/malacoda/ros2_ws/build/more_interfaces/CMakeFiles/CMakeOutput.log".
[1.052s] See also "/home/malacoda/ros2_ws/build/more_interfaces/CMakeFiles/CMakeError.log".
[1.058s] Invoked command in '/home/malacoda/ros2_ws/build/more_interfaces' returned '1': CMAKE_PREFIX_PATH=/opt/ros/foxy /usr/bin/cmake /home/malacoda/ros2_ws/src/more_interfaces -DCMAKE_INSTALL_PREFIX=/home/malacoda/ros2_ws/install/more_interfaces
