[0.009s] Invoking command in '/home/malacoda/ros2_ws/build/more_interfaces': CMAKE_PREFIX_PATH=/opt/ros/foxy /usr/bin/cmake /home/malacoda/ros2_ws/src/more_interfaces -DCMAKE_INSTALL_PREFIX=/home/malacoda/ros2_ws/install/more_interfaces
[0.021s] -- Found ament_cmake: 0.9.11 (/opt/ros/foxy/share/ament_cmake/cmake)
[0.039s] -- Using PYTHON_EXECUTABLE: /usr/bin/python3
[0.149s] -- Found rosidl_default_generators: 1.0.1 (/opt/ros/foxy/share/rosidl_default_generators/cmake)
[0.151s] -- Using all available rosidl_typesupport_c: rosidl_typesupport_fastrtps_c;rosidl_typesupport_introspection_c
[0.154s] -- Found rosidl_adapter: 1.3.0 (/opt/ros/foxy/share/rosidl_adapter/cmake)
[0.255s] -- Using all available rosidl_typesupport_cpp: rosidl_typesupport_fastrtps_cpp;rosidl_typesupport_introspection_cpp
[0.268s] -- Found rclcpp: 2.4.2 (/opt/ros/foxy/share/rclcpp/cmake)
[0.296s] -- Found rmw_implementation_cmake: 1.0.3 (/opt/ros/foxy/share/rmw_implementation_cmake/cmake)
[0.296s] -- Using RMW implementation 'rmw_fastrtps_cpp' as default
[0.381s] CMake Error at /opt/ros/foxy/share/rosidl_cmake/cmake/rosidl_target_interfaces.cmake:40 (message):
[0.381s]   rosidl_target_interfaces() the second argument 'more_interfaces' must be a
[0.381s]   valid target name
[0.381s] Call Stack (most recent call first):
[0.382s]   CMakeLists.txt:33 (rosidl_target_interfaces)
[0.382s] 
[0.382s] 
[0.382s] -- Configuring incomplete, errors occurred!
[0.382s] See also "/home/malacoda/ros2_ws/build/more_interfaces/CMakeFiles/CMakeOutput.log".
[0.382s] See also "/home/malacoda/ros2_ws/build/more_interfaces/CMakeFiles/CMakeError.log".
[0.386s] Invoked command in '/home/malacoda/ros2_ws/build/more_interfaces' returned '1': CMAKE_PREFIX_PATH=/opt/ros/foxy /usr/bin/cmake /home/malacoda/ros2_ws/src/more_interfaces -DCMAKE_INSTALL_PREFIX=/home/malacoda/ros2_ws/install/more_interfaces
