[0.009s] Invoking command in '/home/malacoda/ros2_ws/build/cpp_parameters': CMAKE_PREFIX_PATH=/opt/ros/foxy /usr/bin/cmake --build /home/malacoda/ros2_ws/build/cpp_parameters -- -j32 -l32
[0.061s] [100%] Built target minimal_param_node
[0.069s] Invoked command in '/home/malacoda/ros2_ws/build/cpp_parameters' returned '0': CMAKE_PREFIX_PATH=/opt/ros/foxy /usr/bin/cmake --build /home/malacoda/ros2_ws/build/cpp_parameters -- -j32 -l32
[0.099s] Invoking command in '/home/malacoda/ros2_ws/build/cpp_parameters': CMAKE_PREFIX_PATH=/opt/ros/foxy /usr/bin/cmake --install /home/malacoda/ros2_ws/build/cpp_parameters
[0.106s] -- Install configuration: ""
[0.107s] -- Up-to-date: /home/malacoda/ros2_ws/install/cpp_parameters/lib/cpp_parameters/minimal_param_node
[0.107s] -- Up-to-date: /home/malacoda/ros2_ws/install/cpp_parameters/share/cpp_parameters/launch
[0.107s] -- Installing: /home/malacoda/ros2_ws/install/cpp_parameters/share/cpp_parameters/launch/cpp_parameters_launch.py
[0.107s] -- Up-to-date: /home/malacoda/ros2_ws/install/cpp_parameters/share/ament_index/resource_index/package_run_dependencies/cpp_parameters
[0.107s] -- Up-to-date: /home/malacoda/ros2_ws/install/cpp_parameters/share/ament_index/resource_index/parent_prefix_path/cpp_parameters
[0.107s] -- Up-to-date: /home/malacoda/ros2_ws/install/cpp_parameters/share/cpp_parameters/environment/ament_prefix_path.sh
[0.108s] -- Up-to-date: /home/malacoda/ros2_ws/install/cpp_parameters/share/cpp_parameters/environment/ament_prefix_path.dsv
[0.108s] -- Up-to-date: /home/malacoda/ros2_ws/install/cpp_parameters/share/cpp_parameters/environment/path.sh
[0.108s] -- Up-to-date: /home/malacoda/ros2_ws/install/cpp_parameters/share/cpp_parameters/environment/path.dsv
[0.108s] -- Up-to-date: /home/malacoda/ros2_ws/install/cpp_parameters/share/cpp_parameters/local_setup.bash
[0.108s] -- Up-to-date: /home/malacoda/ros2_ws/install/cpp_parameters/share/cpp_parameters/local_setup.sh
[0.108s] -- Up-to-date: /home/malacoda/ros2_ws/install/cpp_parameters/share/cpp_parameters/local_setup.zsh
[0.108s] -- Up-to-date: /home/malacoda/ros2_ws/install/cpp_parameters/share/cpp_parameters/local_setup.dsv
[0.108s] -- Up-to-date: /home/malacoda/ros2_ws/install/cpp_parameters/share/cpp_parameters/package.dsv
[0.108s] -- Up-to-date: /home/malacoda/ros2_ws/install/cpp_parameters/share/ament_index/resource_index/packages/cpp_parameters
[0.108s] -- Up-to-date: /home/malacoda/ros2_ws/install/cpp_parameters/share/cpp_parameters/cmake/cpp_parametersConfig.cmake
[0.108s] -- Up-to-date: /home/malacoda/ros2_ws/install/cpp_parameters/share/cpp_parameters/cmake/cpp_parametersConfig-version.cmake
[0.109s] -- Up-to-date: /home/malacoda/ros2_ws/install/cpp_parameters/share/cpp_parameters/package.xml
[0.110s] Invoked command in '/home/malacoda/ros2_ws/build/cpp_parameters' returned '0': CMAKE_PREFIX_PATH=/opt/ros/foxy /usr/bin/cmake --install /home/malacoda/ros2_ws/build/cpp_parameters
