[0.364s] Invoking command in '/home/malacoda/ros2_ws/src/py_pubsub': PYTHONPATH=/home/malacoda/ros2_ws/build/py_pubsub/prefix_override:/home/malacoda/ros2_ws/install/py_pubsub/lib/python3.8/site-packages:${PYTHONPATH} /usr/bin/python3 setup.py egg_info --egg-base ../../build/py_pubsub build --build-base /home/malacoda/ros2_ws/build/py_pubsub/build install --record /home/malacoda/ros2_ws/build/py_pubsub/install.log --install-scripts $base/lib/py_pubsub --single-version-externally-managed
[0.489s] running egg_info
[0.489s] writing ../../build/py_pubsub/py_pubsub.egg-info/PKG-INFO
[0.490s] writing dependency_links to ../../build/py_pubsub/py_pubsub.egg-info/dependency_links.txt
[0.490s] writing entry points to ../../build/py_pubsub/py_pubsub.egg-info/entry_points.txt
[0.490s] writing requirements to ../../build/py_pubsub/py_pubsub.egg-info/requires.txt
[0.490s] writing top-level names to ../../build/py_pubsub/py_pubsub.egg-info/top_level.txt
[0.509s] reading manifest file '../../build/py_pubsub/py_pubsub.egg-info/SOURCES.txt'
[0.510s] writing manifest file '../../build/py_pubsub/py_pubsub.egg-info/SOURCES.txt'
[0.510s] running build
[0.510s] running build_py
[0.510s] copying py_pubsub/publisher_member_function.py -> /home/malacoda/ros2_ws/build/py_pubsub/build/lib/py_pubsub
[0.510s] running install
[0.510s] running install_lib
[0.511s] copying /home/malacoda/ros2_ws/build/py_pubsub/build/lib/py_pubsub/publisher_member_function.py -> /home/malacoda/ros2_ws/install/py_pubsub/lib/python3.8/site-packages/py_pubsub
[0.511s] byte-compiling /home/malacoda/ros2_ws/install/py_pubsub/lib/python3.8/site-packages/py_pubsub/publisher_member_function.py to publisher_member_function.cpython-38.pyc
[0.512s] running install_data
[0.512s] running install_egg_info
[0.513s] removing '/home/malacoda/ros2_ws/install/py_pubsub/lib/python3.8/site-packages/py_pubsub-0.0.0-py3.8.egg-info' (and everything under it)
[0.513s] Copying ../../build/py_pubsub/py_pubsub.egg-info to /home/malacoda/ros2_ws/install/py_pubsub/lib/python3.8/site-packages/py_pubsub-0.0.0-py3.8.egg-info
[0.513s] running install_scripts
[0.522s] Installing pylistener script to /home/malacoda/ros2_ws/install/py_pubsub/lib/py_pubsub
[0.522s] Installing pytalker script to /home/malacoda/ros2_ws/install/py_pubsub/lib/py_pubsub
[0.523s] writing list of installed files to '/home/malacoda/ros2_ws/build/py_pubsub/install.log'
[0.534s] Invoked command in '/home/malacoda/ros2_ws/src/py_pubsub' returned '0': PYTHONPATH=/home/malacoda/ros2_ws/build/py_pubsub/prefix_override:/home/malacoda/ros2_ws/install/py_pubsub/lib/python3.8/site-packages:${PYTHONPATH} /usr/bin/python3 setup.py egg_info --egg-base ../../build/py_pubsub build --build-base /home/malacoda/ros2_ws/build/py_pubsub/build install --record /home/malacoda/ros2_ws/build/py_pubsub/install.log --install-scripts $base/lib/py_pubsub --single-version-externally-managed
