[0.370s] Invoking command in '/home/malacoda/ros2_ws/src/py_srvcli': AMENT_PREFIX_PATH=/home/malacoda/ros2_ws/install/tutorial_interfaces:${AMENT_PREFIX_PATH} CMAKE_PREFIX_PATH=/home/malacoda/ros2_ws/install/tutorial_interfaces LD_LIBRARY_PATH=/home/malacoda/ros2_ws/install/tutorial_interfaces/lib:${LD_LIBRARY_PATH} PYTHONPATH=/home/malacoda/ros2_ws/build/py_srvcli/prefix_override:/home/malacoda/ros2_ws/install/py_srvcli/lib/python3.8/site-packages:/home/malacoda/ros2_ws/install/tutorial_interfaces/lib/python3.8/site-packages:${PYTHONPATH} /usr/bin/python3 setup.py egg_info --egg-base ../../build/py_srvcli build --build-base /home/malacoda/ros2_ws/build/py_srvcli/build install --record /home/malacoda/ros2_ws/build/py_srvcli/install.log --install-scripts $base/lib/py_srvcli --single-version-externally-managed
[0.498s] running egg_info
[0.498s] writing ../../build/py_srvcli/py_srvcli.egg-info/PKG-INFO
[0.498s] writing dependency_links to ../../build/py_srvcli/py_srvcli.egg-info/dependency_links.txt
[0.498s] writing entry points to ../../build/py_srvcli/py_srvcli.egg-info/entry_points.txt
[0.498s] writing requirements to ../../build/py_srvcli/py_srvcli.egg-info/requires.txt
[0.499s] writing top-level names to ../../build/py_srvcli/py_srvcli.egg-info/top_level.txt
[0.518s] reading manifest file '../../build/py_srvcli/py_srvcli.egg-info/SOURCES.txt'
[0.518s] writing manifest file '../../build/py_srvcli/py_srvcli.egg-info/SOURCES.txt'
[0.519s] running build
[0.519s] running build_py
[0.519s] copying py_srvcli/service_member_function.py -> /home/malacoda/ros2_ws/build/py_srvcli/build/lib/py_srvcli
[0.519s] copying py_srvcli/client_member_function.py -> /home/malacoda/ros2_ws/build/py_srvcli/build/lib/py_srvcli
[0.519s] running install
[0.519s] running install_lib
[0.520s] copying /home/malacoda/ros2_ws/build/py_srvcli/build/lib/py_srvcli/service_member_function.py -> /home/malacoda/ros2_ws/install/py_srvcli/lib/python3.8/site-packages/py_srvcli
[0.520s] copying /home/malacoda/ros2_ws/build/py_srvcli/build/lib/py_srvcli/client_member_function.py -> /home/malacoda/ros2_ws/install/py_srvcli/lib/python3.8/site-packages/py_srvcli
[0.520s] byte-compiling /home/malacoda/ros2_ws/install/py_srvcli/lib/python3.8/site-packages/py_srvcli/service_member_function.py to service_member_function.cpython-38.pyc
[0.521s] byte-compiling /home/malacoda/ros2_ws/install/py_srvcli/lib/python3.8/site-packages/py_srvcli/client_member_function.py to client_member_function.cpython-38.pyc
[0.521s] running install_data
[0.521s] copying package.xml -> /home/malacoda/ros2_ws/install/py_srvcli/share/py_srvcli
[0.521s] running install_egg_info
[0.522s] removing '/home/malacoda/ros2_ws/install/py_srvcli/lib/python3.8/site-packages/py_srvcli-0.0.0-py3.8.egg-info' (and everything under it)
[0.522s] Copying ../../build/py_srvcli/py_srvcli.egg-info to /home/malacoda/ros2_ws/install/py_srvcli/lib/python3.8/site-packages/py_srvcli-0.0.0-py3.8.egg-info
[0.523s] running install_scripts
[0.532s] Installing client script to /home/malacoda/ros2_ws/install/py_srvcli/lib/py_srvcli
[0.532s] Installing service script to /home/malacoda/ros2_ws/install/py_srvcli/lib/py_srvcli
[0.532s] writing list of installed files to '/home/malacoda/ros2_ws/build/py_srvcli/install.log'
[0.543s] Invoked command in '/home/malacoda/ros2_ws/src/py_srvcli' returned '0': AMENT_PREFIX_PATH=/home/malacoda/ros2_ws/install/tutorial_interfaces:${AMENT_PREFIX_PATH} CMAKE_PREFIX_PATH=/home/malacoda/ros2_ws/install/tutorial_interfaces LD_LIBRARY_PATH=/home/malacoda/ros2_ws/install/tutorial_interfaces/lib:${LD_LIBRARY_PATH} PYTHONPATH=/home/malacoda/ros2_ws/build/py_srvcli/prefix_override:/home/malacoda/ros2_ws/install/py_srvcli/lib/python3.8/site-packages:/home/malacoda/ros2_ws/install/tutorial_interfaces/lib/python3.8/site-packages:${PYTHONPATH} /usr/bin/python3 setup.py egg_info --egg-base ../../build/py_srvcli build --build-base /home/malacoda/ros2_ws/build/py_srvcli/build install --record /home/malacoda/ros2_ws/build/py_srvcli/install.log --install-scripts $base/lib/py_srvcli --single-version-externally-managed
