[0.009s] Invoking command in '/home/malacoda/ros2_ws/build/polygon_base': CMAKE_PREFIX_PATH=/opt/ros/foxy /usr/bin/cmake --build /home/malacoda/ros2_ws/build/polygon_base -- -j32 -l32
[0.058s] [100%] Built target area_node
[0.067s] Invoked command in '/home/malacoda/ros2_ws/build/polygon_base' returned '0': CMAKE_PREFIX_PATH=/opt/ros/foxy /usr/bin/cmake --build /home/malacoda/ros2_ws/build/polygon_base -- -j32 -l32
[0.095s] Invoking command in '/home/malacoda/ros2_ws/build/polygon_base': CMAKE_PREFIX_PATH=/opt/ros/foxy /usr/bin/cmake --install /home/malacoda/ros2_ws/build/polygon_base
[0.103s] -- Install configuration: ""
[0.103s] -- Up-to-date: /home/malacoda/ros2_ws/install/polygon_base/include
[0.103s] -- Up-to-date: /home/malacoda/ros2_ws/install/polygon_base/include/polygon_base
[0.103s] -- Up-to-date: /home/malacoda/ros2_ws/install/polygon_base/include/polygon_base/regular_polygon.hpp
[0.103s] -- Up-to-date: /home/malacoda/ros2_ws/install/polygon_base/lib/polygon_base/area_node
[0.103s] -- Up-to-date: /home/malacoda/ros2_ws/install/polygon_base/share/ament_index/resource_index/package_run_dependencies/polygon_base
[0.103s] -- Up-to-date: /home/malacoda/ros2_ws/install/polygon_base/share/ament_index/resource_index/parent_prefix_path/polygon_base
[0.103s] -- Up-to-date: /home/malacoda/ros2_ws/install/polygon_base/share/polygon_base/environment/ament_prefix_path.sh
[0.103s] -- Up-to-date: /home/malacoda/ros2_ws/install/polygon_base/share/polygon_base/environment/ament_prefix_path.dsv
[0.104s] -- Up-to-date: /home/malacoda/ros2_ws/install/polygon_base/share/polygon_base/environment/path.sh
[0.104s] -- Up-to-date: /home/malacoda/ros2_ws/install/polygon_base/share/polygon_base/environment/path.dsv
[0.104s] -- Up-to-date: /home/malacoda/ros2_ws/install/polygon_base/share/polygon_base/local_setup.bash
[0.104s] -- Up-to-date: /home/malacoda/ros2_ws/install/polygon_base/share/polygon_base/local_setup.sh
[0.104s] -- Up-to-date: /home/malacoda/ros2_ws/install/polygon_base/share/polygon_base/local_setup.zsh
[0.104s] -- Up-to-date: /home/malacoda/ros2_ws/install/polygon_base/share/polygon_base/local_setup.dsv
[0.104s] -- Installing: /home/malacoda/ros2_ws/install/polygon_base/share/polygon_base/package.dsv
[0.104s] -- Up-to-date: /home/malacoda/ros2_ws/install/polygon_base/share/ament_index/resource_index/packages/polygon_base
[0.104s] -- Up-to-date: /home/malacoda/ros2_ws/install/polygon_base/share/polygon_base/cmake/ament_cmake_export_include_directories-extras.cmake
[0.104s] -- Up-to-date: /home/malacoda/ros2_ws/install/polygon_base/share/polygon_base/cmake/polygon_baseConfig.cmake
[0.104s] -- Up-to-date: /home/malacoda/ros2_ws/install/polygon_base/share/polygon_base/cmake/polygon_baseConfig-version.cmake
[0.104s] -- Up-to-date: /home/malacoda/ros2_ws/install/polygon_base/share/polygon_base/package.xml
[0.106s] Invoked command in '/home/malacoda/ros2_ws/build/polygon_base' returned '0': CMAKE_PREFIX_PATH=/opt/ros/foxy /usr/bin/cmake --install /home/malacoda/ros2_ws/build/polygon_base
