[0.009s] Invoking command in '/home/malacoda/ros2_ws/build/more_interfaces': CMAKE_PREFIX_PATH=${CMAKE_PREFIX_PATH}:/opt/ros/foxy /usr/bin/cmake --build /home/malacoda/ros2_ws/build/more_interfaces -- -j32 -l32
[0.034s] -- Found ament_cmake: 0.9.11 (/opt/ros/foxy/share/ament_cmake/cmake)
[0.049s] -- Using PYTHON_EXECUTABLE: /usr/bin/python3
[0.160s] -- Found rosidl_default_generators: 1.0.1 (/opt/ros/foxy/share/rosidl_default_generators/cmake)
[0.163s] -- Using all available rosidl_typesupport_c: rosidl_typesupport_fastrtps_c;rosidl_typesupport_introspection_c
[0.166s] -- Found rosidl_adapter: 1.3.0 (/opt/ros/foxy/share/rosidl_adapter/cmake)
[0.275s] -- Using all available rosidl_typesupport_cpp: rosidl_typesupport_fastrtps_cpp;rosidl_typesupport_introspection_cpp
[0.306s] -- Found PythonInterp: /usr/bin/python3 (found version "3.8.10") 
[0.387s] -- Found ament_cmake_ros: 0.9.2 (/opt/ros/foxy/share/ament_cmake_ros/cmake)
[0.470s] -- Using all available rosidl_typesupport_c: rosidl_typesupport_fastrtps_c;rosidl_typesupport_introspection_c
[0.474s] -- Using all available rosidl_typesupport_cpp: rosidl_typesupport_fastrtps_cpp;rosidl_typesupport_introspection_cpp
[0.491s] -- Found PythonInterp: /usr/bin/python3 (found suitable version "3.8.10", minimum required is "3.5") 
[0.492s] -- Found python_cmake_module: 0.8.1 (/opt/ros/foxy/share/python_cmake_module/cmake)
[0.514s] -- Using PYTHON_EXECUTABLE: /usr/bin/python3
[0.514s] -- Using PYTHON_INCLUDE_DIRS: /usr/include/python3.8
[0.514s] -- Using PYTHON_LIBRARIES: /usr/lib/x86_64-linux-gnu/libpython3.8.so
[0.524s] -- Found rclcpp: 2.4.2 (/opt/ros/foxy/share/rclcpp/cmake)
[0.553s] -- Found rmw_implementation_cmake: 1.0.3 (/opt/ros/foxy/share/rmw_implementation_cmake/cmake)
[0.554s] -- Using RMW implementation 'rmw_fastrtps_cpp' as default
[0.643s] -- Configuring done
[0.660s] -- Generating done
[0.662s] -- Build files have been written to: /home/malacoda/ros2_ws/build/more_interfaces
[0.684s] [  3%] [34m[1mGenerating C code for ROS interfaces[0m
[0.694s] [  6%] [34m[1mGenerating C++ code for ROS interfaces[0m
[0.823s] [35m[1mScanning dependencies of target more_interfaces__rosidl_generator_c[0m
[0.825s] [  6%] Built target more_interfaces__cpp
[0.832s] [  9%] [32mBuilding C object CMakeFiles/more_interfaces__rosidl_generator_c.dir/rosidl_generator_c/more_interfaces/msg/detail/address_book__functions.c.o[0m
[0.833s] [ 12%] [34m[1mGenerating C++ introspection for ROS interfaces[0m
[0.834s] [ 15%] [34m[1mGenerating C++ type support for eProsima Fast-RTPS[0m
[0.835s] [ 18%] [34m[1mGenerating C++ type support dispatch for ROS interfaces[0m
[0.839s] In file included from [01m[K/home/malacoda/ros2_ws/build/more_interfaces/rosidl_generator_c/more_interfaces/msg/detail/address_book__functions.h:19[m[K,
[0.839s]                  from [01m[K/home/malacoda/ros2_ws/build/more_interfaces/rosidl_generator_c/more_interfaces/msg/detail/address_book__functions.c:4[m[K:
[0.839s] [01m[K/home/malacoda/ros2_ws/build/more_interfaces/rosidl_generator_c/more_interfaces/msg/detail/address_book__struct.h:22:10:[m[K [01;31m[Kfatal error: [m[Krosidl_tutorials_msgs/msg/detail/contact__struct.h: No such file or directory
[0.839s]    22 | #include [01;31m[K"rosidl_tutorials_msgs/msg/detail/contact__struct.h"[m[K
[0.839s]       |          [01;31m[K^~~~~~~~~~~~~~~~~~~~~~~~~~~~~~~~~~~~~~~~~~~~~~~~~~~~[m[K
[0.839s] compilation terminated.
[0.840s] make[2]: *** [CMakeFiles/more_interfaces__rosidl_generator_c.dir/build.make:92: CMakeFiles/more_interfaces__rosidl_generator_c.dir/rosidl_generator_c/more_interfaces/msg/detail/address_book__functions.c.o] Error 1
[0.840s] make[1]: *** [CMakeFiles/Makefile2:389: CMakeFiles/more_interfaces__rosidl_generator_c.dir/all] Error 2
[0.840s] make[1]: *** Waiting for unfinished jobs....
[0.946s] [35m[1mScanning dependencies of target more_interfaces__rosidl_typesupport_cpp[0m
[0.954s] [ 21%] [32mBuilding CXX object CMakeFiles/more_interfaces__rosidl_typesupport_cpp.dir/rosidl_typesupport_cpp/more_interfaces/msg/address_book__type_support.cpp.o[0m
[0.955s] [35m[1mScanning dependencies of target more_interfaces__rosidl_typesupport_introspection_cpp[0m
[0.963s] [35m[1mScanning dependencies of target more_interfaces__rosidl_typesupport_fastrtps_cpp[0m
[0.965s] [ 24%] [32mBuilding CXX object CMakeFiles/more_interfaces__rosidl_typesupport_introspection_cpp.dir/rosidl_typesupport_introspection_cpp/more_interfaces/msg/detail/address_book__type_support.cpp.o[0m
[0.972s] [ 27%] [32mBuilding CXX object CMakeFiles/more_interfaces__rosidl_typesupport_fastrtps_cpp.dir/rosidl_typesupport_fastrtps_cpp/more_interfaces/msg/detail/dds_fastrtps/address_book__type_support.cpp.o[0m
[0.983s] In file included from [01m[K/home/malacoda/ros2_ws/build/more_interfaces/rosidl_typesupport_cpp/more_interfaces/msg/address_book__type_support.cpp:7[m[K:
[0.983s] [01m[K/home/malacoda/ros2_ws/build/more_interfaces/rosidl_generator_cpp/more_interfaces/msg/detail/address_book__struct.hpp:19:10:[m[K [01;31m[Kfatal error: [m[Krosidl_tutorials_msgs/msg/detail/contact__struct.hpp: No such file or directory
[0.983s]    19 | #include [01;31m[K"rosidl_tutorials_msgs/msg/detail/contact__struct.hpp"[m[K
[0.983s]       |          [01;31m[K^~~~~~~~~~~~~~~~~~~~~~~~~~~~~~~~~~~~~~~~~~~~~~~~~~~~~~[m[K
[0.983s] compilation terminated.
[0.983s] make[2]: *** [CMakeFiles/more_interfaces__rosidl_typesupport_cpp.dir/build.make:73: CMakeFiles/more_interfaces__rosidl_typesupport_cpp.dir/rosidl_typesupport_cpp/more_interfaces/msg/address_book__type_support.cpp.o] Error 1
[0.983s] make[1]: *** [CMakeFiles/Makefile2:246: CMakeFiles/more_interfaces__rosidl_typesupport_cpp.dir/all] Error 2
[0.994s] In file included from [01m[K/home/malacoda/ros2_ws/build/more_interfaces/rosidl_typesupport_introspection_cpp/more_interfaces/msg/detail/address_book__type_support.cpp:12[m[K:
[0.995s] [01m[K/home/malacoda/ros2_ws/build/more_interfaces/rosidl_generator_cpp/more_interfaces/msg/detail/address_book__struct.hpp:19:10:[m[K [01;31m[Kfatal error: [m[Krosidl_tutorials_msgs/msg/detail/contact__struct.hpp: No such file or directory
[0.995s]    19 | #include [01;31m[K"rosidl_tutorials_msgs/msg/detail/contact__struct.hpp"[m[K
[0.995s]       |          [01;31m[K^~~~~~~~~~~~~~~~~~~~~~~~~~~~~~~~~~~~~~~~~~~~~~~~~~~~~~[m[K
[0.995s] compilation terminated.
[0.995s] make[2]: *** [CMakeFiles/more_interfaces__rosidl_typesupport_introspection_cpp.dir/build.make:78: CMakeFiles/more_interfaces__rosidl_typesupport_introspection_cpp.dir/rosidl_typesupport_introspection_cpp/more_interfaces/msg/detail/address_book__type_support.cpp.o] Error 1
[0.995s] make[1]: *** [CMakeFiles/Makefile2:556: CMakeFiles/more_interfaces__rosidl_typesupport_introspection_cpp.dir/all] Error 2
[0.996s] In file included from [01m[K/home/malacoda/ros2_ws/build/more_interfaces/rosidl_typesupport_fastrtps_cpp/more_interfaces/msg/detail/address_book__rosidl_typesupport_fastrtps_cpp.hpp:11[m[K,
[0.996s]                  from [01m[K/home/malacoda/ros2_ws/build/more_interfaces/rosidl_typesupport_fastrtps_cpp/more_interfaces/msg/detail/dds_fastrtps/address_book__type_support.cpp:4[m[K:
[0.996s] [01m[K/home/malacoda/ros2_ws/build/more_interfaces/rosidl_generator_cpp/more_interfaces/msg/detail/address_book__struct.hpp:19:10:[m[K [01;31m[Kfatal error: [m[Krosidl_tutorials_msgs/msg/detail/contact__struct.hpp: No such file or directory
[0.996s]    19 | #include [01;31m[K"rosidl_tutorials_msgs/msg/detail/contact__struct.hpp"[m[K
[0.996s]       |          [01;31m[K^~~~~~~~~~~~~~~~~~~~~~~~~~~~~~~~~~~~~~~~~~~~~~~~~~~~~~[m[K
[0.996s] compilation terminated.
[0.997s] make[2]: *** [CMakeFiles/more_interfaces__rosidl_typesupport_fastrtps_cpp.dir/build.make:78: CMakeFiles/more_interfaces__rosidl_typesupport_fastrtps_cpp.dir/rosidl_typesupport_fastrtps_cpp/more_interfaces/msg/detail/dds_fastrtps/address_book__type_support.cpp.o] Error 1
[0.997s] make[1]: *** [CMakeFiles/Makefile2:475: CMakeFiles/more_interfaces__rosidl_typesupport_fastrtps_cpp.dir/all] Error 2
[0.997s] make: *** [Makefile:141: all] Error 2
[0.999s] Invoked command in '/home/malacoda/ros2_ws/build/more_interfaces' returned '2': CMAKE_PREFIX_PATH=${CMAKE_PREFIX_PATH}:/opt/ros/foxy /usr/bin/cmake --build /home/malacoda/ros2_ws/build/more_interfaces -- -j32 -l32
