-- The C compiler identification is GNU 9.4.0
-- The CXX compiler identification is GNU 9.4.0
-- Check for working C compiler: /usr/bin/cc
-- Check for working C compiler: /usr/bin/cc -- works
-- Detecting C compiler ABI info
-- Detecting C compiler ABI info - done
-- Detecting C compile features
-- Detecting C compile features - done
-- Check for working CXX compiler: /usr/bin/c++
-- Check for working CXX compiler: /usr/bin/c++ -- works
-- Detecting CXX compiler ABI info
-- Detecting CXX compiler ABI info - done
-- Detecting CXX compile features
-- Detecting CXX compile features - done
-- Found ament_cmake: 0.9.11 (/opt/ros/foxy/share/ament_cmake/cmake)
-- Found PythonInterp: /usr/bin/python3 (found suitable version "3.8.10", minimum required is "3") 
-- Using PYTHON_EXECUTABLE: /usr/bin/python3
-- Found ament_cmake_ros: 0.9.2 (/opt/ros/foxy/share/ament_cmake_ros/cmake)
-- Found polygon_base: 0.0.0 (/home/malacoda/ros2_ws/install/polygon_base/share/polygon_base/cmake)
-- Found pluginlib: 2.5.4 (/opt/ros/foxy/share/pluginlib/cmake)
CMake Error at CMakeLists.txt:45 (add_library):
  add_library cannot create target "polygon_plugins" because another target
  with the same name already exists.  The existing target is a shared library
  created in source directory "/home/malacoda/ros2_ws/src/polygon_plugins".
  See documentation for policy CMP0002 for more details.


-- Found ament_lint_auto: 0.9.7 (/opt/ros/foxy/share/ament_lint_auto/cmake)
-- Added test 'copyright' to check source files copyright and LICENSE
-- Added test 'cppcheck' to perform static code analysis on C / C++ code
-- Configured cppcheck include dirs: /home/malacoda/ros2_ws/src/polygon_plugins/<BUILD_INTERFACE:/home/malacoda/ros2_ws/src/polygon_plugins/include>;/home/malacoda/ros2_ws/src/polygon_plugins/<INSTALL_INTERFACE:include>;$<BUILD_INTERFACE:/home/malacoda/ros2_ws/src/polygon_plugins/include>
-- Configured cppcheck exclude dirs and/or files: 
-- Added test 'cpplint' to check C / C++ code against the Google style
-- Configured cpplint exclude dirs and/or files: 
-- Added test 'lint_cmake' to check CMake code style
-- Added test 'uncrustify' to check C / C++ code style
-- Configured uncrustify additional arguments: 
-- Added test 'xmllint' to check XML markup files
-- Configuring incomplete, errors occurred!
See also "/home/malacoda/ros2_ws/build/polygon_plugins/CMakeFiles/CMakeOutput.log".
