[0.006s] Invoking command in '/home/malacoda/ros2_ws/build/polygon_plugins': AMENT_PREFIX_PATH=/home/malacoda/ros2_ws/install/polygon_base:${AMENT_PREFIX_PATH} CMAKE_PREFIX_PATH=/home/malacoda/ros2_ws/install/polygon_base:/opt/ros/foxy /usr/bin/cmake /home/malacoda/ros2_ws/src/polygon_plugins -DCMAKE_INSTALL_PREFIX=/home/malacoda/ros2_ws/install/polygon_plugins
[0.054s] -- The C compiler identification is GNU 9.4.0
[0.094s] -- The CXX compiler identification is GNU 9.4.0
[0.099s] -- Check for working C compiler: /usr/bin/cc
[0.159s] -- Check for working C compiler: /usr/bin/cc -- works
[0.160s] -- Detecting C compiler ABI info
[0.220s] -- Detecting C compiler ABI info - done
[0.230s] -- Detecting C compile features
[0.231s] -- Detecting C compile features - done
[0.233s] -- Check for working CXX compiler: /usr/bin/c++
[0.296s] -- Check for working CXX compiler: /usr/bin/c++ -- works
[0.297s] -- Detecting CXX compiler ABI info
[0.359s] -- Detecting CXX compiler ABI info - done
[0.373s] -- Detecting CXX compile features
[0.373s] -- Detecting CXX compile features - done
[0.374s] -- Found ament_cmake: 0.9.11 (/opt/ros/foxy/share/ament_cmake/cmake)
[0.396s] -- Found PythonInterp: /usr/bin/python3 (found suitable version "3.8.10", minimum required is "3") 
[0.396s] -- Using PYTHON_EXECUTABLE: /usr/bin/python3
[0.527s] -- Found ament_cmake_ros: 0.9.2 (/opt/ros/foxy/share/ament_cmake_ros/cmake)
[0.534s] -- Found polygon_base: 0.0.0 (/home/malacoda/ros2_ws/install/polygon_base/share/polygon_base/cmake)
[0.537s] -- Found pluginlib: 2.5.4 (/opt/ros/foxy/share/pluginlib/cmake)
[0.562s] CMake Error at CMakeLists.txt:45 (add_library):
[0.562s]   add_library cannot create target "polygon_plugins" because another target
[0.562s]   with the same name already exists.  The existing target is a shared library
[0.562s]   created in source directory "/home/malacoda/ros2_ws/src/polygon_plugins".
[0.562s]   See documentation for policy CMP0002 for more details.
[0.562s] 
[0.562s] 
[0.563s] -- Found ament_lint_auto: 0.9.7 (/opt/ros/foxy/share/ament_lint_auto/cmake)
[0.616s] -- Added test 'copyright' to check source files copyright and LICENSE
[0.617s] -- Added test 'cppcheck' to perform static code analysis on C / C++ code
[0.617s] -- Configured cppcheck include dirs: /home/malacoda/ros2_ws/src/polygon_plugins/<BUILD_INTERFACE:/home/malacoda/ros2_ws/src/polygon_plugins/include>;/home/malacoda/ros2_ws/src/polygon_plugins/<INSTALL_INTERFACE:include>;$<BUILD_INTERFACE:/home/malacoda/ros2_ws/src/polygon_plugins/include>
[0.617s] -- Configured cppcheck exclude dirs and/or files: 
[0.617s] -- Added test 'cpplint' to check C / C++ code against the Google style
[0.618s] -- Configured cpplint exclude dirs and/or files: 
[0.618s] -- Added test 'lint_cmake' to check CMake code style
[0.618s] -- Added test 'uncrustify' to check C / C++ code style
[0.618s] -- Configured uncrustify additional arguments: 
[0.618s] -- Added test 'xmllint' to check XML markup files
[0.620s] -- Configuring incomplete, errors occurred!
[0.620s] See also "/home/malacoda/ros2_ws/build/polygon_plugins/CMakeFiles/CMakeOutput.log".
[0.625s] Invoked command in '/home/malacoda/ros2_ws/build/polygon_plugins' returned '1': AMENT_PREFIX_PATH=/home/malacoda/ros2_ws/install/polygon_base:${AMENT_PREFIX_PATH} CMAKE_PREFIX_PATH=/home/malacoda/ros2_ws/install/polygon_base:/opt/ros/foxy /usr/bin/cmake /home/malacoda/ros2_ws/src/polygon_plugins -DCMAKE_INSTALL_PREFIX=/home/malacoda/ros2_ws/install/polygon_plugins
