[0.361s] Invoking command in '/home/malacoda/ros2_ws/src/python_parameters': PYTHONPATH=/home/malacoda/ros2_ws/build/python_parameters/prefix_override:/home/malacoda/ros2_ws/install/python_parameters/lib/python3.8/site-packages:${PYTHONPATH} /usr/bin/python3 setup.py egg_info --egg-base ../../build/python_parameters build --build-base /home/malacoda/ros2_ws/build/python_parameters/build install --record /home/malacoda/ros2_ws/build/python_parameters/install.log --install-scripts $base/lib/python_parameters --single-version-externally-managed
[0.487s] running egg_info
[0.487s] writing ../../build/python_parameters/python_parameters.egg-info/PKG-INFO
[0.487s] writing dependency_links to ../../build/python_parameters/python_parameters.egg-info/dependency_links.txt
[0.488s] writing entry points to ../../build/python_parameters/python_parameters.egg-info/entry_points.txt
[0.488s] writing requirements to ../../build/python_parameters/python_parameters.egg-info/requires.txt
[0.488s] writing top-level names to ../../build/python_parameters/python_parameters.egg-info/top_level.txt
[0.508s] reading manifest file '../../build/python_parameters/python_parameters.egg-info/SOURCES.txt'
[0.508s] writing manifest file '../../build/python_parameters/python_parameters.egg-info/SOURCES.txt'
[0.508s] running build
[0.508s] running build_py
[0.508s] running install
[0.509s] running install_lib
[0.509s] running install_data
[0.510s] copying launch/python_parameters_launch.py -> /home/malacoda/ros2_ws/install/python_parameters/share/python_parameters
[0.510s] running install_egg_info
[0.511s] removing '/home/malacoda/ros2_ws/install/python_parameters/lib/python3.8/site-packages/python_parameters-0.0.0-py3.8.egg-info' (and everything under it)
[0.511s] Copying ../../build/python_parameters/python_parameters.egg-info to /home/malacoda/ros2_ws/install/python_parameters/lib/python3.8/site-packages/python_parameters-0.0.0-py3.8.egg-info
[0.511s] running install_scripts
[0.520s] Installing py_minimal_param_node script to /home/malacoda/ros2_ws/install/python_parameters/lib/python_parameters
[0.520s] writing list of installed files to '/home/malacoda/ros2_ws/build/python_parameters/install.log'
[0.532s] Invoked command in '/home/malacoda/ros2_ws/src/python_parameters' returned '0': PYTHONPATH=/home/malacoda/ros2_ws/build/python_parameters/prefix_override:/home/malacoda/ros2_ws/install/python_parameters/lib/python3.8/site-packages:${PYTHONPATH} /usr/bin/python3 setup.py egg_info --egg-base ../../build/python_parameters build --build-base /home/malacoda/ros2_ws/build/python_parameters/build install --record /home/malacoda/ros2_ws/build/python_parameters/install.log --install-scripts $base/lib/python_parameters --single-version-externally-managed
