[0.373s] Invoking command in '/home/malacoda/ros2_ws/src/my_package': PYTHONPATH=/home/malacoda/ros2_ws/src/build/my_package/prefix_override:/home/malacoda/ros2_ws/src/install/my_package/lib/python3.8/site-packages:${PYTHONPATH} /usr/bin/python3 setup.py egg_info --egg-base ../build/my_package build --build-base /home/malacoda/ros2_ws/src/build/my_package/build install --record /home/malacoda/ros2_ws/src/build/my_package/install.log --install-scripts $base/lib/my_package --single-version-externally-managed
[0.500s] running egg_info
[0.500s] creating ../build/my_package/my_package.egg-info
[0.500s] writing ../build/my_package/my_package.egg-info/PKG-INFO
[0.500s] writing dependency_links to ../build/my_package/my_package.egg-info/dependency_links.txt
[0.500s] writing entry points to ../build/my_package/my_package.egg-info/entry_points.txt
[0.500s] writing requirements to ../build/my_package/my_package.egg-info/requires.txt
[0.500s] writing top-level names to ../build/my_package/my_package.egg-info/top_level.txt
[0.501s] writing manifest file '../build/my_package/my_package.egg-info/SOURCES.txt'
[0.521s] reading manifest file '../build/my_package/my_package.egg-info/SOURCES.txt'
[0.521s] writing manifest file '../build/my_package/my_package.egg-info/SOURCES.txt'
[0.521s] running build
[0.521s] running build_py
[0.521s] creating /home/malacoda/ros2_ws/src/build/my_package/build
[0.521s] creating /home/malacoda/ros2_ws/src/build/my_package/build/lib
[0.521s] creating /home/malacoda/ros2_ws/src/build/my_package/build/lib/my_package
[0.521s] copying my_package/my_node.py -> /home/malacoda/ros2_ws/src/build/my_package/build/lib/my_package
[0.521s] copying my_package/__init__.py -> /home/malacoda/ros2_ws/src/build/my_package/build/lib/my_package
[0.521s] running install
[0.522s] running install_lib
[0.522s] creating /home/malacoda/ros2_ws/src/install/my_package/lib/python3.8/site-packages/my_package
[0.522s] copying /home/malacoda/ros2_ws/src/build/my_package/build/lib/my_package/my_node.py -> /home/malacoda/ros2_ws/src/install/my_package/lib/python3.8/site-packages/my_package
[0.522s] copying /home/malacoda/ros2_ws/src/build/my_package/build/lib/my_package/__init__.py -> /home/malacoda/ros2_ws/src/install/my_package/lib/python3.8/site-packages/my_package
[0.522s] byte-compiling /home/malacoda/ros2_ws/src/install/my_package/lib/python3.8/site-packages/my_package/my_node.py to my_node.cpython-38.pyc
[0.523s] byte-compiling /home/malacoda/ros2_ws/src/install/my_package/lib/python3.8/site-packages/my_package/__init__.py to __init__.cpython-38.pyc
[0.523s] running install_data
[0.523s] creating /home/malacoda/ros2_ws/src/install/my_package/share/ament_index
[0.523s] creating /home/malacoda/ros2_ws/src/install/my_package/share/ament_index/resource_index
[0.523s] creating /home/malacoda/ros2_ws/src/install/my_package/share/ament_index/resource_index/packages
[0.524s] copying resource/my_package -> /home/malacoda/ros2_ws/src/install/my_package/share/ament_index/resource_index/packages
[0.524s] copying package.xml -> /home/malacoda/ros2_ws/src/install/my_package/share/my_package
[0.524s] running install_egg_info
[0.524s] Copying ../build/my_package/my_package.egg-info to /home/malacoda/ros2_ws/src/install/my_package/lib/python3.8/site-packages/my_package-0.0.0-py3.8.egg-info
[0.525s] running install_scripts
[0.534s] Installing my_node script to /home/malacoda/ros2_ws/src/install/my_package/lib/my_package
[0.534s] writing list of installed files to '/home/malacoda/ros2_ws/src/build/my_package/install.log'
[0.545s] Invoked command in '/home/malacoda/ros2_ws/src/my_package' returned '0': PYTHONPATH=/home/malacoda/ros2_ws/src/build/my_package/prefix_override:/home/malacoda/ros2_ws/src/install/my_package/lib/python3.8/site-packages:${PYTHONPATH} /usr/bin/python3 setup.py egg_info --egg-base ../build/my_package build --build-base /home/malacoda/ros2_ws/src/build/my_package/build install --record /home/malacoda/ros2_ws/src/build/my_package/install.log --install-scripts $base/lib/my_package --single-version-externally-managed
